[0.035s] Invoking command in '/home/bryant/ws/build/ur': CMAKE_PREFIX_PATH=/home/bryant/ws/install/ur_calibration:/home/bryant/ws/install/ur_robot_driver:/home/bryant/ws/install/ur_moveit_config:/home/bryant/ws/install/ur_controllers:/home/bryant/ws/install/ur_description:/home/bryant/ws/install/ur_dashboard_msgs:/home/bryant/ws/install/weld_path_planner:/home/bryant/ws/install/ur_simulation_gazebo:/home/bryant/ws/install/ur:/home/bryant/ws/install/ur_bringup:/opt/ros/humble /usr/bin/cmake --build /home/bryant/ws/build/ur -- -j6 -l6
[0.082s] Invoked command in '/home/bryant/ws/build/ur' returned '0': CMAKE_PREFIX_PATH=/home/bryant/ws/install/ur_calibration:/home/bryant/ws/install/ur_robot_driver:/home/bryant/ws/install/ur_moveit_config:/home/bryant/ws/install/ur_controllers:/home/bryant/ws/install/ur_description:/home/bryant/ws/install/ur_dashboard_msgs:/home/bryant/ws/install/weld_path_planner:/home/bryant/ws/install/ur_simulation_gazebo:/home/bryant/ws/install/ur:/home/bryant/ws/install/ur_bringup:/opt/ros/humble /usr/bin/cmake --build /home/bryant/ws/build/ur -- -j6 -l6
[0.085s] Invoking command in '/home/bryant/ws/build/ur': CMAKE_PREFIX_PATH=/home/bryant/ws/install/ur_calibration:/home/bryant/ws/install/ur_robot_driver:/home/bryant/ws/install/ur_moveit_config:/home/bryant/ws/install/ur_controllers:/home/bryant/ws/install/ur_description:/home/bryant/ws/install/ur_dashboard_msgs:/home/bryant/ws/install/weld_path_planner:/home/bryant/ws/install/ur_simulation_gazebo:/home/bryant/ws/install/ur:/home/bryant/ws/install/ur_bringup:/opt/ros/humble /usr/bin/cmake --install /home/bryant/ws/build/ur
[0.093s] -- Install configuration: ""
[0.093s] -- Up-to-date: /home/bryant/ws/install/ur/share/ament_index/resource_index/package_run_dependencies/ur
[0.095s] -- Up-to-date: /home/bryant/ws/install/ur/share/ament_index/resource_index/parent_prefix_path/ur
[0.095s] -- Up-to-date: /home/bryant/ws/install/ur/share/ur/environment/ament_prefix_path.sh
[0.095s] -- Up-to-date: /home/bryant/ws/install/ur/share/ur/environment/ament_prefix_path.dsv
[0.095s] -- Up-to-date: /home/bryant/ws/install/ur/share/ur/environment/path.sh
[0.095s] -- Up-to-date: /home/bryant/ws/install/ur/share/ur/environment/path.dsv
[0.095s] -- Up-to-date: /home/bryant/ws/install/ur/share/ur/local_setup.bash
[0.096s] -- Up-to-date: /home/bryant/ws/install/ur/share/ur/local_setup.sh
[0.096s] -- Up-to-date: /home/bryant/ws/install/ur/share/ur/local_setup.zsh
[0.096s] -- Up-to-date: /home/bryant/ws/install/ur/share/ur/local_setup.dsv
[0.096s] -- Up-to-date: /home/bryant/ws/install/ur/share/ur/package.dsv
[0.096s] -- Up-to-date: /home/bryant/ws/install/ur/share/ament_index/resource_index/packages/ur
[0.096s] -- Up-to-date: /home/bryant/ws/install/ur/share/ur/cmake/urConfig.cmake
[0.096s] -- Up-to-date: /home/bryant/ws/install/ur/share/ur/cmake/urConfig-version.cmake
[0.096s] -- Up-to-date: /home/bryant/ws/install/ur/share/ur/package.xml
[0.099s] Invoked command in '/home/bryant/ws/build/ur' returned '0': CMAKE_PREFIX_PATH=/home/bryant/ws/install/ur_calibration:/home/bryant/ws/install/ur_robot_driver:/home/bryant/ws/install/ur_moveit_config:/home/bryant/ws/install/ur_controllers:/home/bryant/ws/install/ur_description:/home/bryant/ws/install/ur_dashboard_msgs:/home/bryant/ws/install/weld_path_planner:/home/bryant/ws/install/ur_simulation_gazebo:/home/bryant/ws/install/ur:/home/bryant/ws/install/ur_bringup:/opt/ros/humble /usr/bin/cmake --install /home/bryant/ws/build/ur
