[0.025s] Invoking command in '/home/bryant/ws/build/ur_bringup': CMAKE_PREFIX_PATH=/home/bryant/ws/install/ur_controllers:/home/bryant/ws/install/ur_description:/home/bryant/ws/install/ur_dashboard_msgs:/home/bryant/ws/install/warehouse_ros_mongo:/home/bryant/ws/install/warehouse_ros:/home/bryant/ws/install/ur_simulation_gz:/home/bryant/ws/install/ur:/home/bryant/ws/install/ur_calibration:/home/bryant/ws/install/ur_robot_driver:/home/bryant/ws/install/ur_bringup:/home/bryant/ws/install/ur_moveit_config:/home/bryant/ws/install/ur10_moveit_config:/opt/ros/humble LD_LIBRARY_PATH=/home/bryant/ws/install/ur_controllers/lib:/home/bryant/ws/install/ur_dashboard_msgs/lib:/home/bryant/ws/install/warehouse_ros_mongo/lib:/home/bryant/ws/install/warehouse_ros/lib:/home/bryant/ws/install/ur_robot_driver/lib:/usr/lib/x86_64-linux-gnu/gazebo-11/plugins:/opt/ros/humble/opt/rviz_ogre_vendor/lib:/opt/ros/humble/lib/x86_64-linux-gnu:/opt/ros/humble/lib /usr/bin/cmake /home/bryant/ws/src/Universal_Robots_ROS2_Driver/ur_bringup -DCMAKE_BUILD_TYPE=Release -DAMENT_CMAKE_SYMLINK_INSTALL=1 -DCMAKE_INSTALL_PREFIX=/home/bryant/ws/install/ur_bringup
[0.089s] -- The C compiler identification is GNU 11.4.0
[0.156s] -- The CXX compiler identification is GNU 11.4.0
[0.165s] -- Detecting C compiler ABI info
[0.248s] -- Detecting C compiler ABI info - done
[0.255s] -- Check for working C compiler: /usr/bin/cc - skipped
[0.256s] -- Detecting C compile features
[0.256s] -- Detecting C compile features - done
[0.258s] -- Detecting CXX compiler ABI info
[0.357s] -- Detecting CXX compiler ABI info - done
[0.365s] -- Check for working CXX compiler: /usr/bin/c++ - skipped
[0.365s] -- Detecting CXX compile features
[0.365s] -- Detecting CXX compile features - done
[0.368s] -- Found ament_cmake: 1.3.11 (/opt/ros/humble/share/ament_cmake/cmake)
[0.513s] -- Found Python3: /usr/bin/python3 (found version "3.10.12") found components: Interpreter 
[0.573s] -- Override CMake install command with custom implementation using symlinks instead of copying resources
[0.674s] -- Configuring done
[0.677s] -- Generating done
[0.679s] -- Build files have been written to: /home/bryant/ws/build/ur_bringup
[0.683s] Invoked command in '/home/bryant/ws/build/ur_bringup' returned '0': CMAKE_PREFIX_PATH=/home/bryant/ws/install/ur_controllers:/home/bryant/ws/install/ur_description:/home/bryant/ws/install/ur_dashboard_msgs:/home/bryant/ws/install/warehouse_ros_mongo:/home/bryant/ws/install/warehouse_ros:/home/bryant/ws/install/ur_simulation_gz:/home/bryant/ws/install/ur:/home/bryant/ws/install/ur_calibration:/home/bryant/ws/install/ur_robot_driver:/home/bryant/ws/install/ur_bringup:/home/bryant/ws/install/ur_moveit_config:/home/bryant/ws/install/ur10_moveit_config:/opt/ros/humble LD_LIBRARY_PATH=/home/bryant/ws/install/ur_controllers/lib:/home/bryant/ws/install/ur_dashboard_msgs/lib:/home/bryant/ws/install/warehouse_ros_mongo/lib:/home/bryant/ws/install/warehouse_ros/lib:/home/bryant/ws/install/ur_robot_driver/lib:/usr/lib/x86_64-linux-gnu/gazebo-11/plugins:/opt/ros/humble/opt/rviz_ogre_vendor/lib:/opt/ros/humble/lib/x86_64-linux-gnu:/opt/ros/humble/lib /usr/bin/cmake /home/bryant/ws/src/Universal_Robots_ROS2_Driver/ur_bringup -DCMAKE_BUILD_TYPE=Release -DAMENT_CMAKE_SYMLINK_INSTALL=1 -DCMAKE_INSTALL_PREFIX=/home/bryant/ws/install/ur_bringup
[0.685s] Invoking command in '/home/bryant/ws/build/ur_bringup': CMAKE_PREFIX_PATH=/home/bryant/ws/install/ur_controllers:/home/bryant/ws/install/ur_description:/home/bryant/ws/install/ur_dashboard_msgs:/home/bryant/ws/install/warehouse_ros_mongo:/home/bryant/ws/install/warehouse_ros:/home/bryant/ws/install/ur_simulation_gz:/home/bryant/ws/install/ur:/home/bryant/ws/install/ur_calibration:/home/bryant/ws/install/ur_robot_driver:/home/bryant/ws/install/ur_bringup:/home/bryant/ws/install/ur_moveit_config:/home/bryant/ws/install/ur10_moveit_config:/opt/ros/humble LD_LIBRARY_PATH=/home/bryant/ws/install/ur_controllers/lib:/home/bryant/ws/install/ur_dashboard_msgs/lib:/home/bryant/ws/install/warehouse_ros_mongo/lib:/home/bryant/ws/install/warehouse_ros/lib:/home/bryant/ws/install/ur_robot_driver/lib:/usr/lib/x86_64-linux-gnu/gazebo-11/plugins:/opt/ros/humble/opt/rviz_ogre_vendor/lib:/opt/ros/humble/lib/x86_64-linux-gnu:/opt/ros/humble/lib /usr/bin/cmake --build /home/bryant/ws/build/ur_bringup -- -j6 -l6
[0.737s] Invoked command in '/home/bryant/ws/build/ur_bringup' returned '0': CMAKE_PREFIX_PATH=/home/bryant/ws/install/ur_controllers:/home/bryant/ws/install/ur_description:/home/bryant/ws/install/ur_dashboard_msgs:/home/bryant/ws/install/warehouse_ros_mongo:/home/bryant/ws/install/warehouse_ros:/home/bryant/ws/install/ur_simulation_gz:/home/bryant/ws/install/ur:/home/bryant/ws/install/ur_calibration:/home/bryant/ws/install/ur_robot_driver:/home/bryant/ws/install/ur_bringup:/home/bryant/ws/install/ur_moveit_config:/home/bryant/ws/install/ur10_moveit_config:/opt/ros/humble LD_LIBRARY_PATH=/home/bryant/ws/install/ur_controllers/lib:/home/bryant/ws/install/ur_dashboard_msgs/lib:/home/bryant/ws/install/warehouse_ros_mongo/lib:/home/bryant/ws/install/warehouse_ros/lib:/home/bryant/ws/install/ur_robot_driver/lib:/usr/lib/x86_64-linux-gnu/gazebo-11/plugins:/opt/ros/humble/opt/rviz_ogre_vendor/lib:/opt/ros/humble/lib/x86_64-linux-gnu:/opt/ros/humble/lib /usr/bin/cmake --build /home/bryant/ws/build/ur_bringup -- -j6 -l6
[0.739s] Invoking command in '/home/bryant/ws/build/ur_bringup': CMAKE_PREFIX_PATH=/home/bryant/ws/install/ur_controllers:/home/bryant/ws/install/ur_description:/home/bryant/ws/install/ur_dashboard_msgs:/home/bryant/ws/install/warehouse_ros_mongo:/home/bryant/ws/install/warehouse_ros:/home/bryant/ws/install/ur_simulation_gz:/home/bryant/ws/install/ur:/home/bryant/ws/install/ur_calibration:/home/bryant/ws/install/ur_robot_driver:/home/bryant/ws/install/ur_bringup:/home/bryant/ws/install/ur_moveit_config:/home/bryant/ws/install/ur10_moveit_config:/opt/ros/humble LD_LIBRARY_PATH=/home/bryant/ws/install/ur_controllers/lib:/home/bryant/ws/install/ur_dashboard_msgs/lib:/home/bryant/ws/install/warehouse_ros_mongo/lib:/home/bryant/ws/install/warehouse_ros/lib:/home/bryant/ws/install/ur_robot_driver/lib:/usr/lib/x86_64-linux-gnu/gazebo-11/plugins:/opt/ros/humble/opt/rviz_ogre_vendor/lib:/opt/ros/humble/lib/x86_64-linux-gnu:/opt/ros/humble/lib /usr/bin/cmake --install /home/bryant/ws/build/ur_bringup
[0.748s] -- Install configuration: "Release"
[0.749s] -- Execute custom install script
[0.749s] -- Symlinking: /home/bryant/ws/install/ur_bringup/share/ur_bringup/config/test_goal_publishers_config.yaml
[0.770s] -- Symlinking: /home/bryant/ws/install/ur_bringup/share/ur_bringup/config/test_velocity_goal_publishers_config.yaml
[0.771s] -- Symlinking: /home/bryant/ws/install/ur_bringup/share/ur_bringup/config/ur10_update_rate.yaml
[0.782s] -- Symlinking: /home/bryant/ws/install/ur_bringup/share/ur_bringup/config/ur10e_update_rate.yaml
[0.793s] -- Symlinking: /home/bryant/ws/install/ur_bringup/share/ur_bringup/config/ur16e_update_rate.yaml
[0.804s] -- Symlinking: /home/bryant/ws/install/ur_bringup/share/ur_bringup/config/ur3_update_rate.yaml
[0.814s] -- Symlinking: /home/bryant/ws/install/ur_bringup/share/ur_bringup/config/ur3e_update_rate.yaml
[0.825s] -- Symlinking: /home/bryant/ws/install/ur_bringup/share/ur_bringup/config/ur5_update_rate.yaml
[0.835s] -- Symlinking: /home/bryant/ws/install/ur_bringup/share/ur_bringup/config/ur5e_update_rate.yaml
[0.847s] -- Symlinking: /home/bryant/ws/install/ur_bringup/share/ur_bringup/config/ur_controllers.yaml
[0.858s] -- Symlinking: /home/bryant/ws/install/ur_bringup/share/ur_bringup/launch/test_forward_velocity_controller.launch.py
[0.868s] -- Symlinking: /home/bryant/ws/install/ur_bringup/share/ur_bringup/launch/test_joint_trajectory_controller.launch.py
[0.879s] -- Symlinking: /home/bryant/ws/install/ur_bringup/share/ur_bringup/launch/test_scaled_joint_trajectory_controller.launch.py
[0.889s] -- Symlinking: /home/bryant/ws/install/ur_bringup/share/ur_bringup/launch/ur10.launch.py
[0.899s] -- Symlinking: /home/bryant/ws/install/ur_bringup/share/ur_bringup/launch/ur10e.launch.py
[0.910s] -- Symlinking: /home/bryant/ws/install/ur_bringup/share/ur_bringup/launch/ur16e.launch.py
[0.922s] -- Symlinking: /home/bryant/ws/install/ur_bringup/share/ur_bringup/launch/ur3.launch.py
[0.935s] -- Symlinking: /home/bryant/ws/install/ur_bringup/share/ur_bringup/launch/ur3e.launch.py
[0.946s] -- Symlinking: /home/bryant/ws/install/ur_bringup/share/ur_bringup/launch/ur5.launch.py
[0.957s] -- Symlinking: /home/bryant/ws/install/ur_bringup/share/ur_bringup/launch/ur5e.launch.py
[0.969s] -- Symlinking: /home/bryant/ws/install/ur_bringup/share/ur_bringup/launch/ur_control.launch.py
[0.980s] -- Symlinking: /home/bryant/ws/install/ur_bringup/share/ur_bringup/launch/ur_dashboard_client.launch.py
[0.994s] -- Symlinking: /home/bryant/ws/install/ur_bringup/lib/ur_bringup/start_ursim.sh
[1.004s] -- Symlinking: /home/bryant/ws/install/ur_bringup/share/ament_index/resource_index/package_run_dependencies/ur_bringup
[1.017s] -- Symlinking: /home/bryant/ws/install/ur_bringup/share/ament_index/resource_index/parent_prefix_path/ur_bringup
[1.027s] -- Symlinking: /home/bryant/ws/install/ur_bringup/share/ur_bringup/environment/ament_prefix_path.sh
[1.037s] -- Symlinking: /home/bryant/ws/install/ur_bringup/share/ur_bringup/environment/ament_prefix_path.dsv
[1.049s] -- Symlinking: /home/bryant/ws/install/ur_bringup/share/ur_bringup/environment/path.sh
[1.061s] -- Symlinking: /home/bryant/ws/install/ur_bringup/share/ur_bringup/environment/path.dsv
[1.070s] -- Symlinking: /home/bryant/ws/install/ur_bringup/share/ur_bringup/local_setup.bash
[1.083s] -- Symlinking: /home/bryant/ws/install/ur_bringup/share/ur_bringup/local_setup.sh
[1.095s] -- Symlinking: /home/bryant/ws/install/ur_bringup/share/ur_bringup/local_setup.zsh
[1.107s] -- Symlinking: /home/bryant/ws/install/ur_bringup/share/ur_bringup/local_setup.dsv
[1.119s] -- Symlinking: /home/bryant/ws/install/ur_bringup/share/ur_bringup/package.dsv
[1.130s] -- Symlinking: /home/bryant/ws/install/ur_bringup/share/ament_index/resource_index/packages/ur_bringup
[1.141s] -- Symlinking: /home/bryant/ws/install/ur_bringup/share/ur_bringup/cmake/ur_bringupConfig.cmake
[1.153s] -- Symlinking: /home/bryant/ws/install/ur_bringup/share/ur_bringup/cmake/ur_bringupConfig-version.cmake
[1.164s] -- Symlinking: /home/bryant/ws/install/ur_bringup/share/ur_bringup/package.xml
[1.179s] Invoked command in '/home/bryant/ws/build/ur_bringup' returned '0': CMAKE_PREFIX_PATH=/home/bryant/ws/install/ur_controllers:/home/bryant/ws/install/ur_description:/home/bryant/ws/install/ur_dashboard_msgs:/home/bryant/ws/install/warehouse_ros_mongo:/home/bryant/ws/install/warehouse_ros:/home/bryant/ws/install/ur_simulation_gz:/home/bryant/ws/install/ur:/home/bryant/ws/install/ur_calibration:/home/bryant/ws/install/ur_robot_driver:/home/bryant/ws/install/ur_bringup:/home/bryant/ws/install/ur_moveit_config:/home/bryant/ws/install/ur10_moveit_config:/opt/ros/humble LD_LIBRARY_PATH=/home/bryant/ws/install/ur_controllers/lib:/home/bryant/ws/install/ur_dashboard_msgs/lib:/home/bryant/ws/install/warehouse_ros_mongo/lib:/home/bryant/ws/install/warehouse_ros/lib:/home/bryant/ws/install/ur_robot_driver/lib:/usr/lib/x86_64-linux-gnu/gazebo-11/plugins:/opt/ros/humble/opt/rviz_ogre_vendor/lib:/opt/ros/humble/lib/x86_64-linux-gnu:/opt/ros/humble/lib /usr/bin/cmake --install /home/bryant/ws/build/ur_bringup
