[0.023s] Invoking command in '/home/bryant/ws/build/ur_calibration': CMAKE_PREFIX_PATH=/home/bryant/ws/install/ur_robot_driver:/home/bryant/ws/install/ur_controllers:/home/bryant/ws/install/ur_description:/home/bryant/ws/install/ur_dashboard_msgs:/home/bryant/ws/install/weld_path_planner:/home/bryant/ws/install/ur_simulation_gazebo:/home/bryant/ws/install/ur:/home/bryant/ws/install/ur_calibration:/home/bryant/ws/install/ur_moveit_config:/home/bryant/ws/install/ur_bringup:/opt/ros/humble /usr/bin/cmake /home/bryant/ws/src/Universal_Robots_ROS2_Driver/ur_calibration -DCMAKE_INSTALL_PREFIX=/home/bryant/ws/install/ur_calibration
[0.090s] -- The C compiler identification is GNU 11.4.0
[0.156s] -- The CXX compiler identification is GNU 11.4.0
[0.164s] -- Detecting C compiler ABI info
[0.258s] -- Detecting C compiler ABI info - done
[0.264s] -- Check for working C compiler: /usr/bin/cc - skipped
[0.265s] -- Detecting C compile features
[0.265s] -- Detecting C compile features - done
[0.268s] -- Detecting CXX compiler ABI info
[0.365s] -- Detecting CXX compiler ABI info - done
[0.372s] -- Check for working CXX compiler: /usr/bin/c++ - skipped
[0.373s] -- Detecting CXX compile features
[0.373s] -- Detecting CXX compile features - done
[0.374s] [0mur_calibration: You did not request a specific build type: selecting 'RelWithDebInfo'.[0m
[0.378s] -- Found ament_cmake: 1.3.11 (/opt/ros/humble/share/ament_cmake/cmake)
[0.525s] -- Found Python3: /usr/bin/python3 (found version "3.10.12") found components: Interpreter 
[0.627s] -- Found rclcpp: 16.0.11 (/opt/ros/humble/share/rclcpp/cmake)
[0.679s] -- Found rosidl_generator_c: 3.1.6 (/opt/ros/humble/share/rosidl_generator_c/cmake)
[0.687s] -- Found rosidl_adapter: 3.1.6 (/opt/ros/humble/share/rosidl_adapter/cmake)
[0.696s] -- Found rosidl_generator_cpp: 3.1.6 (/opt/ros/humble/share/rosidl_generator_cpp/cmake)
[0.709s] -- Using all available rosidl_typesupport_c: rosidl_typesupport_fastrtps_c;rosidl_typesupport_introspection_c
[0.726s] -- Using all available rosidl_typesupport_cpp: rosidl_typesupport_fastrtps_cpp;rosidl_typesupport_introspection_cpp
[0.777s] -- Found rmw_implementation_cmake: 6.1.2 (/opt/ros/humble/share/rmw_implementation_cmake/cmake)
[0.781s] -- Found rmw_fastrtps_cpp: 6.2.7 (/opt/ros/humble/share/rmw_fastrtps_cpp/cmake)
[0.898s] -- Found OpenSSL: /usr/lib/x86_64-linux-gnu/libcrypto.so (found version "3.0.2")  
[0.924s] -- Found FastRTPS: /opt/ros/humble/include  
[0.973s] -- Using RMW implementation 'rmw_fastrtps_cpp' as default
[0.985s] -- Looking for pthread.h
[1.074s] -- Looking for pthread.h - found
[1.075s] -- Performing Test CMAKE_HAVE_LIBC_PTHREAD
[1.166s] -- Performing Test CMAKE_HAVE_LIBC_PTHREAD - Success
[1.168s] -- Found Threads: TRUE  
[1.219s] -- Found ur_robot_driver: 2.5.2 (/home/bryant/ws/install/ur_robot_driver/share/ur_robot_driver/cmake)
[1.454s] -- Found eigen3_cmake_module: 0.1.1 (/opt/ros/humble/share/eigen3_cmake_module/cmake)
[1.455s] -- Found Eigen3: TRUE (found version "3.4.0") 
[1.455s] -- Ensuring Eigen3 include directory is part of orocos-kdl CMake target
[1.589s] -- Found ament_cmake_gmock: 1.3.11 (/opt/ros/humble/share/ament_cmake_gmock/cmake)
[1.592s] -- Found gmock sources under '/opt/ros/humble/src/gmock_vendor': C++ tests using 'Google Mock' will be built
[1.598s] -- Found ament_cmake_gtest: 1.3.11 (/opt/ros/humble/share/ament_cmake_gtest/cmake)
[1.600s] -- Found gtest sources under '/opt/ros/humble/src/gtest_vendor': C++ tests using 'Google Test' will be built
[1.658s] -- Configuring done
[1.772s] -- Generating done
[1.785s] -- Build files have been written to: /home/bryant/ws/build/ur_calibration
[1.799s] Invoked command in '/home/bryant/ws/build/ur_calibration' returned '0': CMAKE_PREFIX_PATH=/home/bryant/ws/install/ur_robot_driver:/home/bryant/ws/install/ur_controllers:/home/bryant/ws/install/ur_description:/home/bryant/ws/install/ur_dashboard_msgs:/home/bryant/ws/install/weld_path_planner:/home/bryant/ws/install/ur_simulation_gazebo:/home/bryant/ws/install/ur:/home/bryant/ws/install/ur_calibration:/home/bryant/ws/install/ur_moveit_config:/home/bryant/ws/install/ur_bringup:/opt/ros/humble /usr/bin/cmake /home/bryant/ws/src/Universal_Robots_ROS2_Driver/ur_calibration -DCMAKE_INSTALL_PREFIX=/home/bryant/ws/install/ur_calibration
[1.801s] Invoking command in '/home/bryant/ws/build/ur_calibration': CMAKE_PREFIX_PATH=/home/bryant/ws/install/ur_robot_driver:/home/bryant/ws/install/ur_controllers:/home/bryant/ws/install/ur_description:/home/bryant/ws/install/ur_dashboard_msgs:/home/bryant/ws/install/weld_path_planner:/home/bryant/ws/install/ur_simulation_gazebo:/home/bryant/ws/install/ur:/home/bryant/ws/install/ur_calibration:/home/bryant/ws/install/ur_moveit_config:/home/bryant/ws/install/ur_bringup:/opt/ros/humble /usr/bin/cmake --build /home/bryant/ws/build/ur_calibration -- -j6 -l6
[1.871s] [  8%] [32mBuilding CXX object gmock/CMakeFiles/gmock.dir/src/gmock-all.cc.o[0m
[1.871s] [ 25%] [32mBuilding CXX object CMakeFiles/calibration.dir/src/calibration.cpp.o[0m
[1.871s] [ 25%] [32mBuilding CXX object gmock/CMakeFiles/gmock_main.dir/src/gmock_main.cc.o[0m
[1.871s] [ 33%] [32mBuilding CXX object gmock/CMakeFiles/gmock.dir/opt/ros/humble/src/gtest_vendor/src/gtest-all.cc.o[0m
[1.871s] [ 41%] [32mBuilding CXX object CMakeFiles/calibration.dir/src/calibration_consumer.cpp.o[0m
[3.016s] [ 50%] [32m[1mLinking CXX static library libgmock_main.a[0m
[3.118s] [ 50%] Built target gmock_main
[9.551s] [ 58%] [32m[1mLinking CXX static library libgmock.a[0m
[9.733s] [ 58%] Built target gmock
[10.082s] [ 66%] [32m[1mLinking CXX static library libcalibration.a[0m
[10.227s] [ 66%] Built target calibration
[10.255s] [ 75%] [32mBuilding CXX object CMakeFiles/calibration_correction.dir/src/calibration_correction.cpp.o[0m
[10.256s] [ 83%] [32mBuilding CXX object CMakeFiles/calibration_test.dir/test/calibration_test.cpp.o[0m
[16.328s] [ 91%] [32m[1mLinking CXX executable calibration_correction[0m
[16.651s] [ 91%] Built target calibration_correction
[18.042s] [100%] [32m[1mLinking CXX executable calibration_test[0m
[18.390s] [100%] Built target calibration_test
[18.402s] Invoked command in '/home/bryant/ws/build/ur_calibration' returned '0': CMAKE_PREFIX_PATH=/home/bryant/ws/install/ur_robot_driver:/home/bryant/ws/install/ur_controllers:/home/bryant/ws/install/ur_description:/home/bryant/ws/install/ur_dashboard_msgs:/home/bryant/ws/install/weld_path_planner:/home/bryant/ws/install/ur_simulation_gazebo:/home/bryant/ws/install/ur:/home/bryant/ws/install/ur_calibration:/home/bryant/ws/install/ur_moveit_config:/home/bryant/ws/install/ur_bringup:/opt/ros/humble /usr/bin/cmake --build /home/bryant/ws/build/ur_calibration -- -j6 -l6
[18.406s] Invoking command in '/home/bryant/ws/build/ur_calibration': CMAKE_PREFIX_PATH=/home/bryant/ws/install/ur_robot_driver:/home/bryant/ws/install/ur_controllers:/home/bryant/ws/install/ur_description:/home/bryant/ws/install/ur_dashboard_msgs:/home/bryant/ws/install/weld_path_planner:/home/bryant/ws/install/ur_simulation_gazebo:/home/bryant/ws/install/ur:/home/bryant/ws/install/ur_calibration:/home/bryant/ws/install/ur_moveit_config:/home/bryant/ws/install/ur_bringup:/opt/ros/humble /usr/bin/cmake --install /home/bryant/ws/build/ur_calibration
[18.414s] -- Install configuration: "RelWithDebInfo"
[18.415s] -- Installing: /home/bryant/ws/install/ur_calibration/lib/ur_calibration/calibration_correction
[18.425s] -- Set runtime path of "/home/bryant/ws/install/ur_calibration/lib/ur_calibration/calibration_correction" to ""
[18.426s] -- Installing: /home/bryant/ws/install/ur_calibration/include
[18.426s] -- Installing: /home/bryant/ws/install/ur_calibration/include/ur_calibration
[18.426s] -- Installing: /home/bryant/ws/install/ur_calibration/include/ur_calibration/calibration.hpp
[18.426s] -- Installing: /home/bryant/ws/install/ur_calibration/include/ur_calibration/calibration_consumer.hpp
[18.426s] -- Installing: /home/bryant/ws/install/ur_calibration/share/ur_calibration/launch
[18.427s] -- Installing: /home/bryant/ws/install/ur_calibration/share/ur_calibration/launch/calibration_correction.launch.py
[18.427s] -- Installing: /home/bryant/ws/install/ur_calibration/share/ament_index/resource_index/package_run_dependencies/ur_calibration
[18.428s] -- Installing: /home/bryant/ws/install/ur_calibration/share/ament_index/resource_index/parent_prefix_path/ur_calibration
[18.428s] -- Installing: /home/bryant/ws/install/ur_calibration/share/ur_calibration/environment/ament_prefix_path.sh
[18.428s] -- Installing: /home/bryant/ws/install/ur_calibration/share/ur_calibration/environment/ament_prefix_path.dsv
[18.429s] -- Installing: /home/bryant/ws/install/ur_calibration/share/ur_calibration/environment/path.sh
[18.429s] -- Installing: /home/bryant/ws/install/ur_calibration/share/ur_calibration/environment/path.dsv
[18.429s] -- Installing: /home/bryant/ws/install/ur_calibration/share/ur_calibration/local_setup.bash
[18.430s] -- Installing: /home/bryant/ws/install/ur_calibration/share/ur_calibration/local_setup.sh
[18.430s] -- Installing: /home/bryant/ws/install/ur_calibration/share/ur_calibration/local_setup.zsh
[18.430s] -- Installing: /home/bryant/ws/install/ur_calibration/share/ur_calibration/local_setup.dsv
[18.431s] -- Installing: /home/bryant/ws/install/ur_calibration/share/ur_calibration/package.dsv
[18.431s] -- Installing: /home/bryant/ws/install/ur_calibration/share/ament_index/resource_index/packages/ur_calibration
[18.431s] -- Installing: /home/bryant/ws/install/ur_calibration/share/ur_calibration/cmake/ament_cmake_export_include_directories-extras.cmake
[18.431s] -- Installing: /home/bryant/ws/install/ur_calibration/share/ur_calibration/cmake/ament_cmake_export_dependencies-extras.cmake
[18.432s] -- Installing: /home/bryant/ws/install/ur_calibration/share/ur_calibration/cmake/ur_calibrationConfig.cmake
[18.432s] -- Installing: /home/bryant/ws/install/ur_calibration/share/ur_calibration/cmake/ur_calibrationConfig-version.cmake
[18.432s] -- Installing: /home/bryant/ws/install/ur_calibration/share/ur_calibration/package.xml
[18.435s] Invoked command in '/home/bryant/ws/build/ur_calibration' returned '0': CMAKE_PREFIX_PATH=/home/bryant/ws/install/ur_robot_driver:/home/bryant/ws/install/ur_controllers:/home/bryant/ws/install/ur_description:/home/bryant/ws/install/ur_dashboard_msgs:/home/bryant/ws/install/weld_path_planner:/home/bryant/ws/install/ur_simulation_gazebo:/home/bryant/ws/install/ur:/home/bryant/ws/install/ur_calibration:/home/bryant/ws/install/ur_moveit_config:/home/bryant/ws/install/ur_bringup:/opt/ros/humble /usr/bin/cmake --install /home/bryant/ws/build/ur_calibration
