[0.028s] Invoking command in '/home/bryant/ws/build/ur_bringup': CMAKE_PREFIX_PATH=/home/bryant/ws/install/ur_controllers:/home/bryant/ws/install/ur_description:/home/bryant/ws/install/ur_dashboard_msgs:/home/bryant/ws/install/weld_path_planner:/home/bryant/ws/install/ur_simulation_gazebo:/home/bryant/ws/install/ur:/home/bryant/ws/install/ur_calibration:/home/bryant/ws/install/ur_robot_driver:/home/bryant/ws/install/ur_moveit_config:/home/bryant/ws/install/ur_bringup:/opt/ros/humble LD_LIBRARY_PATH=/home/bryant/ws/install/ur_controllers/lib:/home/bryant/ws/install/ur_dashboard_msgs/lib:/home/bryant/ws/install/ur_robot_driver/lib:/usr/lib/x86_64-linux-gnu/gazebo-11/plugins:/opt/ros/humble/opt/rviz_ogre_vendor/lib:/opt/ros/humble/lib/x86_64-linux-gnu:/opt/ros/humble/lib /usr/bin/cmake --build /home/bryant/ws/build/ur_bringup -- -j6 -l6
[0.099s] Invoked command in '/home/bryant/ws/build/ur_bringup' returned '0': CMAKE_PREFIX_PATH=/home/bryant/ws/install/ur_controllers:/home/bryant/ws/install/ur_description:/home/bryant/ws/install/ur_dashboard_msgs:/home/bryant/ws/install/weld_path_planner:/home/bryant/ws/install/ur_simulation_gazebo:/home/bryant/ws/install/ur:/home/bryant/ws/install/ur_calibration:/home/bryant/ws/install/ur_robot_driver:/home/bryant/ws/install/ur_moveit_config:/home/bryant/ws/install/ur_bringup:/opt/ros/humble LD_LIBRARY_PATH=/home/bryant/ws/install/ur_controllers/lib:/home/bryant/ws/install/ur_dashboard_msgs/lib:/home/bryant/ws/install/ur_robot_driver/lib:/usr/lib/x86_64-linux-gnu/gazebo-11/plugins:/opt/ros/humble/opt/rviz_ogre_vendor/lib:/opt/ros/humble/lib/x86_64-linux-gnu:/opt/ros/humble/lib /usr/bin/cmake --build /home/bryant/ws/build/ur_bringup -- -j6 -l6
[0.100s] Invoking command in '/home/bryant/ws/build/ur_bringup': CMAKE_PREFIX_PATH=/home/bryant/ws/install/ur_controllers:/home/bryant/ws/install/ur_description:/home/bryant/ws/install/ur_dashboard_msgs:/home/bryant/ws/install/weld_path_planner:/home/bryant/ws/install/ur_simulation_gazebo:/home/bryant/ws/install/ur:/home/bryant/ws/install/ur_calibration:/home/bryant/ws/install/ur_robot_driver:/home/bryant/ws/install/ur_moveit_config:/home/bryant/ws/install/ur_bringup:/opt/ros/humble LD_LIBRARY_PATH=/home/bryant/ws/install/ur_controllers/lib:/home/bryant/ws/install/ur_dashboard_msgs/lib:/home/bryant/ws/install/ur_robot_driver/lib:/usr/lib/x86_64-linux-gnu/gazebo-11/plugins:/opt/ros/humble/opt/rviz_ogre_vendor/lib:/opt/ros/humble/lib/x86_64-linux-gnu:/opt/ros/humble/lib /usr/bin/cmake --install /home/bryant/ws/build/ur_bringup
[0.113s] -- Install configuration: ""
[0.113s] -- Up-to-date: /home/bryant/ws/install/ur_bringup/share/ur_bringup/config
[0.113s] -- Up-to-date: /home/bryant/ws/install/ur_bringup/share/ur_bringup/config/ur3_update_rate.yaml
[0.113s] -- Up-to-date: /home/bryant/ws/install/ur_bringup/share/ur_bringup/config/ur3e_update_rate.yaml
[0.113s] -- Up-to-date: /home/bryant/ws/install/ur_bringup/share/ur_bringup/config/ur16e_update_rate.yaml
[0.113s] -- Up-to-date: /home/bryant/ws/install/ur_bringup/share/ur_bringup/config/ur10_update_rate.yaml
[0.113s] -- Up-to-date: /home/bryant/ws/install/ur_bringup/share/ur_bringup/config/ur5e_update_rate.yaml
[0.113s] -- Up-to-date: /home/bryant/ws/install/ur_bringup/share/ur_bringup/config/test_goal_publishers_config.yaml
[0.113s] -- Up-to-date: /home/bryant/ws/install/ur_bringup/share/ur_bringup/config/ur10e_update_rate.yaml
[0.113s] -- Up-to-date: /home/bryant/ws/install/ur_bringup/share/ur_bringup/config/ur5_update_rate.yaml
[0.114s] -- Up-to-date: /home/bryant/ws/install/ur_bringup/share/ur_bringup/config/test_velocity_goal_publishers_config.yaml
[0.114s] -- Up-to-date: /home/bryant/ws/install/ur_bringup/share/ur_bringup/config/ur_controllers.yaml
[0.114s] -- Up-to-date: /home/bryant/ws/install/ur_bringup/share/ur_bringup/launch
[0.114s] -- Up-to-date: /home/bryant/ws/install/ur_bringup/share/ur_bringup/launch/ur16e.launch.py
[0.114s] -- Up-to-date: /home/bryant/ws/install/ur_bringup/share/ur_bringup/launch/ur_control.launch.py
[0.115s] -- Up-to-date: /home/bryant/ws/install/ur_bringup/share/ur_bringup/launch/ur5.launch.py
[0.115s] -- Up-to-date: /home/bryant/ws/install/ur_bringup/share/ur_bringup/launch/test_scaled_joint_trajectory_controller.launch.py
[0.115s] -- Up-to-date: /home/bryant/ws/install/ur_bringup/share/ur_bringup/launch/ur10.launch.py
[0.115s] -- Up-to-date: /home/bryant/ws/install/ur_bringup/share/ur_bringup/launch/ur10e.launch.py
[0.115s] -- Up-to-date: /home/bryant/ws/install/ur_bringup/share/ur_bringup/launch/ur3.launch.py
[0.115s] -- Up-to-date: /home/bryant/ws/install/ur_bringup/share/ur_bringup/launch/ur_dashboard_client.launch.py
[0.115s] -- Up-to-date: /home/bryant/ws/install/ur_bringup/share/ur_bringup/launch/ur5e.launch.py
[0.115s] -- Up-to-date: /home/bryant/ws/install/ur_bringup/share/ur_bringup/launch/test_forward_velocity_controller.launch.py
[0.115s] -- Up-to-date: /home/bryant/ws/install/ur_bringup/share/ur_bringup/launch/test_joint_trajectory_controller.launch.py
[0.115s] -- Up-to-date: /home/bryant/ws/install/ur_bringup/share/ur_bringup/launch/ur3e.launch.py
[0.115s] -- Up-to-date: /home/bryant/ws/install/ur_bringup/lib/ur_bringup/start_ursim.sh
[0.115s] -- Up-to-date: /home/bryant/ws/install/ur_bringup/share/ament_index/resource_index/package_run_dependencies/ur_bringup
[0.115s] -- Up-to-date: /home/bryant/ws/install/ur_bringup/share/ament_index/resource_index/parent_prefix_path/ur_bringup
[0.115s] -- Up-to-date: /home/bryant/ws/install/ur_bringup/share/ur_bringup/environment/ament_prefix_path.sh
[0.115s] -- Up-to-date: /home/bryant/ws/install/ur_bringup/share/ur_bringup/environment/ament_prefix_path.dsv
[0.115s] -- Up-to-date: /home/bryant/ws/install/ur_bringup/share/ur_bringup/environment/path.sh
[0.115s] -- Up-to-date: /home/bryant/ws/install/ur_bringup/share/ur_bringup/environment/path.dsv
[0.115s] -- Up-to-date: /home/bryant/ws/install/ur_bringup/share/ur_bringup/local_setup.bash
[0.115s] -- Up-to-date: /home/bryant/ws/install/ur_bringup/share/ur_bringup/local_setup.sh
[0.115s] -- Up-to-date: /home/bryant/ws/install/ur_bringup/share/ur_bringup/local_setup.zsh
[0.116s] -- Up-to-date: /home/bryant/ws/install/ur_bringup/share/ur_bringup/local_setup.dsv
[0.116s] -- Up-to-date: /home/bryant/ws/install/ur_bringup/share/ur_bringup/package.dsv
[0.116s] -- Up-to-date: /home/bryant/ws/install/ur_bringup/share/ament_index/resource_index/packages/ur_bringup
[0.116s] -- Up-to-date: /home/bryant/ws/install/ur_bringup/share/ur_bringup/cmake/ur_bringupConfig.cmake
[0.116s] -- Up-to-date: /home/bryant/ws/install/ur_bringup/share/ur_bringup/cmake/ur_bringupConfig-version.cmake
[0.116s] -- Up-to-date: /home/bryant/ws/install/ur_bringup/share/ur_bringup/package.xml
[0.122s] Invoked command in '/home/bryant/ws/build/ur_bringup' returned '0': CMAKE_PREFIX_PATH=/home/bryant/ws/install/ur_controllers:/home/bryant/ws/install/ur_description:/home/bryant/ws/install/ur_dashboard_msgs:/home/bryant/ws/install/weld_path_planner:/home/bryant/ws/install/ur_simulation_gazebo:/home/bryant/ws/install/ur:/home/bryant/ws/install/ur_calibration:/home/bryant/ws/install/ur_robot_driver:/home/bryant/ws/install/ur_moveit_config:/home/bryant/ws/install/ur_bringup:/opt/ros/humble LD_LIBRARY_PATH=/home/bryant/ws/install/ur_controllers/lib:/home/bryant/ws/install/ur_dashboard_msgs/lib:/home/bryant/ws/install/ur_robot_driver/lib:/usr/lib/x86_64-linux-gnu/gazebo-11/plugins:/opt/ros/humble/opt/rviz_ogre_vendor/lib:/opt/ros/humble/lib/x86_64-linux-gnu:/opt/ros/humble/lib /usr/bin/cmake --install /home/bryant/ws/build/ur_bringup
