[0.020s] Invoking command in '/home/bryant/ws/build/ur_robot_driver': CMAKE_PREFIX_PATH=/home/bryant/ws/install/ur_controllers:/home/bryant/ws/install/ur_description:/home/bryant/ws/install/ur_dashboard_msgs:/home/bryant/ws/install/weld_path_planner:/home/bryant/ws/install/ur_simulation_gazebo:/home/bryant/ws/install/ur:/home/bryant/ws/install/ur_calibration:/home/bryant/ws/install/ur_robot_driver:/home/bryant/ws/install/ur_moveit_config:/home/bryant/ws/install/ur_bringup:/opt/ros/humble LD_LIBRARY_PATH=/home/bryant/ws/install/ur_controllers/lib:/home/bryant/ws/install/ur_dashboard_msgs/lib:/home/bryant/ws/install/ur_robot_driver/lib:/usr/lib/x86_64-linux-gnu/gazebo-11/plugins:/opt/ros/humble/opt/rviz_ogre_vendor/lib:/opt/ros/humble/lib/x86_64-linux-gnu:/opt/ros/humble/lib /usr/bin/cmake /home/bryant/ws/src/Universal_Robots_ROS2_Driver/ur_robot_driver -DCMAKE_INSTALL_PREFIX=/home/bryant/ws/install/ur_robot_driver
[0.098s] -- The C compiler identification is GNU 11.4.0
[0.159s] -- The CXX compiler identification is GNU 11.4.0
[0.170s] -- Detecting C compiler ABI info
[0.255s] -- Detecting C compiler ABI info - done
[0.261s] -- Check for working C compiler: /usr/bin/cc - skipped
[0.262s] -- Detecting C compile features
[0.262s] -- Detecting C compile features - done
[0.266s] -- Detecting CXX compiler ABI info
[0.359s] -- Detecting CXX compiler ABI info - done
[0.368s] -- Check for working CXX compiler: /usr/bin/c++ - skipped
[0.368s] -- Detecting CXX compile features
[0.368s] -- Detecting CXX compile features - done
[0.369s] [0mur_robot_driver: You did not request a specific build type: selecting 'RelWithDebInfo'.[0m
[0.372s] -- Found ament_cmake: 1.3.11 (/opt/ros/humble/share/ament_cmake/cmake)
[0.518s] -- Found Python3: /usr/bin/python3 (found version "3.10.12") found components: Interpreter 
[0.625s] -- Found controller_manager: 2.48.0 (/opt/ros/humble/share/controller_manager/cmake)
[0.671s] -- Found rosidl_generator_c: 3.1.6 (/opt/ros/humble/share/rosidl_generator_c/cmake)
[0.682s] -- Found rosidl_adapter: 3.1.6 (/opt/ros/humble/share/rosidl_adapter/cmake)
[0.689s] -- Found rosidl_generator_cpp: 3.1.6 (/opt/ros/humble/share/rosidl_generator_cpp/cmake)
[0.699s] -- Using all available rosidl_typesupport_c: rosidl_typesupport_fastrtps_c;rosidl_typesupport_introspection_c
[0.716s] -- Using all available rosidl_typesupport_cpp: rosidl_typesupport_fastrtps_cpp;rosidl_typesupport_introspection_cpp
[0.909s] -- Found rmw_implementation_cmake: 6.1.2 (/opt/ros/humble/share/rmw_implementation_cmake/cmake)
[0.917s] -- Found rmw_fastrtps_cpp: 6.2.7 (/opt/ros/humble/share/rmw_fastrtps_cpp/cmake)
[0.996s] -- Found TinyXML2 via Config file: TinyXML2_DIR-NOTFOUND
[1.196s] -- Found OpenSSL: /usr/lib/x86_64-linux-gnu/libcrypto.so (found version "3.0.2")  
[1.198s] -- Found TinyXML2 via Config file: TinyXML2_DIR-NOTFOUND
[1.212s] -- Found FastRTPS: /opt/ros/humble/include  
[1.214s] -- Found TinyXML2 via Config file: TinyXML2_DIR-NOTFOUND
[1.222s] -- Found TinyXML2 via Config file: TinyXML2_DIR-NOTFOUND
[1.231s] -- Using RMW implementation 'rmw_fastrtps_cpp' as default
[1.241s] -- Looking for pthread.h
[1.370s] -- Looking for pthread.h - found
[1.370s] -- Performing Test CMAKE_HAVE_LIBC_PTHREAD
[1.486s] -- Performing Test CMAKE_HAVE_LIBC_PTHREAD - Success
[1.487s] -- Found Threads: TRUE  
[1.582s] -- Found rclpy: 3.3.15 (/opt/ros/humble/share/rclpy/cmake)
[1.585s] -- Found std_srvs: 4.2.4 (/opt/ros/humble/share/std_srvs/cmake)
[1.594s] -- Found tf2_geometry_msgs: 0.25.12 (/opt/ros/humble/share/tf2_geometry_msgs/cmake)
[1.614s] -- Found eigen3_cmake_module: 0.1.1 (/opt/ros/humble/share/eigen3_cmake_module/cmake)
[1.616s] -- Found Eigen3: TRUE (found version "3.4.0") 
[1.616s] -- Ensuring Eigen3 include directory is part of orocos-kdl CMake target
[1.676s] -- Found ur_dashboard_msgs: 2.5.2 (/home/bryant/ws/install/ur_dashboard_msgs/share/ur_dashboard_msgs/cmake)
[1.691s] -- Found ur_msgs: 2.1.0 (/opt/ros/humble/share/ur_msgs/cmake)
[1.942s] -- Found ur_controllers: 2.5.2 (/home/bryant/ws/install/ur_controllers/share/ur_controllers/cmake)
[2.035s] -- Found ur_description: 2.1.10 (/home/bryant/ws/install/ur_description/share/ur_description/cmake)
[2.038s] -- Found launch_testing_ament_cmake: 1.0.7 (/opt/ros/humble/share/launch_testing_ament_cmake/cmake)
[2.041s] -- Found python_cmake_module: 0.10.0 (/opt/ros/humble/share/python_cmake_module/cmake)
[2.065s] -- Found PythonInterp: /usr/bin/python3 (found suitable version "3.10.12", minimum required is "3.6") 
[2.071s] -- Found PythonLibs: /usr/lib/x86_64-linux-gnu/libpython3.10.so (found suitable version "3.10.12", minimum required is "3.5") 
[2.071s] -- Using PYTHON_EXECUTABLE: /usr/bin/python3
[2.072s] -- Using PYTHON_INCLUDE_DIRS: /usr/include/python3.10
[2.072s] -- Using PYTHON_LIBRARIES: /usr/lib/x86_64-linux-gnu/libpython3.10.so
[2.093s] -- Found PythonExtra: .so  
[2.093s] -- Configuring done
[2.239s] -- Generating done
[2.255s] -- Build files have been written to: /home/bryant/ws/build/ur_robot_driver
[2.272s] Invoked command in '/home/bryant/ws/build/ur_robot_driver' returned '0': CMAKE_PREFIX_PATH=/home/bryant/ws/install/ur_controllers:/home/bryant/ws/install/ur_description:/home/bryant/ws/install/ur_dashboard_msgs:/home/bryant/ws/install/weld_path_planner:/home/bryant/ws/install/ur_simulation_gazebo:/home/bryant/ws/install/ur:/home/bryant/ws/install/ur_calibration:/home/bryant/ws/install/ur_robot_driver:/home/bryant/ws/install/ur_moveit_config:/home/bryant/ws/install/ur_bringup:/opt/ros/humble LD_LIBRARY_PATH=/home/bryant/ws/install/ur_controllers/lib:/home/bryant/ws/install/ur_dashboard_msgs/lib:/home/bryant/ws/install/ur_robot_driver/lib:/usr/lib/x86_64-linux-gnu/gazebo-11/plugins:/opt/ros/humble/opt/rviz_ogre_vendor/lib:/opt/ros/humble/lib/x86_64-linux-gnu:/opt/ros/humble/lib /usr/bin/cmake /home/bryant/ws/src/Universal_Robots_ROS2_Driver/ur_robot_driver -DCMAKE_INSTALL_PREFIX=/home/bryant/ws/install/ur_robot_driver
[2.275s] Invoking command in '/home/bryant/ws/build/ur_robot_driver': CMAKE_PREFIX_PATH=/home/bryant/ws/install/ur_controllers:/home/bryant/ws/install/ur_description:/home/bryant/ws/install/ur_dashboard_msgs:/home/bryant/ws/install/weld_path_planner:/home/bryant/ws/install/ur_simulation_gazebo:/home/bryant/ws/install/ur:/home/bryant/ws/install/ur_calibration:/home/bryant/ws/install/ur_robot_driver:/home/bryant/ws/install/ur_moveit_config:/home/bryant/ws/install/ur_bringup:/opt/ros/humble LD_LIBRARY_PATH=/home/bryant/ws/install/ur_controllers/lib:/home/bryant/ws/install/ur_dashboard_msgs/lib:/home/bryant/ws/install/ur_robot_driver/lib:/usr/lib/x86_64-linux-gnu/gazebo-11/plugins:/opt/ros/humble/opt/rviz_ogre_vendor/lib:/opt/ros/humble/lib/x86_64-linux-gnu:/opt/ros/humble/lib /usr/bin/cmake --build /home/bryant/ws/build/ur_robot_driver -- -j6 -l6
[2.350s] [ 13%] [32mBuilding CXX object CMakeFiles/dashboard_client.dir/src/dashboard_client_ros.cpp.o[0m
[2.351s] [ 13%] [32mBuilding CXX object CMakeFiles/controller_stopper_node.dir/src/controller_stopper.cpp.o[0m
[2.351s] [ 20%] [32mBuilding CXX object CMakeFiles/urscript_interface.dir/src/urscript_interface.cpp.o[0m
[2.354s] [ 26%] [32mBuilding CXX object CMakeFiles/ur_ros2_control_node.dir/src/ur_ros2_control_node.cpp.o[0m
[2.356s] [ 33%] [32mBuilding CXX object CMakeFiles/ur_robot_driver_plugin.dir/src/dashboard_client_ros.cpp.o[0m
[2.368s] [ 33%] Built target ament_cmake_python_copy_ur_robot_driver
[2.585s] running egg_info
[2.585s] creating ur_robot_driver.egg-info
[2.586s] writing ur_robot_driver.egg-info/PKG-INFO
[2.586s] writing dependency_links to ur_robot_driver.egg-info/dependency_links.txt
[2.586s] writing top-level names to ur_robot_driver.egg-info/top_level.txt
[2.586s] writing manifest file 'ur_robot_driver.egg-info/SOURCES.txt'
[2.588s] reading manifest file 'ur_robot_driver.egg-info/SOURCES.txt'
[2.588s] writing manifest file 'ur_robot_driver.egg-info/SOURCES.txt'
[2.611s] [ 33%] Built target ament_cmake_python_build_ur_robot_driver_egg
[2.620s] [ 40%] [32mBuilding CXX object CMakeFiles/controller_stopper_node.dir/src/controller_stopper_node.cpp.o[0m
[7.089s] [ 46%] [32mBuilding CXX object CMakeFiles/dashboard_client.dir/src/dashboard_client_node.cpp.o[0m
[8.435s] [ 53%] [32m[1mLinking CXX executable ur_ros2_control_node[0m
[8.645s] [ 53%] Built target ur_ros2_control_node
[8.645s] [ 60%] [32mBuilding CXX object CMakeFiles/dashboard_client.dir/src/urcl_log_handler.cpp.o[0m
[9.850s] [ 66%] [32mBuilding CXX object CMakeFiles/ur_robot_driver_plugin.dir/src/hardware_interface.cpp.o[0m
[13.585s] [ 73%] [32mBuilding CXX object CMakeFiles/ur_robot_driver_plugin.dir/src/urcl_log_handler.cpp.o[0m
[16.611s] [ 80%] [32m[1mLinking CXX executable urscript_interface[0m
[16.970s] [ 80%] Built target urscript_interface
[20.304s] [ 86%] [32m[1mLinking CXX executable controller_stopper_node[0m
[20.642s] [ 86%] Built target controller_stopper_node
[22.353s] [ 93%] [32m[1mLinking CXX executable dashboard_client[0m
[22.724s] [ 93%] Built target dashboard_client
[22.952s] [100%] [32m[1mLinking CXX shared library libur_robot_driver_plugin.so[0m
[23.376s] [100%] Built target ur_robot_driver_plugin
[23.404s] Invoked command in '/home/bryant/ws/build/ur_robot_driver' returned '0': CMAKE_PREFIX_PATH=/home/bryant/ws/install/ur_controllers:/home/bryant/ws/install/ur_description:/home/bryant/ws/install/ur_dashboard_msgs:/home/bryant/ws/install/weld_path_planner:/home/bryant/ws/install/ur_simulation_gazebo:/home/bryant/ws/install/ur:/home/bryant/ws/install/ur_calibration:/home/bryant/ws/install/ur_robot_driver:/home/bryant/ws/install/ur_moveit_config:/home/bryant/ws/install/ur_bringup:/opt/ros/humble LD_LIBRARY_PATH=/home/bryant/ws/install/ur_controllers/lib:/home/bryant/ws/install/ur_dashboard_msgs/lib:/home/bryant/ws/install/ur_robot_driver/lib:/usr/lib/x86_64-linux-gnu/gazebo-11/plugins:/opt/ros/humble/opt/rviz_ogre_vendor/lib:/opt/ros/humble/lib/x86_64-linux-gnu:/opt/ros/humble/lib /usr/bin/cmake --build /home/bryant/ws/build/ur_robot_driver -- -j6 -l6
[23.406s] Invoking command in '/home/bryant/ws/build/ur_robot_driver': CMAKE_PREFIX_PATH=/home/bryant/ws/install/ur_controllers:/home/bryant/ws/install/ur_description:/home/bryant/ws/install/ur_dashboard_msgs:/home/bryant/ws/install/weld_path_planner:/home/bryant/ws/install/ur_simulation_gazebo:/home/bryant/ws/install/ur:/home/bryant/ws/install/ur_calibration:/home/bryant/ws/install/ur_robot_driver:/home/bryant/ws/install/ur_moveit_config:/home/bryant/ws/install/ur_bringup:/opt/ros/humble LD_LIBRARY_PATH=/home/bryant/ws/install/ur_controllers/lib:/home/bryant/ws/install/ur_dashboard_msgs/lib:/home/bryant/ws/install/ur_robot_driver/lib:/usr/lib/x86_64-linux-gnu/gazebo-11/plugins:/opt/ros/humble/opt/rviz_ogre_vendor/lib:/opt/ros/humble/lib/x86_64-linux-gnu:/opt/ros/humble/lib /usr/bin/cmake --install /home/bryant/ws/build/ur_robot_driver
[23.416s] -- Install configuration: "RelWithDebInfo"
[23.416s] -- Installing: /home/bryant/ws/install/ur_robot_driver/share/ur_robot_driver/hardware_interface_plugin.xml
[23.417s] -- Installing: /home/bryant/ws/install/ur_robot_driver/lib/ur_robot_driver/dashboard_client
[23.438s] -- Set runtime path of "/home/bryant/ws/install/ur_robot_driver/lib/ur_robot_driver/dashboard_client" to ""
[23.438s] -- Installing: /home/bryant/ws/install/ur_robot_driver/lib/ur_robot_driver/ur_ros2_control_node
[23.440s] -- Set runtime path of "/home/bryant/ws/install/ur_robot_driver/lib/ur_robot_driver/ur_ros2_control_node" to ""
[23.440s] -- Installing: /home/bryant/ws/install/ur_robot_driver/lib/ur_robot_driver/controller_stopper_node
[23.459s] -- Set runtime path of "/home/bryant/ws/install/ur_robot_driver/lib/ur_robot_driver/controller_stopper_node" to ""
[23.459s] -- Installing: /home/bryant/ws/install/ur_robot_driver/lib/ur_robot_driver/urscript_interface
[23.474s] -- Set runtime path of "/home/bryant/ws/install/ur_robot_driver/lib/ur_robot_driver/urscript_interface" to ""
[23.474s] -- Installing: /home/bryant/ws/install/ur_robot_driver/lib/libur_robot_driver_plugin.so
[23.512s] -- Set runtime path of "/home/bryant/ws/install/ur_robot_driver/lib/libur_robot_driver_plugin.so" to ""
[23.512s] -- Installing: /home/bryant/ws/install/ur_robot_driver/include
[23.512s] -- Installing: /home/bryant/ws/install/ur_robot_driver/include/ur_robot_driver
[23.512s] -- Installing: /home/bryant/ws/install/ur_robot_driver/include/ur_robot_driver/controller_stopper.hpp
[23.512s] -- Installing: /home/bryant/ws/install/ur_robot_driver/include/ur_robot_driver/hardware_interface.hpp
[23.512s] -- Installing: /home/bryant/ws/install/ur_robot_driver/include/ur_robot_driver/urcl_log_handler.hpp
[23.513s] -- Installing: /home/bryant/ws/install/ur_robot_driver/include/ur_robot_driver/dashboard_client_ros.hpp
[23.513s] -- Installing: /home/bryant/ws/install/ur_robot_driver/share/ur_robot_driver/environment/library_path.sh
[23.513s] -- Installing: /home/bryant/ws/install/ur_robot_driver/share/ur_robot_driver/environment/library_path.dsv
[23.513s] -- Installing: /home/bryant/ws/install/ur_robot_driver/share/ur_robot_driver/resources
[23.513s] -- Installing: /home/bryant/ws/install/ur_robot_driver/share/ur_robot_driver/resources/rs485-1.0.urcap
[23.516s] -- Installing: /home/bryant/ws/install/ur_robot_driver/share/ur_robot_driver/resources/rtde_output_recipe.txt
[23.516s] -- Installing: /home/bryant/ws/install/ur_robot_driver/share/ur_robot_driver/resources/rtde_input_recipe.txt
[23.517s] -- Installing: /home/bryant/ws/install/ur_robot_driver/share/ur_robot_driver/resources/ros_control.urscript
[23.518s] -- Installing: /home/bryant/ws/install/ur_robot_driver/share/ur_robot_driver/resources/externalcontrol-1.0.5.urcap
[23.519s] -- Up-to-date: /home/bryant/ws/install/ur_robot_driver/include
[23.519s] -- Up-to-date: /home/bryant/ws/install/ur_robot_driver/include/ur_robot_driver
[23.519s] -- Up-to-date: /home/bryant/ws/install/ur_robot_driver/include/ur_robot_driver/controller_stopper.hpp
[23.519s] -- Up-to-date: /home/bryant/ws/install/ur_robot_driver/include/ur_robot_driver/hardware_interface.hpp
[23.520s] -- Up-to-date: /home/bryant/ws/install/ur_robot_driver/include/ur_robot_driver/urcl_log_handler.hpp
[23.520s] -- Up-to-date: /home/bryant/ws/install/ur_robot_driver/include/ur_robot_driver/dashboard_client_ros.hpp
[23.520s] -- Installing: /home/bryant/ws/install/ur_robot_driver/share/ur_robot_driver/environment/pythonpath.sh
[23.520s] -- Installing: /home/bryant/ws/install/ur_robot_driver/share/ur_robot_driver/environment/pythonpath.dsv
[23.520s] -- Installing: /home/bryant/ws/install/ur_robot_driver/local/lib/python3.10/dist-packages/ur_robot_driver-2.5.2-py3.10.egg-info
[23.520s] -- Installing: /home/bryant/ws/install/ur_robot_driver/local/lib/python3.10/dist-packages/ur_robot_driver-2.5.2-py3.10.egg-info/PKG-INFO
[23.521s] -- Installing: /home/bryant/ws/install/ur_robot_driver/local/lib/python3.10/dist-packages/ur_robot_driver-2.5.2-py3.10.egg-info/dependency_links.txt
[23.521s] -- Installing: /home/bryant/ws/install/ur_robot_driver/local/lib/python3.10/dist-packages/ur_robot_driver-2.5.2-py3.10.egg-info/SOURCES.txt
[23.521s] -- Installing: /home/bryant/ws/install/ur_robot_driver/local/lib/python3.10/dist-packages/ur_robot_driver-2.5.2-py3.10.egg-info/top_level.txt
[23.521s] -- Installing: /home/bryant/ws/install/ur_robot_driver/local/lib/python3.10/dist-packages/ur_robot_driver
[23.521s] -- Installing: /home/bryant/ws/install/ur_robot_driver/local/lib/python3.10/dist-packages/ur_robot_driver/__init__.py
[23.550s] Listing '/home/bryant/ws/install/ur_robot_driver/local/lib/python3.10/dist-packages/ur_robot_driver'...
[23.550s] Compiling '/home/bryant/ws/install/ur_robot_driver/local/lib/python3.10/dist-packages/ur_robot_driver/__init__.py'...
[23.554s] -- Installing: /home/bryant/ws/install/ur_robot_driver/lib/ur_robot_driver/tool_communication.py
[23.554s] -- Installing: /home/bryant/ws/install/ur_robot_driver/lib/ur_robot_driver/example_move.py
[23.555s] -- Installing: /home/bryant/ws/install/ur_robot_driver/lib/ur_robot_driver/start_ursim.sh
[23.556s] -- Installing: /home/bryant/ws/install/ur_robot_driver/lib/ur_robot_driver/examples.py
[23.556s] -- Installing: /home/bryant/ws/install/ur_robot_driver/lib/ur_robot_driver/force_mode.py
[23.556s] -- Installing: /home/bryant/ws/install/ur_robot_driver/bin/wait_dashboard_server.sh
[23.557s] -- Up-to-date: /home/bryant/ws/install/ur_robot_driver/lib/ur_robot_driver/start_ursim.sh
[23.557s] -- Installing: /home/bryant/ws/install/ur_robot_driver/share/ur_robot_driver/config
[23.557s] -- Installing: /home/bryant/ws/install/ur_robot_driver/share/ur_robot_driver/config/ur3_update_rate.yaml
[23.558s] -- Installing: /home/bryant/ws/install/ur_robot_driver/share/ur_robot_driver/config/ur3e_update_rate.yaml
[23.559s] -- Installing: /home/bryant/ws/install/ur_robot_driver/share/ur_robot_driver/config/ur30_update_rate.yaml
[23.559s] -- Installing: /home/bryant/ws/install/ur_robot_driver/share/ur_robot_driver/config/ur16e_update_rate.yaml
[23.560s] -- Installing: /home/bryant/ws/install/ur_robot_driver/share/ur_robot_driver/config/ur10_update_rate.yaml
[23.560s] -- Installing: /home/bryant/ws/install/ur_robot_driver/share/ur_robot_driver/config/ur5e_update_rate.yaml
[23.561s] -- Installing: /home/bryant/ws/install/ur_robot_driver/share/ur_robot_driver/config/test_goal_publishers_config.yaml
[23.562s] -- Installing: /home/bryant/ws/install/ur_robot_driver/share/ur_robot_driver/config/ur10e_update_rate.yaml
[23.563s] -- Installing: /home/bryant/ws/install/ur_robot_driver/share/ur_robot_driver/config/ur5_update_rate.yaml
[23.563s] -- Installing: /home/bryant/ws/install/ur_robot_driver/share/ur_robot_driver/config/test_velocity_goal_publishers_config.yaml
[23.564s] -- Installing: /home/bryant/ws/install/ur_robot_driver/share/ur_robot_driver/config/ur_controllers.yaml
[23.564s] -- Installing: /home/bryant/ws/install/ur_robot_driver/share/ur_robot_driver/config/ur20_update_rate.yaml
[23.565s] -- Installing: /home/bryant/ws/install/ur_robot_driver/share/ur_robot_driver/launch
[23.565s] -- Installing: /home/bryant/ws/install/ur_robot_driver/share/ur_robot_driver/launch/ur16e.launch.py
[23.566s] -- Installing: /home/bryant/ws/install/ur_robot_driver/share/ur_robot_driver/launch/ur_control.launch.py
[23.566s] -- Installing: /home/bryant/ws/install/ur_robot_driver/share/ur_robot_driver/launch/ur5.launch.py
[23.566s] -- Installing: /home/bryant/ws/install/ur_robot_driver/share/ur_robot_driver/launch/test_scaled_joint_trajectory_controller.launch.py
[23.566s] -- Installing: /home/bryant/ws/install/ur_robot_driver/share/ur_robot_driver/launch/ur10.launch.py
[23.566s] -- Installing: /home/bryant/ws/install/ur_robot_driver/share/ur_robot_driver/launch/ur10e.launch.py
[23.567s] -- Installing: /home/bryant/ws/install/ur_robot_driver/share/ur_robot_driver/launch/ur3.launch.py
[23.567s] -- Installing: /home/bryant/ws/install/ur_robot_driver/share/ur_robot_driver/launch/ur_dashboard_client.launch.py
[23.567s] -- Installing: /home/bryant/ws/install/ur_robot_driver/share/ur_robot_driver/launch/ur5e.launch.py
[23.567s] -- Installing: /home/bryant/ws/install/ur_robot_driver/share/ur_robot_driver/launch/ur30.launch.py
[23.567s] -- Installing: /home/bryant/ws/install/ur_robot_driver/share/ur_robot_driver/launch/ur20.launch.py
[23.567s] -- Installing: /home/bryant/ws/install/ur_robot_driver/share/ur_robot_driver/launch/test_forward_velocity_controller.launch.py
[23.567s] -- Installing: /home/bryant/ws/install/ur_robot_driver/share/ur_robot_driver/launch/test_joint_trajectory_controller.launch.py
[23.568s] -- Installing: /home/bryant/ws/install/ur_robot_driver/share/ur_robot_driver/launch/ur3e.launch.py
[23.568s] -- Installing: /home/bryant/ws/install/ur_robot_driver/share/ament_index/resource_index/package_run_dependencies/ur_robot_driver
[23.569s] -- Installing: /home/bryant/ws/install/ur_robot_driver/share/ament_index/resource_index/parent_prefix_path/ur_robot_driver
[23.569s] -- Installing: /home/bryant/ws/install/ur_robot_driver/share/ur_robot_driver/environment/ament_prefix_path.sh
[23.569s] -- Installing: /home/bryant/ws/install/ur_robot_driver/share/ur_robot_driver/environment/ament_prefix_path.dsv
[23.569s] -- Installing: /home/bryant/ws/install/ur_robot_driver/share/ur_robot_driver/environment/path.sh
[23.570s] -- Installing: /home/bryant/ws/install/ur_robot_driver/share/ur_robot_driver/environment/path.dsv
[23.570s] -- Installing: /home/bryant/ws/install/ur_robot_driver/share/ur_robot_driver/local_setup.bash
[23.570s] -- Installing: /home/bryant/ws/install/ur_robot_driver/share/ur_robot_driver/local_setup.sh
[23.570s] -- Installing: /home/bryant/ws/install/ur_robot_driver/share/ur_robot_driver/local_setup.zsh
[23.571s] -- Installing: /home/bryant/ws/install/ur_robot_driver/share/ur_robot_driver/local_setup.dsv
[23.571s] -- Installing: /home/bryant/ws/install/ur_robot_driver/share/ur_robot_driver/package.dsv
[23.571s] -- Installing: /home/bryant/ws/install/ur_robot_driver/share/ament_index/resource_index/packages/ur_robot_driver
[23.571s] -- Installing: /home/bryant/ws/install/ur_robot_driver/share/ament_index/resource_index/hardware_interface__pluginlib__plugin/ur_robot_driver
[23.572s] -- Installing: /home/bryant/ws/install/ur_robot_driver/share/ur_robot_driver/cmake/ament_cmake_export_include_directories-extras.cmake
[23.572s] -- Installing: /home/bryant/ws/install/ur_robot_driver/share/ur_robot_driver/cmake/ament_cmake_export_libraries-extras.cmake
[23.572s] -- Installing: /home/bryant/ws/install/ur_robot_driver/share/ur_robot_driver/cmake/ament_cmake_export_dependencies-extras.cmake
[23.572s] -- Installing: /home/bryant/ws/install/ur_robot_driver/share/ur_robot_driver/cmake/ur_robot_driverConfig.cmake
[23.572s] -- Installing: /home/bryant/ws/install/ur_robot_driver/share/ur_robot_driver/cmake/ur_robot_driverConfig-version.cmake
[23.573s] -- Installing: /home/bryant/ws/install/ur_robot_driver/share/ur_robot_driver/package.xml
[23.576s] Invoked command in '/home/bryant/ws/build/ur_robot_driver' returned '0': CMAKE_PREFIX_PATH=/home/bryant/ws/install/ur_controllers:/home/bryant/ws/install/ur_description:/home/bryant/ws/install/ur_dashboard_msgs:/home/bryant/ws/install/weld_path_planner:/home/bryant/ws/install/ur_simulation_gazebo:/home/bryant/ws/install/ur:/home/bryant/ws/install/ur_calibration:/home/bryant/ws/install/ur_robot_driver:/home/bryant/ws/install/ur_moveit_config:/home/bryant/ws/install/ur_bringup:/opt/ros/humble LD_LIBRARY_PATH=/home/bryant/ws/install/ur_controllers/lib:/home/bryant/ws/install/ur_dashboard_msgs/lib:/home/bryant/ws/install/ur_robot_driver/lib:/usr/lib/x86_64-linux-gnu/gazebo-11/plugins:/opt/ros/humble/opt/rviz_ogre_vendor/lib:/opt/ros/humble/lib/x86_64-linux-gnu:/opt/ros/humble/lib /usr/bin/cmake --install /home/bryant/ws/build/ur_robot_driver
