-- Found ament_cmake: 1.3.11 (/opt/ros/humble/share/ament_cmake/cmake)
-- Found angles: 1.15.0 (/opt/ros/humble/share/angles/cmake)
-- Found controller_interface: 2.48.0 (/opt/ros/humble/share/controller_interface/cmake)
-- Found rosidl_generator_c: 3.1.6 (/opt/ros/humble/share/rosidl_generator_c/cmake)
-- Found rosidl_adapter: 3.1.6 (/opt/ros/humble/share/rosidl_adapter/cmake)
-- Found rosidl_generator_cpp: 3.1.6 (/opt/ros/humble/share/rosidl_generator_cpp/cmake)
-- Using all available rosidl_typesupport_c: rosidl_typesupport_fastrtps_c;rosidl_typesupport_introspection_c
-- Using all available rosidl_typesupport_cpp: rosidl_typesupport_fastrtps_cpp;rosidl_typesupport_introspection_cpp
-- Found rmw_implementation_cmake: 6.1.2 (/opt/ros/humble/share/rmw_implementation_cmake/cmake)
-- Found rmw_fastrtps_cpp: 6.2.7 (/opt/ros/humble/share/rmw_fastrtps_cpp/cmake)
-- Found TinyXML2 via Config file: TinyXML2_DIR-NOTFOUND
-- Found TinyXML2 via Config file: TinyXML2_DIR-NOTFOUND
-- Found TinyXML2 via Config file: TinyXML2_DIR-NOTFOUND
-- Found TinyXML2 via Config file: TinyXML2_DIR-NOTFOUND
-- Using RMW implementation 'rmw_fastrtps_cpp' as default
-- Found joint_trajectory_controller: 2.41.0 (/opt/ros/humble/share/joint_trajectory_controller/cmake)
-- Found std_srvs: 4.2.4 (/opt/ros/humble/share/std_srvs/cmake)
-- Found tf2_geometry_msgs: 0.25.12 (/opt/ros/humble/share/tf2_geometry_msgs/cmake)
-- Found eigen3_cmake_module: 0.1.1 (/opt/ros/humble/share/eigen3_cmake_module/cmake)
-- Ensuring Eigen3 include directory is part of orocos-kdl CMake target
-- Found ur_dashboard_msgs: 2.5.2 (/home/bryant/ws/install/ur_dashboard_msgs/share/ur_dashboard_msgs/cmake)
-- Found ur_msgs: 2.1.0 (/opt/ros/humble/share/ur_msgs/cmake)
-- Found ament_cmake_gmock: 1.3.11 (/opt/ros/humble/share/ament_cmake_gmock/cmake)
-- Found controller_manager: 2.48.0 (/opt/ros/humble/share/controller_manager/cmake)
-- Found ros2_control_test_assets: 2.48.0 (/opt/ros/humble/share/ros2_control_test_assets/cmake)
-- Found gmock sources under '/opt/ros/humble/src/gmock_vendor': C++ tests using 'Google Mock' will be built
-- Found ament_cmake_gtest: 1.3.11 (/opt/ros/humble/share/ament_cmake_gtest/cmake)
-- Found gtest sources under '/opt/ros/humble/src/gtest_vendor': C++ tests using 'Google Test' will be built
-- Configuring done
-- Generating done
-- Build files have been written to: /home/bryant/ws/build/ur_controllers
[  6%] Built target speed_scaling_state_broadcaster_parameters
[ 12%] Built target gpio_controller_parameters
[ 19%] Built target scaled_joint_trajectory_controller_parameters
[ 25%] Built target freedrive_mode_controller_parameters
[ 38%] Built target force_mode_controller_parameters
[ 38%] Built target passthrough_trajectory_controller_parameters
[35m[1mConsolidate compiler generated dependencies of target gmock_main[0m
[35m[1mConsolidate compiler generated dependencies of target gmock[0m
[ 45%] Built target ur_configuration_controller_parameters
[ 48%] [32mBuilding CXX object gmock/CMakeFiles/gmock_main.dir/src/gmock_main.cc.o[0m
[ 51%] [32mBuilding CXX object gmock/CMakeFiles/gmock.dir/src/gmock-all.cc.o[0m
[ 54%] [32mBuilding CXX object gmock/CMakeFiles/gmock.dir/opt/ros/humble/src/gtest_vendor/src/gtest-all.cc.o[0m
[35m[1mConsolidate compiler generated dependencies of target ur_controllers[0m
[ 58%] [32mBuilding CXX object CMakeFiles/ur_controllers.dir/src/scaled_joint_trajectory_controller.cpp.o[0m
[ 61%] [32mBuilding CXX object CMakeFiles/ur_controllers.dir/src/force_mode_controller.cpp.o[0m
[ 64%] [32mBuilding CXX object CMakeFiles/ur_controllers.dir/src/speed_scaling_state_broadcaster.cpp.o[0m
[ 67%] [32m[1mLinking CXX static library libgmock_main.a[0m
[ 67%] Built target gmock_main
[ 70%] [32mBuilding CXX object CMakeFiles/ur_controllers.dir/src/freedrive_mode_controller.cpp.o[0m
[ 74%] [32mBuilding CXX object CMakeFiles/ur_controllers.dir/src/gpio_controller.cpp.o[0m
[ 77%] [32mBuilding CXX object CMakeFiles/ur_controllers.dir/src/passthrough_trajectory_controller.cpp.o[0m
[ 80%] [32mBuilding CXX object CMakeFiles/ur_controllers.dir/src/ur_configuration_controller.cpp.o[0m
[ 83%] [32m[1mLinking CXX static library libgmock.a[0m
[ 83%] Built target gmock
[ 87%] [32m[1mLinking CXX shared library libur_controllers.so[0m
[ 87%] Built target ur_controllers
[35m[1mConsolidate compiler generated dependencies of target test_load_freedrive_mode_controller[0m
[35m[1mConsolidate compiler generated dependencies of target test_load_force_mode_controller[0m
[ 90%] [32mBuilding CXX object CMakeFiles/test_load_freedrive_mode_controller.dir/test/test_load_freedrive_mode_controller.cpp.o[0m
[ 93%] [32mBuilding CXX object CMakeFiles/test_load_force_mode_controller.dir/test/test_load_force_mode_controller.cpp.o[0m
[ 96%] [32m[1mLinking CXX executable test_load_force_mode_controller[0m
[100%] [32m[1mLinking CXX executable test_load_freedrive_mode_controller[0m
[100%] Built target test_load_force_mode_controller
[100%] Built target test_load_freedrive_mode_controller
-- Install configuration: "Release"
-- Up-to-date: /home/bryant/ws/install/ur_controllers/include/ur_controllers
-- Up-to-date: /home/bryant/ws/install/ur_controllers/include/ur_controllers/freedrive_mode_controller_parameters.hpp
-- Up-to-date: /home/bryant/ws/install/ur_controllers/include/ur_controllers/force_mode_controller_parameters.hpp
-- Up-to-date: /home/bryant/ws/install/ur_controllers/include/ur_controllers/speed_scaling_state_broadcaster_parameters.hpp
-- Up-to-date: /home/bryant/ws/install/ur_controllers/include/ur_controllers/ur_configuration_controller_parameters.hpp
-- Up-to-date: /home/bryant/ws/install/ur_controllers/include/ur_controllers/passthrough_trajectory_controller_parameters.hpp
-- Up-to-date: /home/bryant/ws/install/ur_controllers/include/ur_controllers/gpio_controller_parameters.hpp
-- Up-to-date: /home/bryant/ws/install/ur_controllers/include/ur_controllers/scaled_joint_trajectory_controller_parameters.hpp
-- Up-to-date: /home/bryant/ws/install/ur_controllers/include/ur_controllers
-- Up-to-date: /home/bryant/ws/install/ur_controllers/include/ur_controllers/freedrive_mode_controller_parameters.hpp
-- Up-to-date: /home/bryant/ws/install/ur_controllers/include/ur_controllers/force_mode_controller_parameters.hpp
-- Up-to-date: /home/bryant/ws/install/ur_controllers/include/ur_controllers/speed_scaling_state_broadcaster_parameters.hpp
-- Up-to-date: /home/bryant/ws/install/ur_controllers/include/ur_controllers/ur_configuration_controller_parameters.hpp
-- Up-to-date: /home/bryant/ws/install/ur_controllers/include/ur_controllers/passthrough_trajectory_controller_parameters.hpp
-- Up-to-date: /home/bryant/ws/install/ur_controllers/include/ur_controllers/gpio_controller_parameters.hpp
-- Up-to-date: /home/bryant/ws/install/ur_controllers/include/ur_controllers/scaled_joint_trajectory_controller_parameters.hpp
-- Up-to-date: /home/bryant/ws/install/ur_controllers/include/ur_controllers
-- Up-to-date: /home/bryant/ws/install/ur_controllers/include/ur_controllers/freedrive_mode_controller_parameters.hpp
-- Up-to-date: /home/bryant/ws/install/ur_controllers/include/ur_controllers/force_mode_controller_parameters.hpp
-- Up-to-date: /home/bryant/ws/install/ur_controllers/include/ur_controllers/speed_scaling_state_broadcaster_parameters.hpp
-- Up-to-date: /home/bryant/ws/install/ur_controllers/include/ur_controllers/ur_configuration_controller_parameters.hpp
-- Up-to-date: /home/bryant/ws/install/ur_controllers/include/ur_controllers/passthrough_trajectory_controller_parameters.hpp
-- Up-to-date: /home/bryant/ws/install/ur_controllers/include/ur_controllers/gpio_controller_parameters.hpp
-- Up-to-date: /home/bryant/ws/install/ur_controllers/include/ur_controllers/scaled_joint_trajectory_controller_parameters.hpp
-- Up-to-date: /home/bryant/ws/install/ur_controllers/include/ur_controllers
-- Up-to-date: /home/bryant/ws/install/ur_controllers/include/ur_controllers/freedrive_mode_controller_parameters.hpp
-- Up-to-date: /home/bryant/ws/install/ur_controllers/include/ur_controllers/force_mode_controller_parameters.hpp
-- Up-to-date: /home/bryant/ws/install/ur_controllers/include/ur_controllers/speed_scaling_state_broadcaster_parameters.hpp
-- Up-to-date: /home/bryant/ws/install/ur_controllers/include/ur_controllers/ur_configuration_controller_parameters.hpp
-- Up-to-date: /home/bryant/ws/install/ur_controllers/include/ur_controllers/passthrough_trajectory_controller_parameters.hpp
-- Up-to-date: /home/bryant/ws/install/ur_controllers/include/ur_controllers/gpio_controller_parameters.hpp
-- Up-to-date: /home/bryant/ws/install/ur_controllers/include/ur_controllers/scaled_joint_trajectory_controller_parameters.hpp
-- Up-to-date: /home/bryant/ws/install/ur_controllers/include/ur_controllers
-- Up-to-date: /home/bryant/ws/install/ur_controllers/include/ur_controllers/freedrive_mode_controller_parameters.hpp
-- Up-to-date: /home/bryant/ws/install/ur_controllers/include/ur_controllers/force_mode_controller_parameters.hpp
-- Up-to-date: /home/bryant/ws/install/ur_controllers/include/ur_controllers/speed_scaling_state_broadcaster_parameters.hpp
-- Up-to-date: /home/bryant/ws/install/ur_controllers/include/ur_controllers/ur_configuration_controller_parameters.hpp
-- Up-to-date: /home/bryant/ws/install/ur_controllers/include/ur_controllers/passthrough_trajectory_controller_parameters.hpp
-- Up-to-date: /home/bryant/ws/install/ur_controllers/include/ur_controllers/gpio_controller_parameters.hpp
-- Up-to-date: /home/bryant/ws/install/ur_controllers/include/ur_controllers/scaled_joint_trajectory_controller_parameters.hpp
-- Up-to-date: /home/bryant/ws/install/ur_controllers/include/ur_controllers
-- Up-to-date: /home/bryant/ws/install/ur_controllers/include/ur_controllers/freedrive_mode_controller_parameters.hpp
-- Up-to-date: /home/bryant/ws/install/ur_controllers/include/ur_controllers/force_mode_controller_parameters.hpp
-- Up-to-date: /home/bryant/ws/install/ur_controllers/include/ur_controllers/speed_scaling_state_broadcaster_parameters.hpp
-- Up-to-date: /home/bryant/ws/install/ur_controllers/include/ur_controllers/ur_configuration_controller_parameters.hpp
-- Up-to-date: /home/bryant/ws/install/ur_controllers/include/ur_controllers/passthrough_trajectory_controller_parameters.hpp
-- Up-to-date: /home/bryant/ws/install/ur_controllers/include/ur_controllers/gpio_controller_parameters.hpp
-- Up-to-date: /home/bryant/ws/install/ur_controllers/include/ur_controllers/scaled_joint_trajectory_controller_parameters.hpp
-- Up-to-date: /home/bryant/ws/install/ur_controllers/include/ur_controllers
-- Up-to-date: /home/bryant/ws/install/ur_controllers/include/ur_controllers/freedrive_mode_controller_parameters.hpp
-- Up-to-date: /home/bryant/ws/install/ur_controllers/include/ur_controllers/force_mode_controller_parameters.hpp
-- Up-to-date: /home/bryant/ws/install/ur_controllers/include/ur_controllers/speed_scaling_state_broadcaster_parameters.hpp
-- Up-to-date: /home/bryant/ws/install/ur_controllers/include/ur_controllers/ur_configuration_controller_parameters.hpp
-- Up-to-date: /home/bryant/ws/install/ur_controllers/include/ur_controllers/passthrough_trajectory_controller_parameters.hpp
-- Up-to-date: /home/bryant/ws/install/ur_controllers/include/ur_controllers/gpio_controller_parameters.hpp
-- Up-to-date: /home/bryant/ws/install/ur_controllers/include/ur_controllers/scaled_joint_trajectory_controller_parameters.hpp
-- Up-to-date: /home/bryant/ws/install/ur_controllers/share/ur_controllers/controller_plugins.xml
-- Installing: /home/bryant/ws/install/ur_controllers/lib/libur_controllers.so
-- Set runtime path of "/home/bryant/ws/install/ur_controllers/lib/libur_controllers.so" to ""
-- Up-to-date: /home/bryant/ws/install/ur_controllers/include
-- Up-to-date: /home/bryant/ws/install/ur_controllers/include/ur_controllers
-- Up-to-date: /home/bryant/ws/install/ur_controllers/include/ur_controllers/freedrive_mode_controller.hpp
-- Up-to-date: /home/bryant/ws/install/ur_controllers/include/ur_controllers/force_mode_controller.hpp
-- Up-to-date: /home/bryant/ws/install/ur_controllers/include/ur_controllers/gpio_controller.hpp
-- Up-to-date: /home/bryant/ws/install/ur_controllers/include/ur_controllers/passthrough_trajectory_controller.hpp
-- Up-to-date: /home/bryant/ws/install/ur_controllers/include/ur_controllers/speed_scaling_state_broadcaster.hpp
-- Up-to-date: /home/bryant/ws/install/ur_controllers/include/ur_controllers/ur_configuration_controller.hpp
-- Up-to-date: /home/bryant/ws/install/ur_controllers/include/ur_controllers/scaled_joint_trajectory_controller.hpp
-- Up-to-date: /home/bryant/ws/install/ur_controllers/share/ur_controllers/controller_plugins.xml
-- Up-to-date: /home/bryant/ws/install/ur_controllers/share/ur_controllers/environment/library_path.sh
-- Installing: /home/bryant/ws/install/ur_controllers/share/ur_controllers/environment/library_path.dsv
-- Up-to-date: /home/bryant/ws/install/ur_controllers/share/ament_index/resource_index/package_run_dependencies/ur_controllers
-- Up-to-date: /home/bryant/ws/install/ur_controllers/share/ament_index/resource_index/parent_prefix_path/ur_controllers
-- Up-to-date: /home/bryant/ws/install/ur_controllers/share/ur_controllers/environment/ament_prefix_path.sh
-- Installing: /home/bryant/ws/install/ur_controllers/share/ur_controllers/environment/ament_prefix_path.dsv
-- Up-to-date: /home/bryant/ws/install/ur_controllers/share/ur_controllers/environment/path.sh
-- Installing: /home/bryant/ws/install/ur_controllers/share/ur_controllers/environment/path.dsv
-- Up-to-date: /home/bryant/ws/install/ur_controllers/share/ur_controllers/local_setup.bash
-- Up-to-date: /home/bryant/ws/install/ur_controllers/share/ur_controllers/local_setup.sh
-- Up-to-date: /home/bryant/ws/install/ur_controllers/share/ur_controllers/local_setup.zsh
-- Installing: /home/bryant/ws/install/ur_controllers/share/ur_controllers/local_setup.dsv
-- Installing: /home/bryant/ws/install/ur_controllers/share/ur_controllers/package.dsv
-- Up-to-date: /home/bryant/ws/install/ur_controllers/share/ament_index/resource_index/packages/ur_controllers
-- Up-to-date: /home/bryant/ws/install/ur_controllers/share/ament_index/resource_index/controller_interface__pluginlib__plugin/ur_controllers
-- Up-to-date: /home/bryant/ws/install/ur_controllers/share/ur_controllers/cmake/ament_cmake_export_dependencies-extras.cmake
-- Up-to-date: /home/bryant/ws/install/ur_controllers/share/ur_controllers/cmake/ament_cmake_export_include_directories-extras.cmake
-- Up-to-date: /home/bryant/ws/install/ur_controllers/share/ur_controllers/cmake/ament_cmake_export_libraries-extras.cmake
-- Up-to-date: /home/bryant/ws/install/ur_controllers/share/ur_controllers/cmake/ur_controllersConfig.cmake
-- Up-to-date: /home/bryant/ws/install/ur_controllers/share/ur_controllers/cmake/ur_controllersConfig-version.cmake
-- Up-to-date: /home/bryant/ws/install/ur_controllers/share/ur_controllers/package.xml
