[0.028s] Invoking command in '/home/bryant/ws/build/ur_calibration': CMAKE_PREFIX_PATH=/home/bryant/ws/install/ur_robot_driver:/home/bryant/ws/install/ur_controllers:/home/bryant/ws/install/ur_description:/home/bryant/ws/install/ur_dashboard_msgs:/home/bryant/ws/install/warehouse_ros_mongo:/home/bryant/ws/install/warehouse_ros:/home/bryant/ws/install/ur_simulation_gz:/home/bryant/ws/install/ur:/home/bryant/ws/install/ur_calibration:/home/bryant/ws/install/ur_bringup:/home/bryant/ws/install/ur_moveit_config:/home/bryant/ws/install/ur10_moveit_config:/opt/ros/humble LD_LIBRARY_PATH=/home/bryant/ws/install/ur_robot_driver/lib:/home/bryant/ws/install/ur_controllers/lib:/home/bryant/ws/install/ur_dashboard_msgs/lib:/home/bryant/ws/install/warehouse_ros_mongo/lib:/home/bryant/ws/install/warehouse_ros/lib:/usr/lib/x86_64-linux-gnu/gazebo-11/plugins:/opt/ros/humble/opt/rviz_ogre_vendor/lib:/opt/ros/humble/lib/x86_64-linux-gnu:/opt/ros/humble/lib /usr/bin/cmake /home/bryant/ws/src/Universal_Robots_ROS2_Driver/ur_calibration -DCMAKE_BUILD_TYPE=Release -DAMENT_CMAKE_SYMLINK_INSTALL=1 -DCMAKE_INSTALL_PREFIX=/home/bryant/ws/install/ur_calibration
[0.094s] -- The C compiler identification is GNU 11.4.0
[0.155s] -- The CXX compiler identification is GNU 11.4.0
[0.165s] -- Detecting C compiler ABI info
[0.246s] -- Detecting C compiler ABI info - done
[0.252s] -- Check for working C compiler: /usr/bin/cc - skipped
[0.253s] -- Detecting C compile features
[0.253s] -- Detecting C compile features - done
[0.256s] -- Detecting CXX compiler ABI info
[0.351s] -- Detecting CXX compiler ABI info - done
[0.357s] -- Check for working CXX compiler: /usr/bin/c++ - skipped
[0.358s] -- Detecting CXX compile features
[0.358s] -- Detecting CXX compile features - done
[0.362s] -- Found ament_cmake: 1.3.11 (/opt/ros/humble/share/ament_cmake/cmake)
[0.504s] -- Found Python3: /usr/bin/python3 (found version "3.10.12") found components: Interpreter 
[0.559s] -- Override CMake install command with custom implementation using symlinks instead of copying resources
[0.598s] -- Found rclcpp: 16.0.11 (/opt/ros/humble/share/rclcpp/cmake)
[0.645s] -- Found rosidl_generator_c: 3.1.6 (/opt/ros/humble/share/rosidl_generator_c/cmake)
[0.651s] -- Found rosidl_adapter: 3.1.6 (/opt/ros/humble/share/rosidl_adapter/cmake)
[0.660s] -- Found rosidl_generator_cpp: 3.1.6 (/opt/ros/humble/share/rosidl_generator_cpp/cmake)
[0.673s] -- Using all available rosidl_typesupport_c: rosidl_typesupport_fastrtps_c;rosidl_typesupport_introspection_c
[0.690s] -- Using all available rosidl_typesupport_cpp: rosidl_typesupport_fastrtps_cpp;rosidl_typesupport_introspection_cpp
[0.736s] -- Found rmw_implementation_cmake: 6.1.2 (/opt/ros/humble/share/rmw_implementation_cmake/cmake)
[0.739s] -- Found rmw_fastrtps_cpp: 6.2.7 (/opt/ros/humble/share/rmw_fastrtps_cpp/cmake)
[0.852s] -- Found OpenSSL: /usr/lib/x86_64-linux-gnu/libcrypto.so (found version "3.0.2")  
[0.879s] -- Found FastRTPS: /opt/ros/humble/include  
[0.921s] -- Using RMW implementation 'rmw_fastrtps_cpp' as default
[0.931s] -- Looking for pthread.h
[1.019s] -- Looking for pthread.h - found
[1.019s] -- Performing Test CMAKE_HAVE_LIBC_PTHREAD
[1.105s] -- Performing Test CMAKE_HAVE_LIBC_PTHREAD - Success
[1.106s] -- Found Threads: TRUE  
[1.146s] -- Found ur_robot_driver: 2.5.2 (/home/bryant/ws/install/ur_robot_driver/share/ur_robot_driver/cmake)
[1.345s] -- Found eigen3_cmake_module: 0.1.1 (/opt/ros/humble/share/eigen3_cmake_module/cmake)
[1.346s] -- Found Eigen3: TRUE (found version "3.4.0") 
[1.346s] -- Ensuring Eigen3 include directory is part of orocos-kdl CMake target
[1.491s] -- Found ament_cmake_gmock: 1.3.11 (/opt/ros/humble/share/ament_cmake_gmock/cmake)
[1.493s] -- Found gmock sources under '/opt/ros/humble/src/gmock_vendor': C++ tests using 'Google Mock' will be built
[1.498s] -- Found ament_cmake_gtest: 1.3.11 (/opt/ros/humble/share/ament_cmake_gtest/cmake)
[1.499s] -- Found gtest sources under '/opt/ros/humble/src/gtest_vendor': C++ tests using 'Google Test' will be built
[1.562s] -- Configuring done
[1.665s] -- Generating done
[1.676s] -- Build files have been written to: /home/bryant/ws/build/ur_calibration
[1.690s] Invoked command in '/home/bryant/ws/build/ur_calibration' returned '0': CMAKE_PREFIX_PATH=/home/bryant/ws/install/ur_robot_driver:/home/bryant/ws/install/ur_controllers:/home/bryant/ws/install/ur_description:/home/bryant/ws/install/ur_dashboard_msgs:/home/bryant/ws/install/warehouse_ros_mongo:/home/bryant/ws/install/warehouse_ros:/home/bryant/ws/install/ur_simulation_gz:/home/bryant/ws/install/ur:/home/bryant/ws/install/ur_calibration:/home/bryant/ws/install/ur_bringup:/home/bryant/ws/install/ur_moveit_config:/home/bryant/ws/install/ur10_moveit_config:/opt/ros/humble LD_LIBRARY_PATH=/home/bryant/ws/install/ur_robot_driver/lib:/home/bryant/ws/install/ur_controllers/lib:/home/bryant/ws/install/ur_dashboard_msgs/lib:/home/bryant/ws/install/warehouse_ros_mongo/lib:/home/bryant/ws/install/warehouse_ros/lib:/usr/lib/x86_64-linux-gnu/gazebo-11/plugins:/opt/ros/humble/opt/rviz_ogre_vendor/lib:/opt/ros/humble/lib/x86_64-linux-gnu:/opt/ros/humble/lib /usr/bin/cmake /home/bryant/ws/src/Universal_Robots_ROS2_Driver/ur_calibration -DCMAKE_BUILD_TYPE=Release -DAMENT_CMAKE_SYMLINK_INSTALL=1 -DCMAKE_INSTALL_PREFIX=/home/bryant/ws/install/ur_calibration
[1.701s] Invoking command in '/home/bryant/ws/build/ur_calibration': CMAKE_PREFIX_PATH=/home/bryant/ws/install/ur_robot_driver:/home/bryant/ws/install/ur_controllers:/home/bryant/ws/install/ur_description:/home/bryant/ws/install/ur_dashboard_msgs:/home/bryant/ws/install/warehouse_ros_mongo:/home/bryant/ws/install/warehouse_ros:/home/bryant/ws/install/ur_simulation_gz:/home/bryant/ws/install/ur:/home/bryant/ws/install/ur_calibration:/home/bryant/ws/install/ur_bringup:/home/bryant/ws/install/ur_moveit_config:/home/bryant/ws/install/ur10_moveit_config:/opt/ros/humble LD_LIBRARY_PATH=/home/bryant/ws/install/ur_robot_driver/lib:/home/bryant/ws/install/ur_controllers/lib:/home/bryant/ws/install/ur_dashboard_msgs/lib:/home/bryant/ws/install/warehouse_ros_mongo/lib:/home/bryant/ws/install/warehouse_ros/lib:/usr/lib/x86_64-linux-gnu/gazebo-11/plugins:/opt/ros/humble/opt/rviz_ogre_vendor/lib:/opt/ros/humble/lib/x86_64-linux-gnu:/opt/ros/humble/lib /usr/bin/cmake --build /home/bryant/ws/build/ur_calibration -- -j6 -l6
[1.773s] [ 25%] [32mBuilding CXX object gmock/CMakeFiles/gmock_main.dir/src/gmock_main.cc.o[0m
[1.773s] [ 25%] [32mBuilding CXX object CMakeFiles/calibration.dir/src/calibration.cpp.o[0m
[1.773s] [ 33%] [32mBuilding CXX object gmock/CMakeFiles/gmock.dir/opt/ros/humble/src/gtest_vendor/src/gtest-all.cc.o[0m
[1.773s] [ 25%] [32mBuilding CXX object gmock/CMakeFiles/gmock.dir/src/gmock-all.cc.o[0m
[1.773s] [ 41%] [32mBuilding CXX object CMakeFiles/calibration.dir/src/calibration_consumer.cpp.o[0m
[2.698s] [ 50%] [32m[1mLinking CXX static library libgmock_main.a[0m
[2.742s] [ 50%] Built target gmock_main
[7.075s] [ 58%] [32m[1mLinking CXX static library libcalibration.a[0m
[7.126s] [ 58%] Built target calibration
[7.154s] [ 66%] [32mBuilding CXX object CMakeFiles/calibration_correction.dir/src/calibration_correction.cpp.o[0m
[7.313s] [ 75%] [32m[1mLinking CXX static library libgmock.a[0m
[7.366s] [ 75%] Built target gmock
[7.394s] [ 83%] [32mBuilding CXX object CMakeFiles/calibration_test.dir/test/calibration_test.cpp.o[0m
[12.160s] [ 91%] [32m[1mLinking CXX executable calibration_correction[0m
[12.399s] [ 91%] Built target calibration_correction
[13.520s] [100%] [32m[1mLinking CXX executable calibration_test[0m
[13.739s] [100%] Built target calibration_test
[13.752s] Invoked command in '/home/bryant/ws/build/ur_calibration' returned '0': CMAKE_PREFIX_PATH=/home/bryant/ws/install/ur_robot_driver:/home/bryant/ws/install/ur_controllers:/home/bryant/ws/install/ur_description:/home/bryant/ws/install/ur_dashboard_msgs:/home/bryant/ws/install/warehouse_ros_mongo:/home/bryant/ws/install/warehouse_ros:/home/bryant/ws/install/ur_simulation_gz:/home/bryant/ws/install/ur:/home/bryant/ws/install/ur_calibration:/home/bryant/ws/install/ur_bringup:/home/bryant/ws/install/ur_moveit_config:/home/bryant/ws/install/ur10_moveit_config:/opt/ros/humble LD_LIBRARY_PATH=/home/bryant/ws/install/ur_robot_driver/lib:/home/bryant/ws/install/ur_controllers/lib:/home/bryant/ws/install/ur_dashboard_msgs/lib:/home/bryant/ws/install/warehouse_ros_mongo/lib:/home/bryant/ws/install/warehouse_ros/lib:/usr/lib/x86_64-linux-gnu/gazebo-11/plugins:/opt/ros/humble/opt/rviz_ogre_vendor/lib:/opt/ros/humble/lib/x86_64-linux-gnu:/opt/ros/humble/lib /usr/bin/cmake --build /home/bryant/ws/build/ur_calibration -- -j6 -l6
[13.756s] Invoking command in '/home/bryant/ws/build/ur_calibration': CMAKE_PREFIX_PATH=/home/bryant/ws/install/ur_robot_driver:/home/bryant/ws/install/ur_controllers:/home/bryant/ws/install/ur_description:/home/bryant/ws/install/ur_dashboard_msgs:/home/bryant/ws/install/warehouse_ros_mongo:/home/bryant/ws/install/warehouse_ros:/home/bryant/ws/install/ur_simulation_gz:/home/bryant/ws/install/ur:/home/bryant/ws/install/ur_calibration:/home/bryant/ws/install/ur_bringup:/home/bryant/ws/install/ur_moveit_config:/home/bryant/ws/install/ur10_moveit_config:/opt/ros/humble LD_LIBRARY_PATH=/home/bryant/ws/install/ur_robot_driver/lib:/home/bryant/ws/install/ur_controllers/lib:/home/bryant/ws/install/ur_dashboard_msgs/lib:/home/bryant/ws/install/warehouse_ros_mongo/lib:/home/bryant/ws/install/warehouse_ros/lib:/usr/lib/x86_64-linux-gnu/gazebo-11/plugins:/opt/ros/humble/opt/rviz_ogre_vendor/lib:/opt/ros/humble/lib/x86_64-linux-gnu:/opt/ros/humble/lib /usr/bin/cmake --install /home/bryant/ws/build/ur_calibration
[13.765s] -- Install configuration: "Release"
[13.765s] -- Execute custom install script
[13.766s] -- Symlinking: /home/bryant/ws/install/ur_calibration/lib/ur_calibration/calibration_correction
[13.776s] -- Symlinking: /home/bryant/ws/install/ur_calibration/include/ur_calibration/calibration.hpp
[13.789s] -- Symlinking: /home/bryant/ws/install/ur_calibration/include/ur_calibration/calibration_consumer.hpp
[13.803s] -- Symlinking: /home/bryant/ws/install/ur_calibration/share/ur_calibration/launch/calibration_correction.launch.py
[13.817s] -- Symlinking: /home/bryant/ws/install/ur_calibration/share/ament_index/resource_index/package_run_dependencies/ur_calibration
[13.828s] -- Symlinking: /home/bryant/ws/install/ur_calibration/share/ament_index/resource_index/parent_prefix_path/ur_calibration
[13.842s] -- Symlinking: /home/bryant/ws/install/ur_calibration/share/ur_calibration/environment/ament_prefix_path.sh
[13.854s] -- Symlinking: /home/bryant/ws/install/ur_calibration/share/ur_calibration/environment/ament_prefix_path.dsv
[13.865s] -- Symlinking: /home/bryant/ws/install/ur_calibration/share/ur_calibration/environment/path.sh
[13.878s] -- Symlinking: /home/bryant/ws/install/ur_calibration/share/ur_calibration/environment/path.dsv
[13.891s] -- Symlinking: /home/bryant/ws/install/ur_calibration/share/ur_calibration/local_setup.bash
[13.908s] -- Symlinking: /home/bryant/ws/install/ur_calibration/share/ur_calibration/local_setup.sh
[13.920s] -- Symlinking: /home/bryant/ws/install/ur_calibration/share/ur_calibration/local_setup.zsh
[13.932s] -- Symlinking: /home/bryant/ws/install/ur_calibration/share/ur_calibration/local_setup.dsv
[13.944s] -- Symlinking: /home/bryant/ws/install/ur_calibration/share/ur_calibration/package.dsv
[13.955s] -- Symlinking: /home/bryant/ws/install/ur_calibration/share/ament_index/resource_index/packages/ur_calibration
[13.967s] -- Symlinking: /home/bryant/ws/install/ur_calibration/share/ur_calibration/cmake/ament_cmake_export_include_directories-extras.cmake
[13.978s] -- Symlinking: /home/bryant/ws/install/ur_calibration/share/ur_calibration/cmake/ament_cmake_export_dependencies-extras.cmake
[13.991s] -- Symlinking: /home/bryant/ws/install/ur_calibration/share/ur_calibration/cmake/ur_calibrationConfig.cmake
[14.007s] -- Symlinking: /home/bryant/ws/install/ur_calibration/share/ur_calibration/cmake/ur_calibrationConfig-version.cmake
[14.020s] -- Symlinking: /home/bryant/ws/install/ur_calibration/share/ur_calibration/package.xml
[14.036s] Invoked command in '/home/bryant/ws/build/ur_calibration' returned '0': CMAKE_PREFIX_PATH=/home/bryant/ws/install/ur_robot_driver:/home/bryant/ws/install/ur_controllers:/home/bryant/ws/install/ur_description:/home/bryant/ws/install/ur_dashboard_msgs:/home/bryant/ws/install/warehouse_ros_mongo:/home/bryant/ws/install/warehouse_ros:/home/bryant/ws/install/ur_simulation_gz:/home/bryant/ws/install/ur:/home/bryant/ws/install/ur_calibration:/home/bryant/ws/install/ur_bringup:/home/bryant/ws/install/ur_moveit_config:/home/bryant/ws/install/ur10_moveit_config:/opt/ros/humble LD_LIBRARY_PATH=/home/bryant/ws/install/ur_robot_driver/lib:/home/bryant/ws/install/ur_controllers/lib:/home/bryant/ws/install/ur_dashboard_msgs/lib:/home/bryant/ws/install/warehouse_ros_mongo/lib:/home/bryant/ws/install/warehouse_ros/lib:/usr/lib/x86_64-linux-gnu/gazebo-11/plugins:/opt/ros/humble/opt/rviz_ogre_vendor/lib:/opt/ros/humble/lib/x86_64-linux-gnu:/opt/ros/humble/lib /usr/bin/cmake --install /home/bryant/ws/build/ur_calibration
