[35m[1mConsolidate compiler generated dependencies of target waypoint_executor[0m
[100%] Built target waypoint_executor
-- Install configuration: ""
-- Up-to-date: /home/bryant/ws/install/weld_path_planner/lib/weld_path_planner/waypoint_executor
-- Up-to-date: /home/bryant/ws/install/weld_path_planner/lib/weld_path_planner/config
-- Up-to-date: /home/bryant/ws/install/weld_path_planner/lib/weld_path_planner/config/waypoints.csv
-- Up-to-date: /home/bryant/ws/install/weld_path_planner/lib/weld_path_planner/launch
-- Up-to-date: /home/bryant/ws/install/weld_path_planner/lib/weld_path_planner/launch/execute_weld.launch.py
-- Up-to-date: /home/bryant/ws/install/weld_path_planner/share/weld_path_planner/launch
-- Up-to-date: /home/bryant/ws/install/weld_path_planner/share/weld_path_planner/launch/execute_weld.launch.py
-- Up-to-date: /home/bryant/ws/install/weld_path_planner/share/ament_index/resource_index/package_run_dependencies/weld_path_planner
-- Up-to-date: /home/bryant/ws/install/weld_path_planner/share/ament_index/resource_index/parent_prefix_path/weld_path_planner
-- Up-to-date: /home/bryant/ws/install/weld_path_planner/share/weld_path_planner/environment/ament_prefix_path.sh
-- Up-to-date: /home/bryant/ws/install/weld_path_planner/share/weld_path_planner/environment/ament_prefix_path.dsv
-- Up-to-date: /home/bryant/ws/install/weld_path_planner/share/weld_path_planner/environment/path.sh
-- Up-to-date: /home/bryant/ws/install/weld_path_planner/share/weld_path_planner/environment/path.dsv
-- Up-to-date: /home/bryant/ws/install/weld_path_planner/share/weld_path_planner/local_setup.bash
-- Up-to-date: /home/bryant/ws/install/weld_path_planner/share/weld_path_planner/local_setup.sh
-- Up-to-date: /home/bryant/ws/install/weld_path_planner/share/weld_path_planner/local_setup.zsh
-- Up-to-date: /home/bryant/ws/install/weld_path_planner/share/weld_path_planner/local_setup.dsv
-- Installing: /home/bryant/ws/install/weld_path_planner/share/weld_path_planner/package.dsv
-- Up-to-date: /home/bryant/ws/install/weld_path_planner/share/ament_index/resource_index/packages/weld_path_planner
-- Up-to-date: /home/bryant/ws/install/weld_path_planner/share/weld_path_planner/cmake/weld_path_plannerConfig.cmake
-- Up-to-date: /home/bryant/ws/install/weld_path_planner/share/weld_path_planner/cmake/weld_path_plannerConfig-version.cmake
-- Up-to-date: /home/bryant/ws/install/weld_path_planner/share/weld_path_planner/package.xml
