[0.028s] Invoking command in '/home/bryant/ws/build/weld_path_planner': CMAKE_PREFIX_PATH=${CMAKE_PREFIX_PATH}:/opt/ros/humble /usr/bin/cmake --build /home/bryant/ws/build/weld_path_planner -- -j6 -l6
[0.085s] [35m[1mConsolidate compiler generated dependencies of target waypoint_executor[0m
[0.126s] [100%] Built target waypoint_executor
[0.174s] Invoked command in '/home/bryant/ws/build/weld_path_planner' returned '0': CMAKE_PREFIX_PATH=${CMAKE_PREFIX_PATH}:/opt/ros/humble /usr/bin/cmake --build /home/bryant/ws/build/weld_path_planner -- -j6 -l6
[0.174s] Invoking command in '/home/bryant/ws/build/weld_path_planner': CMAKE_PREFIX_PATH=${CMAKE_PREFIX_PATH}:/opt/ros/humble /usr/bin/cmake --install /home/bryant/ws/build/weld_path_planner
[0.189s] -- Install configuration: ""
[0.189s] -- Up-to-date: /home/bryant/ws/install/weld_path_planner/lib/weld_path_planner/waypoint_executor
[0.189s] -- Up-to-date: /home/bryant/ws/install/weld_path_planner/lib/weld_path_planner/config
[0.189s] -- Up-to-date: /home/bryant/ws/install/weld_path_planner/lib/weld_path_planner/config/waypoints.csv
[0.190s] -- Up-to-date: /home/bryant/ws/install/weld_path_planner/lib/weld_path_planner/launch
[0.190s] -- Up-to-date: /home/bryant/ws/install/weld_path_planner/lib/weld_path_planner/launch/execute_weld.launch.py
[0.191s] -- Up-to-date: /home/bryant/ws/install/weld_path_planner/share/weld_path_planner/launch
[0.191s] -- Up-to-date: /home/bryant/ws/install/weld_path_planner/share/weld_path_planner/launch/execute_weld.launch.py
[0.191s] -- Up-to-date: /home/bryant/ws/install/weld_path_planner/share/ament_index/resource_index/package_run_dependencies/weld_path_planner
[0.191s] -- Up-to-date: /home/bryant/ws/install/weld_path_planner/share/ament_index/resource_index/parent_prefix_path/weld_path_planner
[0.191s] -- Up-to-date: /home/bryant/ws/install/weld_path_planner/share/weld_path_planner/environment/ament_prefix_path.sh
[0.191s] -- Up-to-date: /home/bryant/ws/install/weld_path_planner/share/weld_path_planner/environment/ament_prefix_path.dsv
[0.191s] -- Up-to-date: /home/bryant/ws/install/weld_path_planner/share/weld_path_planner/environment/path.sh
[0.191s] -- Up-to-date: /home/bryant/ws/install/weld_path_planner/share/weld_path_planner/environment/path.dsv
[0.191s] -- Up-to-date: /home/bryant/ws/install/weld_path_planner/share/weld_path_planner/local_setup.bash
[0.192s] -- Up-to-date: /home/bryant/ws/install/weld_path_planner/share/weld_path_planner/local_setup.sh
[0.192s] -- Up-to-date: /home/bryant/ws/install/weld_path_planner/share/weld_path_planner/local_setup.zsh
[0.192s] -- Up-to-date: /home/bryant/ws/install/weld_path_planner/share/weld_path_planner/local_setup.dsv
[0.192s] -- Installing: /home/bryant/ws/install/weld_path_planner/share/weld_path_planner/package.dsv
[0.192s] -- Up-to-date: /home/bryant/ws/install/weld_path_planner/share/ament_index/resource_index/packages/weld_path_planner
[0.192s] -- Up-to-date: /home/bryant/ws/install/weld_path_planner/share/weld_path_planner/cmake/weld_path_plannerConfig.cmake
[0.192s] -- Up-to-date: /home/bryant/ws/install/weld_path_planner/share/weld_path_planner/cmake/weld_path_plannerConfig-version.cmake
[0.192s] -- Up-to-date: /home/bryant/ws/install/weld_path_planner/share/weld_path_planner/package.xml
[0.194s] Invoked command in '/home/bryant/ws/build/weld_path_planner' returned '0': CMAKE_PREFIX_PATH=${CMAKE_PREFIX_PATH}:/opt/ros/humble /usr/bin/cmake --install /home/bryant/ws/build/weld_path_planner
