[0.034s] Invoking command in '/home/bryant/ws/build/ur_simulation_gazebo': CMAKE_PREFIX_PATH=/home/bryant/ws/install/ur_moveit_config:/home/bryant/ws/install/ur_controllers:/home/bryant/ws/install/ur_description:/home/bryant/ws/install/ur_dashboard_msgs:/home/bryant/ws/install/weld_path_planner:/home/bryant/ws/install/ur_simulation_gazebo:/home/bryant/ws/install/ur:/home/bryant/ws/install/ur_calibration:/home/bryant/ws/install/ur_robot_driver:/home/bryant/ws/install/ur_bringup:/opt/ros/humble LD_LIBRARY_PATH=/home/bryant/ws/install/ur_controllers/lib:/home/bryant/ws/install/ur_dashboard_msgs/lib:/home/bryant/ws/install/ur_robot_driver/lib:/usr/lib/x86_64-linux-gnu/gazebo-11/plugins:/opt/ros/humble/opt/rviz_ogre_vendor/lib:/opt/ros/humble/lib/x86_64-linux-gnu:/opt/ros/humble/lib /usr/bin/cmake --build /home/bryant/ws/build/ur_simulation_gazebo -- -j6 -l6
[0.100s] Invoked command in '/home/bryant/ws/build/ur_simulation_gazebo' returned '0': CMAKE_PREFIX_PATH=/home/bryant/ws/install/ur_moveit_config:/home/bryant/ws/install/ur_controllers:/home/bryant/ws/install/ur_description:/home/bryant/ws/install/ur_dashboard_msgs:/home/bryant/ws/install/weld_path_planner:/home/bryant/ws/install/ur_simulation_gazebo:/home/bryant/ws/install/ur:/home/bryant/ws/install/ur_calibration:/home/bryant/ws/install/ur_robot_driver:/home/bryant/ws/install/ur_bringup:/opt/ros/humble LD_LIBRARY_PATH=/home/bryant/ws/install/ur_controllers/lib:/home/bryant/ws/install/ur_dashboard_msgs/lib:/home/bryant/ws/install/ur_robot_driver/lib:/usr/lib/x86_64-linux-gnu/gazebo-11/plugins:/opt/ros/humble/opt/rviz_ogre_vendor/lib:/opt/ros/humble/lib/x86_64-linux-gnu:/opt/ros/humble/lib /usr/bin/cmake --build /home/bryant/ws/build/ur_simulation_gazebo -- -j6 -l6
[0.101s] Invoking command in '/home/bryant/ws/build/ur_simulation_gazebo': CMAKE_PREFIX_PATH=/home/bryant/ws/install/ur_moveit_config:/home/bryant/ws/install/ur_controllers:/home/bryant/ws/install/ur_description:/home/bryant/ws/install/ur_dashboard_msgs:/home/bryant/ws/install/weld_path_planner:/home/bryant/ws/install/ur_simulation_gazebo:/home/bryant/ws/install/ur:/home/bryant/ws/install/ur_calibration:/home/bryant/ws/install/ur_robot_driver:/home/bryant/ws/install/ur_bringup:/opt/ros/humble LD_LIBRARY_PATH=/home/bryant/ws/install/ur_controllers/lib:/home/bryant/ws/install/ur_dashboard_msgs/lib:/home/bryant/ws/install/ur_robot_driver/lib:/usr/lib/x86_64-linux-gnu/gazebo-11/plugins:/opt/ros/humble/opt/rviz_ogre_vendor/lib:/opt/ros/humble/lib/x86_64-linux-gnu:/opt/ros/humble/lib /usr/bin/cmake --install /home/bryant/ws/build/ur_simulation_gazebo
[0.111s] -- Install configuration: ""
[0.111s] -- Up-to-date: /home/bryant/ws/install/ur_simulation_gazebo/share/ur_simulation_gazebo/config
[0.112s] -- Up-to-date: /home/bryant/ws/install/ur_simulation_gazebo/share/ur_simulation_gazebo/config/ur_controllers.yaml
[0.112s] -- Up-to-date: /home/bryant/ws/install/ur_simulation_gazebo/share/ur_simulation_gazebo/launch
[0.112s] -- Up-to-date: /home/bryant/ws/install/ur_simulation_gazebo/share/ur_simulation_gazebo/launch/ur_sim_moveit.launch.py
[0.112s] -- Up-to-date: /home/bryant/ws/install/ur_simulation_gazebo/share/ur_simulation_gazebo/launch/ur_sim_control.launch.py
[0.112s] -- Up-to-date: /home/bryant/ws/install/ur_simulation_gazebo/share/ament_index/resource_index/package_run_dependencies/ur_simulation_gazebo
[0.113s] -- Up-to-date: /home/bryant/ws/install/ur_simulation_gazebo/share/ament_index/resource_index/parent_prefix_path/ur_simulation_gazebo
[0.113s] -- Up-to-date: /home/bryant/ws/install/ur_simulation_gazebo/share/ur_simulation_gazebo/environment/ament_prefix_path.sh
[0.114s] -- Up-to-date: /home/bryant/ws/install/ur_simulation_gazebo/share/ur_simulation_gazebo/environment/ament_prefix_path.dsv
[0.114s] -- Up-to-date: /home/bryant/ws/install/ur_simulation_gazebo/share/ur_simulation_gazebo/environment/path.sh
[0.114s] -- Up-to-date: /home/bryant/ws/install/ur_simulation_gazebo/share/ur_simulation_gazebo/environment/path.dsv
[0.114s] -- Up-to-date: /home/bryant/ws/install/ur_simulation_gazebo/share/ur_simulation_gazebo/local_setup.bash
[0.114s] -- Up-to-date: /home/bryant/ws/install/ur_simulation_gazebo/share/ur_simulation_gazebo/local_setup.sh
[0.114s] -- Up-to-date: /home/bryant/ws/install/ur_simulation_gazebo/share/ur_simulation_gazebo/local_setup.zsh
[0.115s] -- Up-to-date: /home/bryant/ws/install/ur_simulation_gazebo/share/ur_simulation_gazebo/local_setup.dsv
[0.115s] -- Up-to-date: /home/bryant/ws/install/ur_simulation_gazebo/share/ur_simulation_gazebo/package.dsv
[0.115s] -- Up-to-date: /home/bryant/ws/install/ur_simulation_gazebo/share/ament_index/resource_index/packages/ur_simulation_gazebo
[0.116s] -- Up-to-date: /home/bryant/ws/install/ur_simulation_gazebo/share/ur_simulation_gazebo/cmake/ur_simulation_gazeboConfig.cmake
[0.116s] -- Up-to-date: /home/bryant/ws/install/ur_simulation_gazebo/share/ur_simulation_gazebo/cmake/ur_simulation_gazeboConfig-version.cmake
[0.117s] -- Up-to-date: /home/bryant/ws/install/ur_simulation_gazebo/share/ur_simulation_gazebo/package.xml
[0.135s] Invoked command in '/home/bryant/ws/build/ur_simulation_gazebo' returned '0': CMAKE_PREFIX_PATH=/home/bryant/ws/install/ur_moveit_config:/home/bryant/ws/install/ur_controllers:/home/bryant/ws/install/ur_description:/home/bryant/ws/install/ur_dashboard_msgs:/home/bryant/ws/install/weld_path_planner:/home/bryant/ws/install/ur_simulation_gazebo:/home/bryant/ws/install/ur:/home/bryant/ws/install/ur_calibration:/home/bryant/ws/install/ur_robot_driver:/home/bryant/ws/install/ur_bringup:/opt/ros/humble LD_LIBRARY_PATH=/home/bryant/ws/install/ur_controllers/lib:/home/bryant/ws/install/ur_dashboard_msgs/lib:/home/bryant/ws/install/ur_robot_driver/lib:/usr/lib/x86_64-linux-gnu/gazebo-11/plugins:/opt/ros/humble/opt/rviz_ogre_vendor/lib:/opt/ros/humble/lib/x86_64-linux-gnu:/opt/ros/humble/lib /usr/bin/cmake --install /home/bryant/ws/build/ur_simulation_gazebo
