[0.031s] Invoking command in '/home/bryant/ws/build/ur_calibration': CMAKE_PREFIX_PATH=/home/bryant/ws/install/ur_robot_driver:/home/bryant/ws/install/ur_controllers:/home/bryant/ws/install/ur_description:/home/bryant/ws/install/ur_dashboard_msgs:/home/bryant/ws/install/weld_path_planner:/home/bryant/ws/install/ur_simulation_gazebo:/home/bryant/ws/install/ur:/home/bryant/ws/install/ur_calibration:/home/bryant/ws/install/ur_moveit_config:/home/bryant/ws/install/ur_bringup:/opt/ros/humble /usr/bin/cmake /home/bryant/ws/src/Universal_Robots_ROS2_Driver/ur_calibration -DCMAKE_BUILD_TYPE=Release -DCMAKE_INSTALL_PREFIX=/home/bryant/ws/install/ur_calibration
[0.046s] -- Found ament_cmake: 1.3.11 (/opt/ros/humble/share/ament_cmake/cmake)
[0.163s] -- Found rclcpp: 16.0.11 (/opt/ros/humble/share/rclcpp/cmake)
[0.188s] -- Found rosidl_generator_c: 3.1.6 (/opt/ros/humble/share/rosidl_generator_c/cmake)
[0.191s] -- Found rosidl_adapter: 3.1.6 (/opt/ros/humble/share/rosidl_adapter/cmake)
[0.196s] -- Found rosidl_generator_cpp: 3.1.6 (/opt/ros/humble/share/rosidl_generator_cpp/cmake)
[0.205s] -- Using all available rosidl_typesupport_c: rosidl_typesupport_fastrtps_c;rosidl_typesupport_introspection_c
[0.215s] -- Using all available rosidl_typesupport_cpp: rosidl_typesupport_fastrtps_cpp;rosidl_typesupport_introspection_cpp
[0.242s] -- Found rmw_implementation_cmake: 6.1.2 (/opt/ros/humble/share/rmw_implementation_cmake/cmake)
[0.244s] -- Found rmw_fastrtps_cpp: 6.2.7 (/opt/ros/humble/share/rmw_fastrtps_cpp/cmake)
[0.350s] -- Using RMW implementation 'rmw_fastrtps_cpp' as default
[0.392s] -- Found ur_robot_driver: 2.5.2 (/home/bryant/ws/install/ur_robot_driver/share/ur_robot_driver/cmake)
[0.564s] -- Found eigen3_cmake_module: 0.1.1 (/opt/ros/humble/share/eigen3_cmake_module/cmake)
[0.564s] -- Ensuring Eigen3 include directory is part of orocos-kdl CMake target
[0.683s] -- Found ament_cmake_gmock: 1.3.11 (/opt/ros/humble/share/ament_cmake_gmock/cmake)
[0.684s] -- Found gmock sources under '/opt/ros/humble/src/gmock_vendor': C++ tests using 'Google Mock' will be built
[0.686s] -- Found ament_cmake_gtest: 1.3.11 (/opt/ros/humble/share/ament_cmake_gtest/cmake)
[0.686s] -- Found gtest sources under '/opt/ros/humble/src/gtest_vendor': C++ tests using 'Google Test' will be built
[0.747s] -- Configuring done
[0.875s] -- Generating done
[0.891s] -- Build files have been written to: /home/bryant/ws/build/ur_calibration
[0.905s] Invoked command in '/home/bryant/ws/build/ur_calibration' returned '0': CMAKE_PREFIX_PATH=/home/bryant/ws/install/ur_robot_driver:/home/bryant/ws/install/ur_controllers:/home/bryant/ws/install/ur_description:/home/bryant/ws/install/ur_dashboard_msgs:/home/bryant/ws/install/weld_path_planner:/home/bryant/ws/install/ur_simulation_gazebo:/home/bryant/ws/install/ur:/home/bryant/ws/install/ur_calibration:/home/bryant/ws/install/ur_moveit_config:/home/bryant/ws/install/ur_bringup:/opt/ros/humble /usr/bin/cmake /home/bryant/ws/src/Universal_Robots_ROS2_Driver/ur_calibration -DCMAKE_BUILD_TYPE=Release -DCMAKE_INSTALL_PREFIX=/home/bryant/ws/install/ur_calibration
[0.906s] Invoking command in '/home/bryant/ws/build/ur_calibration': CMAKE_PREFIX_PATH=/home/bryant/ws/install/ur_robot_driver:/home/bryant/ws/install/ur_controllers:/home/bryant/ws/install/ur_description:/home/bryant/ws/install/ur_dashboard_msgs:/home/bryant/ws/install/weld_path_planner:/home/bryant/ws/install/ur_simulation_gazebo:/home/bryant/ws/install/ur:/home/bryant/ws/install/ur_calibration:/home/bryant/ws/install/ur_moveit_config:/home/bryant/ws/install/ur_bringup:/opt/ros/humble /usr/bin/cmake --build /home/bryant/ws/build/ur_calibration -- -j6 -l6
[0.957s] [35m[1mConsolidate compiler generated dependencies of target gmock_main[0m
[0.957s] [35m[1mConsolidate compiler generated dependencies of target gmock[0m
[0.958s] [35m[1mConsolidate compiler generated dependencies of target calibration[0m
[0.977s] [  8%] [32mBuilding CXX object gmock/CMakeFiles/gmock_main.dir/src/gmock_main.cc.o[0m
[0.979s] [ 16%] [32mBuilding CXX object gmock/CMakeFiles/gmock.dir/src/gmock-all.cc.o[0m
[0.979s] [ 25%] [32mBuilding CXX object gmock/CMakeFiles/gmock.dir/opt/ros/humble/src/gtest_vendor/src/gtest-all.cc.o[0m
[0.996s] [ 33%] [32mBuilding CXX object CMakeFiles/calibration.dir/src/calibration.cpp.o[0m
[0.996s] [ 41%] [32mBuilding CXX object CMakeFiles/calibration.dir/src/calibration_consumer.cpp.o[0m
[1.982s] [ 50%] [32m[1mLinking CXX static library libgmock_main.a[0m
[2.030s] [ 50%] Built target gmock_main
[6.826s] [ 58%] [32m[1mLinking CXX static library libcalibration.a[0m
[6.881s] [ 58%] Built target calibration
[6.898s] [35m[1mConsolidate compiler generated dependencies of target calibration_correction[0m
[6.929s] [ 66%] [32mBuilding CXX object CMakeFiles/calibration_correction.dir/src/calibration_correction.cpp.o[0m
[7.187s] [ 75%] [32m[1mLinking CXX static library libgmock.a[0m
[7.255s] [ 75%] Built target gmock
[7.271s] [35m[1mConsolidate compiler generated dependencies of target calibration_test[0m
[7.305s] [ 83%] [32mBuilding CXX object CMakeFiles/calibration_test.dir/test/calibration_test.cpp.o[0m
[12.095s] [ 91%] [32m[1mLinking CXX executable calibration_correction[0m
[12.323s] [ 91%] Built target calibration_correction
[13.709s] [100%] [32m[1mLinking CXX executable calibration_test[0m
[13.938s] [100%] Built target calibration_test
[13.954s] Invoked command in '/home/bryant/ws/build/ur_calibration' returned '0': CMAKE_PREFIX_PATH=/home/bryant/ws/install/ur_robot_driver:/home/bryant/ws/install/ur_controllers:/home/bryant/ws/install/ur_description:/home/bryant/ws/install/ur_dashboard_msgs:/home/bryant/ws/install/weld_path_planner:/home/bryant/ws/install/ur_simulation_gazebo:/home/bryant/ws/install/ur:/home/bryant/ws/install/ur_calibration:/home/bryant/ws/install/ur_moveit_config:/home/bryant/ws/install/ur_bringup:/opt/ros/humble /usr/bin/cmake --build /home/bryant/ws/build/ur_calibration -- -j6 -l6
[13.958s] Invoking command in '/home/bryant/ws/build/ur_calibration': CMAKE_PREFIX_PATH=/home/bryant/ws/install/ur_robot_driver:/home/bryant/ws/install/ur_controllers:/home/bryant/ws/install/ur_description:/home/bryant/ws/install/ur_dashboard_msgs:/home/bryant/ws/install/weld_path_planner:/home/bryant/ws/install/ur_simulation_gazebo:/home/bryant/ws/install/ur:/home/bryant/ws/install/ur_calibration:/home/bryant/ws/install/ur_moveit_config:/home/bryant/ws/install/ur_bringup:/opt/ros/humble /usr/bin/cmake --install /home/bryant/ws/build/ur_calibration
[13.964s] -- Install configuration: "Release"
[13.965s] -- Installing: /home/bryant/ws/install/ur_calibration/lib/ur_calibration/calibration_correction
[13.967s] -- Set runtime path of "/home/bryant/ws/install/ur_calibration/lib/ur_calibration/calibration_correction" to ""
[13.967s] -- Up-to-date: /home/bryant/ws/install/ur_calibration/include
[13.967s] -- Up-to-date: /home/bryant/ws/install/ur_calibration/include/ur_calibration
[13.967s] -- Up-to-date: /home/bryant/ws/install/ur_calibration/include/ur_calibration/calibration.hpp
[13.968s] -- Up-to-date: /home/bryant/ws/install/ur_calibration/include/ur_calibration/calibration_consumer.hpp
[13.968s] -- Up-to-date: /home/bryant/ws/install/ur_calibration/share/ur_calibration/launch
[13.968s] -- Up-to-date: /home/bryant/ws/install/ur_calibration/share/ur_calibration/launch/calibration_correction.launch.py
[13.968s] -- Up-to-date: /home/bryant/ws/install/ur_calibration/share/ament_index/resource_index/package_run_dependencies/ur_calibration
[13.968s] -- Up-to-date: /home/bryant/ws/install/ur_calibration/share/ament_index/resource_index/parent_prefix_path/ur_calibration
[13.968s] -- Up-to-date: /home/bryant/ws/install/ur_calibration/share/ur_calibration/environment/ament_prefix_path.sh
[13.969s] -- Installing: /home/bryant/ws/install/ur_calibration/share/ur_calibration/environment/ament_prefix_path.dsv
[13.969s] -- Up-to-date: /home/bryant/ws/install/ur_calibration/share/ur_calibration/environment/path.sh
[13.969s] -- Installing: /home/bryant/ws/install/ur_calibration/share/ur_calibration/environment/path.dsv
[13.969s] -- Up-to-date: /home/bryant/ws/install/ur_calibration/share/ur_calibration/local_setup.bash
[13.970s] -- Up-to-date: /home/bryant/ws/install/ur_calibration/share/ur_calibration/local_setup.sh
[13.970s] -- Up-to-date: /home/bryant/ws/install/ur_calibration/share/ur_calibration/local_setup.zsh
[13.970s] -- Installing: /home/bryant/ws/install/ur_calibration/share/ur_calibration/local_setup.dsv
[13.970s] -- Installing: /home/bryant/ws/install/ur_calibration/share/ur_calibration/package.dsv
[13.970s] -- Up-to-date: /home/bryant/ws/install/ur_calibration/share/ament_index/resource_index/packages/ur_calibration
[13.970s] -- Up-to-date: /home/bryant/ws/install/ur_calibration/share/ur_calibration/cmake/ament_cmake_export_include_directories-extras.cmake
[13.970s] -- Up-to-date: /home/bryant/ws/install/ur_calibration/share/ur_calibration/cmake/ament_cmake_export_dependencies-extras.cmake
[13.970s] -- Up-to-date: /home/bryant/ws/install/ur_calibration/share/ur_calibration/cmake/ur_calibrationConfig.cmake
[13.970s] -- Up-to-date: /home/bryant/ws/install/ur_calibration/share/ur_calibration/cmake/ur_calibrationConfig-version.cmake
[13.970s] -- Up-to-date: /home/bryant/ws/install/ur_calibration/share/ur_calibration/package.xml
[13.973s] Invoked command in '/home/bryant/ws/build/ur_calibration' returned '0': CMAKE_PREFIX_PATH=/home/bryant/ws/install/ur_robot_driver:/home/bryant/ws/install/ur_controllers:/home/bryant/ws/install/ur_description:/home/bryant/ws/install/ur_dashboard_msgs:/home/bryant/ws/install/weld_path_planner:/home/bryant/ws/install/ur_simulation_gazebo:/home/bryant/ws/install/ur:/home/bryant/ws/install/ur_calibration:/home/bryant/ws/install/ur_moveit_config:/home/bryant/ws/install/ur_bringup:/opt/ros/humble /usr/bin/cmake --install /home/bryant/ws/build/ur_calibration
