[0.015s] Invoking command in '/home/bryant/ws/build/ur_moveit_config': CMAKE_PREFIX_PATH=/home/bryant/ws/install/ur_description:/home/bryant/ws/install/warehouse_ros_mongo:/home/bryant/ws/install/warehouse_ros:/home/bryant/ws/install/ur_simulation_gz:/home/bryant/ws/install/ur:/home/bryant/ws/install/ur_calibration:/home/bryant/ws/install/ur_robot_driver:/home/bryant/ws/install/ur_bringup:/home/bryant/ws/install/ur_controllers:/home/bryant/ws/install/ur_moveit_config:/home/bryant/ws/install/ur10_moveit_config:/home/bryant/ws/install/ur_dashboard_msgs:/opt/ros/humble /usr/bin/cmake /home/bryant/ws/src/Universal_Robots_ROS2_Driver/ur_moveit_config -DCMAKE_BUILD_TYPE=Release -DAMENT_CMAKE_SYMLINK_INSTALL=1 -DCMAKE_INSTALL_PREFIX=/home/bryant/ws/install/ur_moveit_config
[0.098s] -- The C compiler identification is GNU 11.4.0
[0.171s] -- The CXX compiler identification is GNU 11.4.0
[0.176s] -- Detecting C compiler ABI info
[0.374s] -- Detecting C compiler ABI info - done
[0.381s] -- Check for working C compiler: /usr/bin/cc - skipped
[0.381s] -- Detecting C compile features
[0.382s] -- Detecting C compile features - done
[0.385s] -- Detecting CXX compiler ABI info
[0.601s] -- Detecting CXX compiler ABI info - done
[0.606s] -- Check for working CXX compiler: /usr/bin/c++ - skipped
[0.606s] -- Detecting CXX compile features
[0.607s] -- Detecting CXX compile features - done
[0.609s] -- Found ament_cmake: 1.3.11 (/opt/ros/humble/share/ament_cmake/cmake)
[0.814s] -- Found Python3: /usr/bin/python3 (found version "3.10.12") found components: Interpreter 
[0.896s] -- Override CMake install command with custom implementation using symlinks instead of copying resources
[1.107s] -- Configuring done
[1.107s] -- Generating done
[1.114s] -- Build files have been written to: /home/bryant/ws/build/ur_moveit_config
[1.118s] Invoked command in '/home/bryant/ws/build/ur_moveit_config' returned '0': CMAKE_PREFIX_PATH=/home/bryant/ws/install/ur_description:/home/bryant/ws/install/warehouse_ros_mongo:/home/bryant/ws/install/warehouse_ros:/home/bryant/ws/install/ur_simulation_gz:/home/bryant/ws/install/ur:/home/bryant/ws/install/ur_calibration:/home/bryant/ws/install/ur_robot_driver:/home/bryant/ws/install/ur_bringup:/home/bryant/ws/install/ur_controllers:/home/bryant/ws/install/ur_moveit_config:/home/bryant/ws/install/ur10_moveit_config:/home/bryant/ws/install/ur_dashboard_msgs:/opt/ros/humble /usr/bin/cmake /home/bryant/ws/src/Universal_Robots_ROS2_Driver/ur_moveit_config -DCMAKE_BUILD_TYPE=Release -DAMENT_CMAKE_SYMLINK_INSTALL=1 -DCMAKE_INSTALL_PREFIX=/home/bryant/ws/install/ur_moveit_config
[1.119s] Invoking command in '/home/bryant/ws/build/ur_moveit_config': CMAKE_PREFIX_PATH=/home/bryant/ws/install/ur_description:/home/bryant/ws/install/warehouse_ros_mongo:/home/bryant/ws/install/warehouse_ros:/home/bryant/ws/install/ur_simulation_gz:/home/bryant/ws/install/ur:/home/bryant/ws/install/ur_calibration:/home/bryant/ws/install/ur_robot_driver:/home/bryant/ws/install/ur_bringup:/home/bryant/ws/install/ur_controllers:/home/bryant/ws/install/ur_moveit_config:/home/bryant/ws/install/ur10_moveit_config:/home/bryant/ws/install/ur_dashboard_msgs:/opt/ros/humble /usr/bin/cmake --build /home/bryant/ws/build/ur_moveit_config -- -j6 -l6
[1.186s] Built target ament_cmake_python_symlink_ur_moveit_config
[1.434s] running egg_info
[1.435s] creating ur_moveit_config.egg-info
[1.435s] writing ur_moveit_config.egg-info/PKG-INFO
[1.435s] writing dependency_links to ur_moveit_config.egg-info/dependency_links.txt
[1.435s] writing top-level names to ur_moveit_config.egg-info/top_level.txt
[1.442s] writing manifest file 'ur_moveit_config.egg-info/SOURCES.txt'
[1.444s] reading manifest file 'ur_moveit_config.egg-info/SOURCES.txt'
[1.445s] writing manifest file 'ur_moveit_config.egg-info/SOURCES.txt'
[1.508s] Built target ament_cmake_python_build_ur_moveit_config_egg
[1.526s] Invoked command in '/home/bryant/ws/build/ur_moveit_config' returned '0': CMAKE_PREFIX_PATH=/home/bryant/ws/install/ur_description:/home/bryant/ws/install/warehouse_ros_mongo:/home/bryant/ws/install/warehouse_ros:/home/bryant/ws/install/ur_simulation_gz:/home/bryant/ws/install/ur:/home/bryant/ws/install/ur_calibration:/home/bryant/ws/install/ur_robot_driver:/home/bryant/ws/install/ur_bringup:/home/bryant/ws/install/ur_controllers:/home/bryant/ws/install/ur_moveit_config:/home/bryant/ws/install/ur10_moveit_config:/home/bryant/ws/install/ur_dashboard_msgs:/opt/ros/humble /usr/bin/cmake --build /home/bryant/ws/build/ur_moveit_config -- -j6 -l6
[1.527s] Invoking command in '/home/bryant/ws/build/ur_moveit_config': CMAKE_PREFIX_PATH=/home/bryant/ws/install/ur_description:/home/bryant/ws/install/warehouse_ros_mongo:/home/bryant/ws/install/warehouse_ros:/home/bryant/ws/install/ur_simulation_gz:/home/bryant/ws/install/ur:/home/bryant/ws/install/ur_calibration:/home/bryant/ws/install/ur_robot_driver:/home/bryant/ws/install/ur_bringup:/home/bryant/ws/install/ur_controllers:/home/bryant/ws/install/ur_moveit_config:/home/bryant/ws/install/ur10_moveit_config:/home/bryant/ws/install/ur_dashboard_msgs:/opt/ros/humble /usr/bin/cmake --install /home/bryant/ws/build/ur_moveit_config
[1.537s] -- Install configuration: "Release"
[1.538s] -- Execute custom install script
[1.539s] -- Symlinking: /home/bryant/ws/install/ur_moveit_config/share/ur_moveit_config/config/controllers.yaml
[1.550s] -- Symlinking: /home/bryant/ws/install/ur_moveit_config/share/ur_moveit_config/config/joint_limits.yaml
[1.565s] -- Symlinking: /home/bryant/ws/install/ur_moveit_config/share/ur_moveit_config/config/kinematics.yaml
[1.580s] -- Symlinking: /home/bryant/ws/install/ur_moveit_config/share/ur_moveit_config/config/ompl_planning.yaml
[1.590s] -- Symlinking: /home/bryant/ws/install/ur_moveit_config/share/ur_moveit_config/config/ur_servo.yaml
[1.601s] -- Symlinking: /home/bryant/ws/install/ur_moveit_config/share/ur_moveit_config/launch/ur_moveit.launch.py
[1.611s] -- Symlinking: /home/bryant/ws/install/ur_moveit_config/share/ur_moveit_config/rviz/view_robot.rviz
[1.622s] -- Symlinking: /home/bryant/ws/install/ur_moveit_config/share/ur_moveit_config/srdf/ur.srdf.xacro
[1.632s] -- Symlinking: /home/bryant/ws/install/ur_moveit_config/share/ur_moveit_config/srdf/ur_macro.srdf.xacro
[1.643s] -- Symlinking: /home/bryant/ws/install/ur_moveit_config/share/ur_moveit_config/environment/pythonpath.sh
[1.656s] -- Symlinking: /home/bryant/ws/install/ur_moveit_config/share/ur_moveit_config/environment/pythonpath.dsv
[1.666s] -- Symlinking: /home/bryant/ws/install/ur_moveit_config/local/lib/python3.10/dist-packages/ur_moveit_config-2.5.2-py3.10.egg-info/PKG-INFO
[1.681s] -- Symlinking: /home/bryant/ws/install/ur_moveit_config/local/lib/python3.10/dist-packages/ur_moveit_config-2.5.2-py3.10.egg-info/SOURCES.txt
[1.691s] -- Symlinking: /home/bryant/ws/install/ur_moveit_config/local/lib/python3.10/dist-packages/ur_moveit_config-2.5.2-py3.10.egg-info/dependency_links.txt
[1.700s] -- Symlinking: /home/bryant/ws/install/ur_moveit_config/local/lib/python3.10/dist-packages/ur_moveit_config-2.5.2-py3.10.egg-info/top_level.txt
[1.708s] -- Symlinking: /home/bryant/ws/install/ur_moveit_config/local/lib/python3.10/dist-packages/ur_moveit_config/__init__.py
[1.717s] -- Symlinking: /home/bryant/ws/install/ur_moveit_config/local/lib/python3.10/dist-packages/ur_moveit_config/launch_common.py
[1.725s] -- Symlinking: /home/bryant/ws/install/ur_moveit_config/local/lib/python3.10/dist-packages/launch_common.py
[1.734s] -- Symlinking: /home/bryant/ws/install/ur_moveit_config/share/ament_index/resource_index/package_run_dependencies/ur_moveit_config
[1.742s] -- Symlinking: /home/bryant/ws/install/ur_moveit_config/share/ament_index/resource_index/parent_prefix_path/ur_moveit_config
[1.751s] -- Symlinking: /home/bryant/ws/install/ur_moveit_config/share/ur_moveit_config/environment/ament_prefix_path.sh
[1.765s] -- Symlinking: /home/bryant/ws/install/ur_moveit_config/share/ur_moveit_config/environment/ament_prefix_path.dsv
[1.774s] -- Symlinking: /home/bryant/ws/install/ur_moveit_config/share/ur_moveit_config/environment/path.sh
[1.783s] -- Symlinking: /home/bryant/ws/install/ur_moveit_config/share/ur_moveit_config/environment/path.dsv
[1.792s] -- Symlinking: /home/bryant/ws/install/ur_moveit_config/share/ur_moveit_config/local_setup.bash
[1.801s] -- Symlinking: /home/bryant/ws/install/ur_moveit_config/share/ur_moveit_config/local_setup.sh
[1.815s] -- Symlinking: /home/bryant/ws/install/ur_moveit_config/share/ur_moveit_config/local_setup.zsh
[1.824s] -- Symlinking: /home/bryant/ws/install/ur_moveit_config/share/ur_moveit_config/local_setup.dsv
[1.842s] -- Symlinking: /home/bryant/ws/install/ur_moveit_config/share/ur_moveit_config/package.dsv
[1.878s] -- Symlinking: /home/bryant/ws/install/ur_moveit_config/share/ament_index/resource_index/packages/ur_moveit_config
[1.886s] -- Symlinking: /home/bryant/ws/install/ur_moveit_config/share/ur_moveit_config/cmake/ur_moveit_configConfig.cmake
[1.894s] -- Symlinking: /home/bryant/ws/install/ur_moveit_config/share/ur_moveit_config/cmake/ur_moveit_configConfig-version.cmake
[1.904s] -- Symlinking: /home/bryant/ws/install/ur_moveit_config/share/ur_moveit_config/package.xml
[1.954s] Listing '/home/bryant/ws/install/ur_moveit_config/local/lib/python3.10/dist-packages/ur_moveit_config'...
[1.954s] Compiling '/home/bryant/ws/install/ur_moveit_config/local/lib/python3.10/dist-packages/ur_moveit_config/__init__.py'...
[1.954s] Compiling '/home/bryant/ws/install/ur_moveit_config/local/lib/python3.10/dist-packages/ur_moveit_config/launch_common.py'...
[2.023s] Compiling '/home/bryant/ws/install/ur_moveit_config/local/lib/python3.10/dist-packages/launch_common.py'...
[2.030s] Invoked command in '/home/bryant/ws/build/ur_moveit_config' returned '0': CMAKE_PREFIX_PATH=/home/bryant/ws/install/ur_description:/home/bryant/ws/install/warehouse_ros_mongo:/home/bryant/ws/install/warehouse_ros:/home/bryant/ws/install/ur_simulation_gz:/home/bryant/ws/install/ur:/home/bryant/ws/install/ur_calibration:/home/bryant/ws/install/ur_robot_driver:/home/bryant/ws/install/ur_bringup:/home/bryant/ws/install/ur_controllers:/home/bryant/ws/install/ur_moveit_config:/home/bryant/ws/install/ur10_moveit_config:/home/bryant/ws/install/ur_dashboard_msgs:/opt/ros/humble /usr/bin/cmake --install /home/bryant/ws/build/ur_moveit_config
