[0.035s] Invoking command in '/home/bryant/ws/build/ur_simulation_gazebo': CMAKE_PREFIX_PATH=/home/bryant/ws/install/ur_moveit_config:/home/bryant/ws/install/ur_controllers:/home/bryant/ws/install/ur_description:/home/bryant/ws/install/ur_dashboard_msgs:/home/bryant/ws/install/weld_path_planner:/home/bryant/ws/install/ur_simulation_gazebo:/home/bryant/ws/install/ur:/home/bryant/ws/install/ur_calibration:/home/bryant/ws/install/ur_robot_driver:/home/bryant/ws/install/ur_bringup:/opt/ros/humble LD_LIBRARY_PATH=/home/bryant/ws/install/ur_controllers/lib:/home/bryant/ws/install/ur_dashboard_msgs/lib:/home/bryant/ws/install/ur_robot_driver/lib:/usr/lib/x86_64-linux-gnu/gazebo-11/plugins:/opt/ros/humble/opt/rviz_ogre_vendor/lib:/opt/ros/humble/lib/x86_64-linux-gnu:/opt/ros/humble/lib /usr/bin/cmake /home/bryant/ws/src/Universal_Robots_ROS2_Gazebo_Simulation/ur_simulation_gazebo -DCMAKE_BUILD_TYPE=Release -DCMAKE_INSTALL_PREFIX=/home/bryant/ws/install/ur_simulation_gazebo
[0.047s] -- Found ament_cmake: 1.3.11 (/opt/ros/humble/share/ament_cmake/cmake)
[0.169s] -- Found launch_testing_ament_cmake: 1.0.7 (/opt/ros/humble/share/launch_testing_ament_cmake/cmake)
[0.170s] -- Found python_cmake_module: 0.10.0 (/opt/ros/humble/share/python_cmake_module/cmake)
[0.191s] -- Using PYTHON_EXECUTABLE: /usr/bin/python3
[0.191s] -- Using PYTHON_INCLUDE_DIRS: /usr/include/python3.10
[0.191s] -- Using PYTHON_LIBRARIES: /usr/lib/x86_64-linux-gnu/libpython3.10.so
[0.192s] -- Found ament_cmake_pytest: 1.3.11 (/opt/ros/humble/share/ament_cmake_pytest/cmake)
[0.256s] -- Configuring done
[0.261s] -- Generating done
[0.264s] -- Build files have been written to: /home/bryant/ws/build/ur_simulation_gazebo
[0.270s] Invoked command in '/home/bryant/ws/build/ur_simulation_gazebo' returned '0': CMAKE_PREFIX_PATH=/home/bryant/ws/install/ur_moveit_config:/home/bryant/ws/install/ur_controllers:/home/bryant/ws/install/ur_description:/home/bryant/ws/install/ur_dashboard_msgs:/home/bryant/ws/install/weld_path_planner:/home/bryant/ws/install/ur_simulation_gazebo:/home/bryant/ws/install/ur:/home/bryant/ws/install/ur_calibration:/home/bryant/ws/install/ur_robot_driver:/home/bryant/ws/install/ur_bringup:/opt/ros/humble LD_LIBRARY_PATH=/home/bryant/ws/install/ur_controllers/lib:/home/bryant/ws/install/ur_dashboard_msgs/lib:/home/bryant/ws/install/ur_robot_driver/lib:/usr/lib/x86_64-linux-gnu/gazebo-11/plugins:/opt/ros/humble/opt/rviz_ogre_vendor/lib:/opt/ros/humble/lib/x86_64-linux-gnu:/opt/ros/humble/lib /usr/bin/cmake /home/bryant/ws/src/Universal_Robots_ROS2_Gazebo_Simulation/ur_simulation_gazebo -DCMAKE_BUILD_TYPE=Release -DCMAKE_INSTALL_PREFIX=/home/bryant/ws/install/ur_simulation_gazebo
[0.270s] Invoking command in '/home/bryant/ws/build/ur_simulation_gazebo': CMAKE_PREFIX_PATH=/home/bryant/ws/install/ur_moveit_config:/home/bryant/ws/install/ur_controllers:/home/bryant/ws/install/ur_description:/home/bryant/ws/install/ur_dashboard_msgs:/home/bryant/ws/install/weld_path_planner:/home/bryant/ws/install/ur_simulation_gazebo:/home/bryant/ws/install/ur:/home/bryant/ws/install/ur_calibration:/home/bryant/ws/install/ur_robot_driver:/home/bryant/ws/install/ur_bringup:/opt/ros/humble LD_LIBRARY_PATH=/home/bryant/ws/install/ur_controllers/lib:/home/bryant/ws/install/ur_dashboard_msgs/lib:/home/bryant/ws/install/ur_robot_driver/lib:/usr/lib/x86_64-linux-gnu/gazebo-11/plugins:/opt/ros/humble/opt/rviz_ogre_vendor/lib:/opt/ros/humble/lib/x86_64-linux-gnu:/opt/ros/humble/lib /usr/bin/cmake --build /home/bryant/ws/build/ur_simulation_gazebo -- -j6 -l6
[0.329s] Invoked command in '/home/bryant/ws/build/ur_simulation_gazebo' returned '0': CMAKE_PREFIX_PATH=/home/bryant/ws/install/ur_moveit_config:/home/bryant/ws/install/ur_controllers:/home/bryant/ws/install/ur_description:/home/bryant/ws/install/ur_dashboard_msgs:/home/bryant/ws/install/weld_path_planner:/home/bryant/ws/install/ur_simulation_gazebo:/home/bryant/ws/install/ur:/home/bryant/ws/install/ur_calibration:/home/bryant/ws/install/ur_robot_driver:/home/bryant/ws/install/ur_bringup:/opt/ros/humble LD_LIBRARY_PATH=/home/bryant/ws/install/ur_controllers/lib:/home/bryant/ws/install/ur_dashboard_msgs/lib:/home/bryant/ws/install/ur_robot_driver/lib:/usr/lib/x86_64-linux-gnu/gazebo-11/plugins:/opt/ros/humble/opt/rviz_ogre_vendor/lib:/opt/ros/humble/lib/x86_64-linux-gnu:/opt/ros/humble/lib /usr/bin/cmake --build /home/bryant/ws/build/ur_simulation_gazebo -- -j6 -l6
[0.332s] Invoking command in '/home/bryant/ws/build/ur_simulation_gazebo': CMAKE_PREFIX_PATH=/home/bryant/ws/install/ur_moveit_config:/home/bryant/ws/install/ur_controllers:/home/bryant/ws/install/ur_description:/home/bryant/ws/install/ur_dashboard_msgs:/home/bryant/ws/install/weld_path_planner:/home/bryant/ws/install/ur_simulation_gazebo:/home/bryant/ws/install/ur:/home/bryant/ws/install/ur_calibration:/home/bryant/ws/install/ur_robot_driver:/home/bryant/ws/install/ur_bringup:/opt/ros/humble LD_LIBRARY_PATH=/home/bryant/ws/install/ur_controllers/lib:/home/bryant/ws/install/ur_dashboard_msgs/lib:/home/bryant/ws/install/ur_robot_driver/lib:/usr/lib/x86_64-linux-gnu/gazebo-11/plugins:/opt/ros/humble/opt/rviz_ogre_vendor/lib:/opt/ros/humble/lib/x86_64-linux-gnu:/opt/ros/humble/lib /usr/bin/cmake --install /home/bryant/ws/build/ur_simulation_gazebo
[0.340s] -- Install configuration: "Release"
[0.340s] -- Up-to-date: /home/bryant/ws/install/ur_simulation_gazebo/share/ur_simulation_gazebo/config
[0.340s] -- Up-to-date: /home/bryant/ws/install/ur_simulation_gazebo/share/ur_simulation_gazebo/config/ur_controllers.yaml
[0.340s] -- Up-to-date: /home/bryant/ws/install/ur_simulation_gazebo/share/ur_simulation_gazebo/launch
[0.340s] -- Up-to-date: /home/bryant/ws/install/ur_simulation_gazebo/share/ur_simulation_gazebo/launch/ur_sim_moveit.launch.py
[0.341s] -- Up-to-date: /home/bryant/ws/install/ur_simulation_gazebo/share/ur_simulation_gazebo/launch/ur_sim_control.launch.py
[0.341s] -- Up-to-date: /home/bryant/ws/install/ur_simulation_gazebo/share/ament_index/resource_index/package_run_dependencies/ur_simulation_gazebo
[0.341s] -- Up-to-date: /home/bryant/ws/install/ur_simulation_gazebo/share/ament_index/resource_index/parent_prefix_path/ur_simulation_gazebo
[0.341s] -- Up-to-date: /home/bryant/ws/install/ur_simulation_gazebo/share/ur_simulation_gazebo/environment/ament_prefix_path.sh
[0.341s] -- Installing: /home/bryant/ws/install/ur_simulation_gazebo/share/ur_simulation_gazebo/environment/ament_prefix_path.dsv
[0.341s] -- Up-to-date: /home/bryant/ws/install/ur_simulation_gazebo/share/ur_simulation_gazebo/environment/path.sh
[0.341s] -- Installing: /home/bryant/ws/install/ur_simulation_gazebo/share/ur_simulation_gazebo/environment/path.dsv
[0.341s] -- Up-to-date: /home/bryant/ws/install/ur_simulation_gazebo/share/ur_simulation_gazebo/local_setup.bash
[0.341s] -- Up-to-date: /home/bryant/ws/install/ur_simulation_gazebo/share/ur_simulation_gazebo/local_setup.sh
[0.342s] -- Up-to-date: /home/bryant/ws/install/ur_simulation_gazebo/share/ur_simulation_gazebo/local_setup.zsh
[0.342s] -- Installing: /home/bryant/ws/install/ur_simulation_gazebo/share/ur_simulation_gazebo/local_setup.dsv
[0.342s] -- Installing: /home/bryant/ws/install/ur_simulation_gazebo/share/ur_simulation_gazebo/package.dsv
[0.342s] -- Up-to-date: /home/bryant/ws/install/ur_simulation_gazebo/share/ament_index/resource_index/packages/ur_simulation_gazebo
[0.342s] -- Up-to-date: /home/bryant/ws/install/ur_simulation_gazebo/share/ur_simulation_gazebo/cmake/ur_simulation_gazeboConfig.cmake
[0.343s] -- Up-to-date: /home/bryant/ws/install/ur_simulation_gazebo/share/ur_simulation_gazebo/cmake/ur_simulation_gazeboConfig-version.cmake
[0.343s] -- Up-to-date: /home/bryant/ws/install/ur_simulation_gazebo/share/ur_simulation_gazebo/package.xml
[0.345s] Invoked command in '/home/bryant/ws/build/ur_simulation_gazebo' returned '0': CMAKE_PREFIX_PATH=/home/bryant/ws/install/ur_moveit_config:/home/bryant/ws/install/ur_controllers:/home/bryant/ws/install/ur_description:/home/bryant/ws/install/ur_dashboard_msgs:/home/bryant/ws/install/weld_path_planner:/home/bryant/ws/install/ur_simulation_gazebo:/home/bryant/ws/install/ur:/home/bryant/ws/install/ur_calibration:/home/bryant/ws/install/ur_robot_driver:/home/bryant/ws/install/ur_bringup:/opt/ros/humble LD_LIBRARY_PATH=/home/bryant/ws/install/ur_controllers/lib:/home/bryant/ws/install/ur_dashboard_msgs/lib:/home/bryant/ws/install/ur_robot_driver/lib:/usr/lib/x86_64-linux-gnu/gazebo-11/plugins:/opt/ros/humble/opt/rviz_ogre_vendor/lib:/opt/ros/humble/lib/x86_64-linux-gnu:/opt/ros/humble/lib /usr/bin/cmake --install /home/bryant/ws/build/ur_simulation_gazebo
