-- The C compiler identification is GNU 11.4.0
-- The CXX compiler identification is GNU 11.4.0
-- Detecting C compiler ABI info
-- Detecting C compiler ABI info - done
-- Check for working C compiler: /usr/bin/cc - skipped
-- Detecting C compile features
-- Detecting C compile features - done
-- Detecting CXX compiler ABI info
-- Detecting CXX compiler ABI info - done
-- Check for working CXX compiler: /usr/bin/c++ - skipped
-- Detecting CXX compile features
-- Detecting CXX compile features - done
-- Found ament_cmake: 1.3.11 (/opt/ros/humble/share/ament_cmake/cmake)
-- Found Python3: /usr/bin/python3 (found version "3.10.12") found components: Interpreter 
-- Found rclcpp: 16.0.11 (/opt/ros/humble/share/rclcpp/cmake)
-- Found rosidl_generator_c: 3.1.6 (/opt/ros/humble/share/rosidl_generator_c/cmake)
-- Found rosidl_adapter: 3.1.6 (/opt/ros/humble/share/rosidl_adapter/cmake)
-- Found rosidl_generator_cpp: 3.1.6 (/opt/ros/humble/share/rosidl_generator_cpp/cmake)
-- Using all available rosidl_typesupport_c: rosidl_typesupport_fastrtps_c;rosidl_typesupport_introspection_c
-- Using all available rosidl_typesupport_cpp: rosidl_typesupport_fastrtps_cpp;rosidl_typesupport_introspection_cpp
-- Found rmw_implementation_cmake: 6.1.2 (/opt/ros/humble/share/rmw_implementation_cmake/cmake)
-- Found rmw_fastrtps_cpp: 6.2.7 (/opt/ros/humble/share/rmw_fastrtps_cpp/cmake)
-- Found OpenSSL: /usr/lib/x86_64-linux-gnu/libcrypto.so (found version "3.0.2")  
-- Found FastRTPS: /opt/ros/humble/include  
-- Using RMW implementation 'rmw_fastrtps_cpp' as default
-- Looking for pthread.h
-- Looking for pthread.h - found
-- Performing Test CMAKE_HAVE_LIBC_PTHREAD
-- Performing Test CMAKE_HAVE_LIBC_PTHREAD - Success
-- Found Threads: TRUE  
-- Found moveit_ros_planning_interface: 2.5.8 (/opt/ros/humble/share/moveit_ros_planning_interface/cmake)
-- Found Boost: /usr/lib/x86_64-linux-gnu/cmake/Boost-1.74.0/BoostConfig.cmake (found version "1.74.0") found components: date_time filesystem program_options system thread 
-- Found Boost: /usr/lib/x86_64-linux-gnu/cmake/Boost-1.74.0/BoostConfig.cmake (found version "1.74.0") found components: chrono date_time filesystem iostreams program_options regex serialization system thread 
-- Found parameter_traits: 0.4.0 (/opt/ros/humble/share/parameter_traits/cmake)
-- Found Eigen3: TRUE (found version "3.4.0") 
-- Found rclcpp_lifecycle: 16.0.11 (/opt/ros/humble/share/rclcpp_lifecycle/cmake)
-- Found Boost: /usr/lib/x86_64-linux-gnu/cmake/Boost-1.74.0/BoostConfig.cmake (found version "1.74.0") found components: filesystem 
-- library: /usr/lib/x86_64-linux-gnu/libcurl.so
-- Ensuring Eigen3 include directory is part of orocos-kdl CMake target
-- Found Boost: /usr/lib/x86_64-linux-gnu/cmake/Boost-1.74.0/BoostConfig.cmake (found version "1.74.0") found components: system filesystem date_time program_options thread chrono 
-- Found Boost: /usr/lib/x86_64-linux-gnu/cmake/Boost-1.74.0/BoostConfig.cmake (found version "1.74.0") found components: thread system filesystem regex date_time program_options 
-- Found Boost: /usr/lib/x86_64-linux-gnu/cmake/Boost-1.74.0/BoostConfig.cmake (found version "1.74.0") found components: system filesystem date_time program_options thread 
-- Configuring done
-- Generating done
-- Build files have been written to: /home/bryant/ws/build/weld_path_planner
[ 50%] [32mBuilding CXX object CMakeFiles/waypoint_executor.dir/src/waypoint_executor.cpp.o[0m
[100%] [32m[1mLinking CXX executable waypoint_executor[0m
[100%] Built target waypoint_executor
-- Install configuration: ""
-- Installing: /home/bryant/ws/install/weld_path_planner/lib/weld_path_planner/waypoint_executor
-- Set runtime path of "/home/bryant/ws/install/weld_path_planner/lib/weld_path_planner/waypoint_executor" to ""
-- Installing: /home/bryant/ws/install/weld_path_planner/lib/weld_path_planner/config
-- Installing: /home/bryant/ws/install/weld_path_planner/lib/weld_path_planner/config/waypoints.csv
-- Installing: /home/bryant/ws/install/weld_path_planner/lib/weld_path_planner/launch
-- Installing: /home/bryant/ws/install/weld_path_planner/lib/weld_path_planner/launch/execute_weld.launch.py
-- Installing: /home/bryant/ws/install/weld_path_planner/share/weld_path_planner/launch
-- Installing: /home/bryant/ws/install/weld_path_planner/share/weld_path_planner/launch/execute_weld.launch.py
-- Installing: /home/bryant/ws/install/weld_path_planner/share/ament_index/resource_index/package_run_dependencies/weld_path_planner
-- Installing: /home/bryant/ws/install/weld_path_planner/share/ament_index/resource_index/parent_prefix_path/weld_path_planner
-- Installing: /home/bryant/ws/install/weld_path_planner/share/weld_path_planner/environment/ament_prefix_path.sh
-- Installing: /home/bryant/ws/install/weld_path_planner/share/weld_path_planner/environment/ament_prefix_path.dsv
-- Installing: /home/bryant/ws/install/weld_path_planner/share/weld_path_planner/environment/path.sh
-- Installing: /home/bryant/ws/install/weld_path_planner/share/weld_path_planner/environment/path.dsv
-- Installing: /home/bryant/ws/install/weld_path_planner/share/weld_path_planner/local_setup.bash
-- Installing: /home/bryant/ws/install/weld_path_planner/share/weld_path_planner/local_setup.sh
-- Installing: /home/bryant/ws/install/weld_path_planner/share/weld_path_planner/local_setup.zsh
-- Installing: /home/bryant/ws/install/weld_path_planner/share/weld_path_planner/local_setup.dsv
-- Installing: /home/bryant/ws/install/weld_path_planner/share/weld_path_planner/package.dsv
-- Installing: /home/bryant/ws/install/weld_path_planner/share/ament_index/resource_index/packages/weld_path_planner
-- Installing: /home/bryant/ws/install/weld_path_planner/share/weld_path_planner/cmake/weld_path_plannerConfig.cmake
-- Installing: /home/bryant/ws/install/weld_path_planner/share/weld_path_planner/cmake/weld_path_plannerConfig-version.cmake
-- Installing: /home/bryant/ws/install/weld_path_planner/share/weld_path_planner/package.xml
