[0.024s] Invoking command in '/home/bryant/ws/build/weld_path_planner': CMAKE_PREFIX_PATH=${CMAKE_PREFIX_PATH}:/opt/ros/humble /usr/bin/cmake /home/bryant/ws/src/weld_path_planner -DCMAKE_INSTALL_PREFIX=/home/bryant/ws/install/weld_path_planner
[0.289s] -- The C compiler identification is GNU 11.4.0
[0.472s] -- The CXX compiler identification is GNU 11.4.0
[0.483s] -- Detecting C compiler ABI info
[0.589s] -- Detecting C compiler ABI info - done
[0.598s] -- Check for working C compiler: /usr/bin/cc - skipped
[0.598s] -- Detecting C compile features
[0.599s] -- Detecting C compile features - done
[0.602s] -- Detecting CXX compiler ABI info
[0.724s] -- Detecting CXX compiler ABI info - done
[0.731s] -- Check for working CXX compiler: /usr/bin/c++ - skipped
[0.732s] -- Detecting CXX compile features
[0.733s] -- Detecting CXX compile features - done
[0.737s] -- Found ament_cmake: 1.3.11 (/opt/ros/humble/share/ament_cmake/cmake)
[0.900s] -- Found Python3: /usr/bin/python3 (found version "3.10.12") found components: Interpreter 
[1.054s] -- Found rclcpp: 16.0.11 (/opt/ros/humble/share/rclcpp/cmake)
[1.138s] -- Found rosidl_generator_c: 3.1.6 (/opt/ros/humble/share/rosidl_generator_c/cmake)
[1.143s] -- Found rosidl_adapter: 3.1.6 (/opt/ros/humble/share/rosidl_adapter/cmake)
[1.155s] -- Found rosidl_generator_cpp: 3.1.6 (/opt/ros/humble/share/rosidl_generator_cpp/cmake)
[1.181s] -- Using all available rosidl_typesupport_c: rosidl_typesupport_fastrtps_c;rosidl_typesupport_introspection_c
[1.199s] -- Using all available rosidl_typesupport_cpp: rosidl_typesupport_fastrtps_cpp;rosidl_typesupport_introspection_cpp
[1.305s] -- Found rmw_implementation_cmake: 6.1.2 (/opt/ros/humble/share/rmw_implementation_cmake/cmake)
[1.313s] -- Found rmw_fastrtps_cpp: 6.2.7 (/opt/ros/humble/share/rmw_fastrtps_cpp/cmake)
[1.515s] -- Found OpenSSL: /usr/lib/x86_64-linux-gnu/libcrypto.so (found version "3.0.2")  
[1.553s] -- Found FastRTPS: /opt/ros/humble/include  
[1.597s] -- Using RMW implementation 'rmw_fastrtps_cpp' as default
[1.616s] -- Looking for pthread.h
[1.755s] -- Looking for pthread.h - found
[1.755s] -- Performing Test CMAKE_HAVE_LIBC_PTHREAD
[1.854s] -- Performing Test CMAKE_HAVE_LIBC_PTHREAD - Success
[1.855s] -- Found Threads: TRUE  
[1.969s] -- Found moveit_ros_planning_interface: 2.5.8 (/opt/ros/humble/share/moveit_ros_planning_interface/cmake)
[2.042s] -- Found Boost: /usr/lib/x86_64-linux-gnu/cmake/Boost-1.74.0/BoostConfig.cmake (found version "1.74.0") found components: date_time filesystem program_options system thread 
[2.411s] -- Found Boost: /usr/lib/x86_64-linux-gnu/cmake/Boost-1.74.0/BoostConfig.cmake (found version "1.74.0") found components: chrono date_time filesystem iostreams program_options regex serialization system thread 
[2.503s] -- Found parameter_traits: 0.4.0 (/opt/ros/humble/share/parameter_traits/cmake)
[2.542s] -- Found Eigen3: TRUE (found version "3.4.0") 
[2.551s] -- Found rclcpp_lifecycle: 16.0.11 (/opt/ros/humble/share/rclcpp_lifecycle/cmake)
[2.628s] -- Found Boost: /usr/lib/x86_64-linux-gnu/cmake/Boost-1.74.0/BoostConfig.cmake (found version "1.74.0") found components: filesystem 
[2.896s] -- library: /usr/lib/x86_64-linux-gnu/libcurl.so
[3.000s] -- Ensuring Eigen3 include directory is part of orocos-kdl CMake target
[3.355s] -- Found Boost: /usr/lib/x86_64-linux-gnu/cmake/Boost-1.74.0/BoostConfig.cmake (found version "1.74.0") found components: system filesystem date_time program_options thread chrono 
[3.393s] -- Found Boost: /usr/lib/x86_64-linux-gnu/cmake/Boost-1.74.0/BoostConfig.cmake (found version "1.74.0") found components: thread system filesystem regex date_time program_options 
[3.418s] -- Found Boost: /usr/lib/x86_64-linux-gnu/cmake/Boost-1.74.0/BoostConfig.cmake (found version "1.74.0") found components: system filesystem date_time program_options thread 
[3.549s] -- Configuring done
[3.592s] -- Generating done
[3.600s] -- Build files have been written to: /home/bryant/ws/build/weld_path_planner
[3.615s] Invoked command in '/home/bryant/ws/build/weld_path_planner' returned '0': CMAKE_PREFIX_PATH=${CMAKE_PREFIX_PATH}:/opt/ros/humble /usr/bin/cmake /home/bryant/ws/src/weld_path_planner -DCMAKE_INSTALL_PREFIX=/home/bryant/ws/install/weld_path_planner
[3.617s] Invoking command in '/home/bryant/ws/build/weld_path_planner': CMAKE_PREFIX_PATH=${CMAKE_PREFIX_PATH}:/opt/ros/humble /usr/bin/cmake --build /home/bryant/ws/build/weld_path_planner -- -j6 -l6
[3.686s] [ 50%] [32mBuilding CXX object CMakeFiles/waypoint_executor.dir/src/waypoint_executor.cpp.o[0m
[14.709s] [100%] [32m[1mLinking CXX executable waypoint_executor[0m
[15.303s] [100%] Built target waypoint_executor
[15.320s] Invoked command in '/home/bryant/ws/build/weld_path_planner' returned '0': CMAKE_PREFIX_PATH=${CMAKE_PREFIX_PATH}:/opt/ros/humble /usr/bin/cmake --build /home/bryant/ws/build/weld_path_planner -- -j6 -l6
[15.322s] Invoking command in '/home/bryant/ws/build/weld_path_planner': CMAKE_PREFIX_PATH=${CMAKE_PREFIX_PATH}:/opt/ros/humble /usr/bin/cmake --install /home/bryant/ws/build/weld_path_planner
[15.331s] -- Install configuration: ""
[15.332s] -- Installing: /home/bryant/ws/install/weld_path_planner/lib/weld_path_planner/waypoint_executor
[15.332s] -- Set runtime path of "/home/bryant/ws/install/weld_path_planner/lib/weld_path_planner/waypoint_executor" to ""
[15.332s] -- Installing: /home/bryant/ws/install/weld_path_planner/lib/weld_path_planner/config
[15.332s] -- Installing: /home/bryant/ws/install/weld_path_planner/lib/weld_path_planner/config/waypoints.csv
[15.332s] -- Installing: /home/bryant/ws/install/weld_path_planner/lib/weld_path_planner/launch
[15.332s] -- Installing: /home/bryant/ws/install/weld_path_planner/lib/weld_path_planner/launch/execute_weld.launch.py
[15.332s] -- Installing: /home/bryant/ws/install/weld_path_planner/share/weld_path_planner/launch
[15.332s] -- Installing: /home/bryant/ws/install/weld_path_planner/share/weld_path_planner/launch/execute_weld.launch.py
[15.333s] -- Installing: /home/bryant/ws/install/weld_path_planner/share/ament_index/resource_index/package_run_dependencies/weld_path_planner
[15.333s] -- Installing: /home/bryant/ws/install/weld_path_planner/share/ament_index/resource_index/parent_prefix_path/weld_path_planner
[15.333s] -- Installing: /home/bryant/ws/install/weld_path_planner/share/weld_path_planner/environment/ament_prefix_path.sh
[15.334s] -- Installing: /home/bryant/ws/install/weld_path_planner/share/weld_path_planner/environment/ament_prefix_path.dsv
[15.334s] -- Installing: /home/bryant/ws/install/weld_path_planner/share/weld_path_planner/environment/path.sh
[15.334s] -- Installing: /home/bryant/ws/install/weld_path_planner/share/weld_path_planner/environment/path.dsv
[15.334s] -- Installing: /home/bryant/ws/install/weld_path_planner/share/weld_path_planner/local_setup.bash
[15.334s] -- Installing: /home/bryant/ws/install/weld_path_planner/share/weld_path_planner/local_setup.sh
[15.335s] -- Installing: /home/bryant/ws/install/weld_path_planner/share/weld_path_planner/local_setup.zsh
[15.335s] -- Installing: /home/bryant/ws/install/weld_path_planner/share/weld_path_planner/local_setup.dsv
[15.335s] -- Installing: /home/bryant/ws/install/weld_path_planner/share/weld_path_planner/package.dsv
[15.336s] -- Installing: /home/bryant/ws/install/weld_path_planner/share/ament_index/resource_index/packages/weld_path_planner
[15.336s] -- Installing: /home/bryant/ws/install/weld_path_planner/share/weld_path_planner/cmake/weld_path_plannerConfig.cmake
[15.336s] -- Installing: /home/bryant/ws/install/weld_path_planner/share/weld_path_planner/cmake/weld_path_plannerConfig-version.cmake
[15.336s] -- Installing: /home/bryant/ws/install/weld_path_planner/share/weld_path_planner/package.xml
[15.339s] Invoked command in '/home/bryant/ws/build/weld_path_planner' returned '0': CMAKE_PREFIX_PATH=${CMAKE_PREFIX_PATH}:/opt/ros/humble /usr/bin/cmake --install /home/bryant/ws/build/weld_path_planner
