[0.027s] Invoking command in '/home/bryant/ws/build/ur_robot_driver': CMAKE_PREFIX_PATH=/home/bryant/ws/install/ur_controllers:/home/bryant/ws/install/ur_description:/home/bryant/ws/install/ur_dashboard_msgs:/home/bryant/ws/install/warehouse_ros_mongo:/home/bryant/ws/install/warehouse_ros:/home/bryant/ws/install/ur_simulation_gz:/home/bryant/ws/install/ur:/home/bryant/ws/install/ur_calibration:/home/bryant/ws/install/ur_robot_driver:/home/bryant/ws/install/ur_bringup:/home/bryant/ws/install/ur_moveit_config:/home/bryant/ws/install/ur10_moveit_config:/opt/ros/humble LD_LIBRARY_PATH=/home/bryant/ws/install/ur_controllers/lib:/home/bryant/ws/install/ur_dashboard_msgs/lib:/home/bryant/ws/install/warehouse_ros_mongo/lib:/home/bryant/ws/install/warehouse_ros/lib:/home/bryant/ws/install/ur_robot_driver/lib:/usr/lib/x86_64-linux-gnu/gazebo-11/plugins:/opt/ros/humble/opt/rviz_ogre_vendor/lib:/opt/ros/humble/lib/x86_64-linux-gnu:/opt/ros/humble/lib /usr/bin/cmake /home/bryant/ws/src/Universal_Robots_ROS2_Driver/ur_robot_driver -DCMAKE_BUILD_TYPE=Release -DAMENT_CMAKE_SYMLINK_INSTALL=1 -DCMAKE_INSTALL_PREFIX=/home/bryant/ws/install/ur_robot_driver
[0.092s] -- The C compiler identification is GNU 11.4.0
[0.160s] -- The CXX compiler identification is GNU 11.4.0
[0.169s] -- Detecting C compiler ABI info
[0.254s] -- Detecting C compiler ABI info - done
[0.261s] -- Check for working C compiler: /usr/bin/cc - skipped
[0.261s] -- Detecting C compile features
[0.262s] -- Detecting C compile features - done
[0.265s] -- Detecting CXX compiler ABI info
[0.360s] -- Detecting CXX compiler ABI info - done
[0.367s] -- Check for working CXX compiler: /usr/bin/c++ - skipped
[0.368s] -- Detecting CXX compile features
[0.368s] -- Detecting CXX compile features - done
[0.371s] -- Found ament_cmake: 1.3.11 (/opt/ros/humble/share/ament_cmake/cmake)
[0.518s] -- Found Python3: /usr/bin/python3 (found version "3.10.12") found components: Interpreter 
[0.578s] -- Override CMake install command with custom implementation using symlinks instead of copying resources
[0.618s] -- Found controller_manager: 2.48.0 (/opt/ros/humble/share/controller_manager/cmake)
[0.673s] -- Found rosidl_generator_c: 3.1.6 (/opt/ros/humble/share/rosidl_generator_c/cmake)
[0.681s] -- Found rosidl_adapter: 3.1.6 (/opt/ros/humble/share/rosidl_adapter/cmake)
[0.691s] -- Found rosidl_generator_cpp: 3.1.6 (/opt/ros/humble/share/rosidl_generator_cpp/cmake)
[0.704s] -- Using all available rosidl_typesupport_c: rosidl_typesupport_fastrtps_c;rosidl_typesupport_introspection_c
[0.722s] -- Using all available rosidl_typesupport_cpp: rosidl_typesupport_fastrtps_cpp;rosidl_typesupport_introspection_cpp
[0.930s] -- Found rmw_implementation_cmake: 6.1.2 (/opt/ros/humble/share/rmw_implementation_cmake/cmake)
[0.934s] -- Found rmw_fastrtps_cpp: 6.2.7 (/opt/ros/humble/share/rmw_fastrtps_cpp/cmake)
[0.963s] -- Found TinyXML2 via Config file: TinyXML2_DIR-NOTFOUND
[1.050s] -- Found OpenSSL: /usr/lib/x86_64-linux-gnu/libcrypto.so (found version "3.0.2")  
[1.053s] -- Found TinyXML2 via Config file: TinyXML2_DIR-NOTFOUND
[1.067s] -- Found FastRTPS: /opt/ros/humble/include  
[1.070s] -- Found TinyXML2 via Config file: TinyXML2_DIR-NOTFOUND
[1.079s] -- Found TinyXML2 via Config file: TinyXML2_DIR-NOTFOUND
[1.091s] -- Using RMW implementation 'rmw_fastrtps_cpp' as default
[1.103s] -- Looking for pthread.h
[1.213s] -- Looking for pthread.h - found
[1.214s] -- Performing Test CMAKE_HAVE_LIBC_PTHREAD
[1.335s] -- Performing Test CMAKE_HAVE_LIBC_PTHREAD - Success
[1.336s] -- Found Threads: TRUE  
[1.422s] -- Found rclpy: 3.3.15 (/opt/ros/humble/share/rclpy/cmake)
[1.424s] -- Found std_srvs: 4.2.4 (/opt/ros/humble/share/std_srvs/cmake)
[1.435s] -- Found tf2_geometry_msgs: 0.25.12 (/opt/ros/humble/share/tf2_geometry_msgs/cmake)
[1.452s] -- Found eigen3_cmake_module: 0.1.1 (/opt/ros/humble/share/eigen3_cmake_module/cmake)
[1.454s] -- Found Eigen3: TRUE (found version "3.4.0") 
[1.454s] -- Ensuring Eigen3 include directory is part of orocos-kdl CMake target
[1.511s] -- Found ur_dashboard_msgs: 2.5.2 (/home/bryant/ws/install/ur_dashboard_msgs/share/ur_dashboard_msgs/cmake)
[1.527s] -- Found ur_msgs: 2.1.0 (/opt/ros/humble/share/ur_msgs/cmake)
[1.774s] -- Found ur_controllers: 2.5.2 (/home/bryant/ws/install/ur_controllers/share/ur_controllers/cmake)
[1.867s] -- Found ur_description: 2.1.10 (/home/bryant/ws/install/ur_description/share/ur_description/cmake)
[1.869s] -- Found launch_testing_ament_cmake: 1.0.7 (/opt/ros/humble/share/launch_testing_ament_cmake/cmake)
[1.872s] -- Found python_cmake_module: 0.10.0 (/opt/ros/humble/share/python_cmake_module/cmake)
[1.894s] -- Found PythonInterp: /usr/bin/python3 (found suitable version "3.10.12", minimum required is "3.6") 
[1.899s] -- Found PythonLibs: /usr/lib/x86_64-linux-gnu/libpython3.10.so (found suitable version "3.10.12", minimum required is "3.5") 
[1.899s] -- Using PYTHON_EXECUTABLE: /usr/bin/python3
[1.899s] -- Using PYTHON_INCLUDE_DIRS: /usr/include/python3.10
[1.899s] -- Using PYTHON_LIBRARIES: /usr/lib/x86_64-linux-gnu/libpython3.10.so
[1.919s] -- Found PythonExtra: .so  
[1.920s] -- Configuring done
[2.057s] -- Generating done
[2.074s] -- Build files have been written to: /home/bryant/ws/build/ur_robot_driver
[2.087s] Invoked command in '/home/bryant/ws/build/ur_robot_driver' returned '0': CMAKE_PREFIX_PATH=/home/bryant/ws/install/ur_controllers:/home/bryant/ws/install/ur_description:/home/bryant/ws/install/ur_dashboard_msgs:/home/bryant/ws/install/warehouse_ros_mongo:/home/bryant/ws/install/warehouse_ros:/home/bryant/ws/install/ur_simulation_gz:/home/bryant/ws/install/ur:/home/bryant/ws/install/ur_calibration:/home/bryant/ws/install/ur_robot_driver:/home/bryant/ws/install/ur_bringup:/home/bryant/ws/install/ur_moveit_config:/home/bryant/ws/install/ur10_moveit_config:/opt/ros/humble LD_LIBRARY_PATH=/home/bryant/ws/install/ur_controllers/lib:/home/bryant/ws/install/ur_dashboard_msgs/lib:/home/bryant/ws/install/warehouse_ros_mongo/lib:/home/bryant/ws/install/warehouse_ros/lib:/home/bryant/ws/install/ur_robot_driver/lib:/usr/lib/x86_64-linux-gnu/gazebo-11/plugins:/opt/ros/humble/opt/rviz_ogre_vendor/lib:/opt/ros/humble/lib/x86_64-linux-gnu:/opt/ros/humble/lib /usr/bin/cmake /home/bryant/ws/src/Universal_Robots_ROS2_Driver/ur_robot_driver -DCMAKE_BUILD_TYPE=Release -DAMENT_CMAKE_SYMLINK_INSTALL=1 -DCMAKE_INSTALL_PREFIX=/home/bryant/ws/install/ur_robot_driver
[2.091s] Invoking command in '/home/bryant/ws/build/ur_robot_driver': CMAKE_PREFIX_PATH=/home/bryant/ws/install/ur_controllers:/home/bryant/ws/install/ur_description:/home/bryant/ws/install/ur_dashboard_msgs:/home/bryant/ws/install/warehouse_ros_mongo:/home/bryant/ws/install/warehouse_ros:/home/bryant/ws/install/ur_simulation_gz:/home/bryant/ws/install/ur:/home/bryant/ws/install/ur_calibration:/home/bryant/ws/install/ur_robot_driver:/home/bryant/ws/install/ur_bringup:/home/bryant/ws/install/ur_moveit_config:/home/bryant/ws/install/ur10_moveit_config:/opt/ros/humble LD_LIBRARY_PATH=/home/bryant/ws/install/ur_controllers/lib:/home/bryant/ws/install/ur_dashboard_msgs/lib:/home/bryant/ws/install/warehouse_ros_mongo/lib:/home/bryant/ws/install/warehouse_ros/lib:/home/bryant/ws/install/ur_robot_driver/lib:/usr/lib/x86_64-linux-gnu/gazebo-11/plugins:/opt/ros/humble/opt/rviz_ogre_vendor/lib:/opt/ros/humble/lib/x86_64-linux-gnu:/opt/ros/humble/lib /usr/bin/cmake --build /home/bryant/ws/build/ur_robot_driver -- -j6 -l6
[2.156s] [ 13%] [32mBuilding CXX object CMakeFiles/dashboard_client.dir/src/dashboard_client_ros.cpp.o[0m
[2.157s] [ 13%] [32mBuilding CXX object CMakeFiles/ur_ros2_control_node.dir/src/ur_ros2_control_node.cpp.o[0m
[2.161s] [ 20%] [32mBuilding CXX object CMakeFiles/controller_stopper_node.dir/src/controller_stopper.cpp.o[0m
[2.161s] [ 26%] [32mBuilding CXX object CMakeFiles/urscript_interface.dir/src/urscript_interface.cpp.o[0m
[2.161s] [ 33%] [32mBuilding CXX object CMakeFiles/ur_robot_driver_plugin.dir/src/dashboard_client_ros.cpp.o[0m
[2.169s] [ 33%] Built target ament_cmake_python_symlink_ur_robot_driver
[2.996s] [ 40%] [32mBuilding CXX object CMakeFiles/controller_stopper_node.dir/src/controller_stopper_node.cpp.o[0m
[5.831s] [ 46%] [32m[1mLinking CXX executable ur_ros2_control_node[0m
[5.992s] [ 53%] [32mBuilding CXX object CMakeFiles/dashboard_client.dir/src/dashboard_client_node.cpp.o[0m
[6.003s] [ 53%] Built target ur_ros2_control_node
[7.149s] running egg_info
[7.149s] creating ur_robot_driver.egg-info
[7.150s] writing ur_robot_driver.egg-info/PKG-INFO
[7.150s] writing dependency_links to ur_robot_driver.egg-info/dependency_links.txt
[7.150s] writing top-level names to ur_robot_driver.egg-info/top_level.txt
[7.150s] writing manifest file 'ur_robot_driver.egg-info/SOURCES.txt'
[7.151s] reading manifest file 'ur_robot_driver.egg-info/SOURCES.txt'
[7.151s] writing manifest file 'ur_robot_driver.egg-info/SOURCES.txt'
[7.177s] [ 53%] Built target ament_cmake_python_build_ur_robot_driver_egg
[8.925s] [ 60%] [32mBuilding CXX object CMakeFiles/ur_robot_driver_plugin.dir/src/hardware_interface.cpp.o[0m
[9.813s] [ 66%] [32mBuilding CXX object CMakeFiles/ur_robot_driver_plugin.dir/src/urcl_log_handler.cpp.o[0m
[10.295s] [ 73%] [32m[1mLinking CXX executable urscript_interface[0m
[10.432s] [ 80%] [32mBuilding CXX object CMakeFiles/dashboard_client.dir/src/urcl_log_handler.cpp.o[0m
[10.497s] [ 80%] Built target urscript_interface
[11.620s] [ 86%] [32m[1mLinking CXX executable controller_stopper_node[0m
[11.818s] [ 86%] Built target controller_stopper_node
[13.421s] [ 93%] [32m[1mLinking CXX executable dashboard_client[0m
[13.633s] [ 93%] Built target dashboard_client
[14.817s] [100%] [32m[1mLinking CXX shared library libur_robot_driver_plugin.so[0m
[15.072s] [100%] Built target ur_robot_driver_plugin
[15.086s] Invoked command in '/home/bryant/ws/build/ur_robot_driver' returned '0': CMAKE_PREFIX_PATH=/home/bryant/ws/install/ur_controllers:/home/bryant/ws/install/ur_description:/home/bryant/ws/install/ur_dashboard_msgs:/home/bryant/ws/install/warehouse_ros_mongo:/home/bryant/ws/install/warehouse_ros:/home/bryant/ws/install/ur_simulation_gz:/home/bryant/ws/install/ur:/home/bryant/ws/install/ur_calibration:/home/bryant/ws/install/ur_robot_driver:/home/bryant/ws/install/ur_bringup:/home/bryant/ws/install/ur_moveit_config:/home/bryant/ws/install/ur10_moveit_config:/opt/ros/humble LD_LIBRARY_PATH=/home/bryant/ws/install/ur_controllers/lib:/home/bryant/ws/install/ur_dashboard_msgs/lib:/home/bryant/ws/install/warehouse_ros_mongo/lib:/home/bryant/ws/install/warehouse_ros/lib:/home/bryant/ws/install/ur_robot_driver/lib:/usr/lib/x86_64-linux-gnu/gazebo-11/plugins:/opt/ros/humble/opt/rviz_ogre_vendor/lib:/opt/ros/humble/lib/x86_64-linux-gnu:/opt/ros/humble/lib /usr/bin/cmake --build /home/bryant/ws/build/ur_robot_driver -- -j6 -l6
[15.089s] Invoking command in '/home/bryant/ws/build/ur_robot_driver': CMAKE_PREFIX_PATH=/home/bryant/ws/install/ur_controllers:/home/bryant/ws/install/ur_description:/home/bryant/ws/install/ur_dashboard_msgs:/home/bryant/ws/install/warehouse_ros_mongo:/home/bryant/ws/install/warehouse_ros:/home/bryant/ws/install/ur_simulation_gz:/home/bryant/ws/install/ur:/home/bryant/ws/install/ur_calibration:/home/bryant/ws/install/ur_robot_driver:/home/bryant/ws/install/ur_bringup:/home/bryant/ws/install/ur_moveit_config:/home/bryant/ws/install/ur10_moveit_config:/opt/ros/humble LD_LIBRARY_PATH=/home/bryant/ws/install/ur_controllers/lib:/home/bryant/ws/install/ur_dashboard_msgs/lib:/home/bryant/ws/install/warehouse_ros_mongo/lib:/home/bryant/ws/install/warehouse_ros/lib:/home/bryant/ws/install/ur_robot_driver/lib:/usr/lib/x86_64-linux-gnu/gazebo-11/plugins:/opt/ros/humble/opt/rviz_ogre_vendor/lib:/opt/ros/humble/lib/x86_64-linux-gnu:/opt/ros/humble/lib /usr/bin/cmake --install /home/bryant/ws/build/ur_robot_driver
[15.099s] -- Install configuration: "Release"
[15.100s] -- Execute custom install script
[15.101s] -- Symlinking: /home/bryant/ws/install/ur_robot_driver/share/ur_robot_driver//hardware_interface_plugin.xml
[15.111s] -- Symlinking: /home/bryant/ws/install/ur_robot_driver/lib/ur_robot_driver/dashboard_client
[15.122s] -- Symlinking: /home/bryant/ws/install/ur_robot_driver/lib/ur_robot_driver/ur_ros2_control_node
[15.132s] -- Symlinking: /home/bryant/ws/install/ur_robot_driver/lib/ur_robot_driver/controller_stopper_node
[15.143s] -- Symlinking: /home/bryant/ws/install/ur_robot_driver/lib/ur_robot_driver/urscript_interface
[15.153s] -- Symlinking: /home/bryant/ws/install/ur_robot_driver/lib/libur_robot_driver_plugin.so
[15.163s] -- Symlinking: /home/bryant/ws/install/ur_robot_driver/include/ur_robot_driver/controller_stopper.hpp
[15.173s] -- Symlinking: /home/bryant/ws/install/ur_robot_driver/include/ur_robot_driver/dashboard_client_ros.hpp
[15.183s] -- Symlinking: /home/bryant/ws/install/ur_robot_driver/include/ur_robot_driver/hardware_interface.hpp
[15.196s] -- Symlinking: /home/bryant/ws/install/ur_robot_driver/include/ur_robot_driver/urcl_log_handler.hpp
[15.208s] -- Symlinking: /home/bryant/ws/install/ur_robot_driver/share/ur_robot_driver/environment/library_path.sh
[15.219s] -- Symlinking: /home/bryant/ws/install/ur_robot_driver/share/ur_robot_driver/environment/library_path.dsv
[15.229s] -- Up-to-date symlink: /home/bryant/ws/install/ur_robot_driver/include/ur_robot_driver/controller_stopper.hpp
[15.229s] -- Up-to-date symlink: /home/bryant/ws/install/ur_robot_driver/include/ur_robot_driver/dashboard_client_ros.hpp
[15.229s] -- Up-to-date symlink: /home/bryant/ws/install/ur_robot_driver/include/ur_robot_driver/hardware_interface.hpp
[15.229s] -- Up-to-date symlink: /home/bryant/ws/install/ur_robot_driver/include/ur_robot_driver/urcl_log_handler.hpp
[15.230s] -- Symlinking: /home/bryant/ws/install/ur_robot_driver/share/ur_robot_driver/environment/pythonpath.sh
[15.239s] -- Symlinking: /home/bryant/ws/install/ur_robot_driver/share/ur_robot_driver/environment/pythonpath.dsv
[15.250s] -- Symlinking: /home/bryant/ws/install/ur_robot_driver/local/lib/python3.10/dist-packages/ur_robot_driver-2.5.2-py3.10.egg-info/PKG-INFO
[15.260s] -- Symlinking: /home/bryant/ws/install/ur_robot_driver/local/lib/python3.10/dist-packages/ur_robot_driver-2.5.2-py3.10.egg-info/SOURCES.txt
[15.269s] -- Symlinking: /home/bryant/ws/install/ur_robot_driver/local/lib/python3.10/dist-packages/ur_robot_driver-2.5.2-py3.10.egg-info/dependency_links.txt
[15.279s] -- Symlinking: /home/bryant/ws/install/ur_robot_driver/local/lib/python3.10/dist-packages/ur_robot_driver-2.5.2-py3.10.egg-info/top_level.txt
[15.289s] -- Symlinking: /home/bryant/ws/install/ur_robot_driver/local/lib/python3.10/dist-packages/ur_robot_driver/__init__.py
[15.298s] -- Symlinking: /home/bryant/ws/install/ur_robot_driver/lib/ur_robot_driver/tool_communication.py
[15.311s] -- Symlinking: /home/bryant/ws/install/ur_robot_driver/lib/ur_robot_driver/example_move.py
[15.321s] -- Symlinking: /home/bryant/ws/install/ur_robot_driver/lib/ur_robot_driver/start_ursim.sh
[15.330s] -- Symlinking: /home/bryant/ws/install/ur_robot_driver/lib/ur_robot_driver/examples.py
[15.340s] -- Symlinking: /home/bryant/ws/install/ur_robot_driver/lib/ur_robot_driver/force_mode.py
[15.349s] -- Symlinking: /home/bryant/ws/install/ur_robot_driver/bin/wait_dashboard_server.sh
[15.359s] -- Up-to-date symlink: /home/bryant/ws/install/ur_robot_driver/lib/ur_robot_driver/start_ursim.sh
[15.360s] -- Symlinking: /home/bryant/ws/install/ur_robot_driver/share/ur_robot_driver/config/test_goal_publishers_config.yaml
[15.370s] -- Symlinking: /home/bryant/ws/install/ur_robot_driver/share/ur_robot_driver/config/test_velocity_goal_publishers_config.yaml
[15.380s] -- Symlinking: /home/bryant/ws/install/ur_robot_driver/share/ur_robot_driver/config/ur10_update_rate.yaml
[15.389s] -- Symlinking: /home/bryant/ws/install/ur_robot_driver/share/ur_robot_driver/config/ur10e_update_rate.yaml
[15.400s] -- Symlinking: /home/bryant/ws/install/ur_robot_driver/share/ur_robot_driver/config/ur16e_update_rate.yaml
[15.410s] -- Symlinking: /home/bryant/ws/install/ur_robot_driver/share/ur_robot_driver/config/ur20_update_rate.yaml
[15.420s] -- Symlinking: /home/bryant/ws/install/ur_robot_driver/share/ur_robot_driver/config/ur30_update_rate.yaml
[15.429s] -- Symlinking: /home/bryant/ws/install/ur_robot_driver/share/ur_robot_driver/config/ur3_update_rate.yaml
[15.439s] -- Symlinking: /home/bryant/ws/install/ur_robot_driver/share/ur_robot_driver/config/ur3e_update_rate.yaml
[15.449s] -- Symlinking: /home/bryant/ws/install/ur_robot_driver/share/ur_robot_driver/config/ur5_update_rate.yaml
[15.459s] -- Symlinking: /home/bryant/ws/install/ur_robot_driver/share/ur_robot_driver/config/ur5e_update_rate.yaml
[15.469s] -- Symlinking: /home/bryant/ws/install/ur_robot_driver/share/ur_robot_driver/config/ur_controllers.yaml
[15.479s] -- Symlinking: /home/bryant/ws/install/ur_robot_driver/share/ur_robot_driver/launch/test_forward_velocity_controller.launch.py
[15.489s] -- Symlinking: /home/bryant/ws/install/ur_robot_driver/share/ur_robot_driver/launch/test_joint_trajectory_controller.launch.py
[15.499s] -- Symlinking: /home/bryant/ws/install/ur_robot_driver/share/ur_robot_driver/launch/test_scaled_joint_trajectory_controller.launch.py
[15.509s] -- Symlinking: /home/bryant/ws/install/ur_robot_driver/share/ur_robot_driver/launch/ur10.launch.py
[15.519s] -- Symlinking: /home/bryant/ws/install/ur_robot_driver/share/ur_robot_driver/launch/ur10e.launch.py
[15.529s] -- Symlinking: /home/bryant/ws/install/ur_robot_driver/share/ur_robot_driver/launch/ur16e.launch.py
[15.538s] -- Symlinking: /home/bryant/ws/install/ur_robot_driver/share/ur_robot_driver/launch/ur20.launch.py
[15.548s] -- Symlinking: /home/bryant/ws/install/ur_robot_driver/share/ur_robot_driver/launch/ur3.launch.py
[15.557s] -- Symlinking: /home/bryant/ws/install/ur_robot_driver/share/ur_robot_driver/launch/ur30.launch.py
[15.566s] -- Symlinking: /home/bryant/ws/install/ur_robot_driver/share/ur_robot_driver/launch/ur3e.launch.py
[15.576s] -- Symlinking: /home/bryant/ws/install/ur_robot_driver/share/ur_robot_driver/launch/ur5.launch.py
[15.586s] -- Symlinking: /home/bryant/ws/install/ur_robot_driver/share/ur_robot_driver/launch/ur5e.launch.py
[15.596s] -- Symlinking: /home/bryant/ws/install/ur_robot_driver/share/ur_robot_driver/launch/ur_control.launch.py
[15.607s] -- Symlinking: /home/bryant/ws/install/ur_robot_driver/share/ur_robot_driver/launch/ur_dashboard_client.launch.py
[15.617s] -- Symlinking: /home/bryant/ws/install/ur_robot_driver/share/ament_index/resource_index/package_run_dependencies/ur_robot_driver
[15.627s] -- Symlinking: /home/bryant/ws/install/ur_robot_driver/share/ament_index/resource_index/parent_prefix_path/ur_robot_driver
[15.637s] -- Symlinking: /home/bryant/ws/install/ur_robot_driver/share/ur_robot_driver/environment/ament_prefix_path.sh
[15.646s] -- Symlinking: /home/bryant/ws/install/ur_robot_driver/share/ur_robot_driver/environment/ament_prefix_path.dsv
[15.655s] -- Symlinking: /home/bryant/ws/install/ur_robot_driver/share/ur_robot_driver/environment/path.sh
[15.666s] -- Symlinking: /home/bryant/ws/install/ur_robot_driver/share/ur_robot_driver/environment/path.dsv
[15.675s] -- Symlinking: /home/bryant/ws/install/ur_robot_driver/share/ur_robot_driver/local_setup.bash
[15.685s] -- Symlinking: /home/bryant/ws/install/ur_robot_driver/share/ur_robot_driver/local_setup.sh
[15.695s] -- Symlinking: /home/bryant/ws/install/ur_robot_driver/share/ur_robot_driver/local_setup.zsh
[15.706s] -- Symlinking: /home/bryant/ws/install/ur_robot_driver/share/ur_robot_driver/local_setup.dsv
[15.716s] -- Symlinking: /home/bryant/ws/install/ur_robot_driver/share/ur_robot_driver/package.dsv
[15.726s] -- Symlinking: /home/bryant/ws/install/ur_robot_driver/share/ament_index/resource_index/packages/ur_robot_driver
[15.736s] -- Symlinking: /home/bryant/ws/install/ur_robot_driver/share/ament_index/resource_index/hardware_interface__pluginlib__plugin/ur_robot_driver
[15.746s] -- Symlinking: /home/bryant/ws/install/ur_robot_driver/share/ur_robot_driver/cmake/ament_cmake_export_include_directories-extras.cmake
[15.757s] -- Symlinking: /home/bryant/ws/install/ur_robot_driver/share/ur_robot_driver/cmake/ament_cmake_export_libraries-extras.cmake
[15.769s] -- Symlinking: /home/bryant/ws/install/ur_robot_driver/share/ur_robot_driver/cmake/ament_cmake_export_dependencies-extras.cmake
[15.779s] -- Symlinking: /home/bryant/ws/install/ur_robot_driver/share/ur_robot_driver/cmake/ur_robot_driverConfig.cmake
[15.789s] -- Symlinking: /home/bryant/ws/install/ur_robot_driver/share/ur_robot_driver/cmake/ur_robot_driverConfig-version.cmake
[15.800s] -- Symlinking: /home/bryant/ws/install/ur_robot_driver/share/ur_robot_driver/package.xml
[15.810s] -- Installing: /home/bryant/ws/install/ur_robot_driver/share/ur_robot_driver/resources
[15.810s] -- Installing: /home/bryant/ws/install/ur_robot_driver/share/ur_robot_driver/resources/rs485-1.0.urcap
[15.811s] -- Installing: /home/bryant/ws/install/ur_robot_driver/share/ur_robot_driver/resources/rtde_output_recipe.txt
[15.811s] -- Installing: /home/bryant/ws/install/ur_robot_driver/share/ur_robot_driver/resources/rtde_input_recipe.txt
[15.811s] -- Installing: /home/bryant/ws/install/ur_robot_driver/share/ur_robot_driver/resources/ros_control.urscript
[15.811s] -- Installing: /home/bryant/ws/install/ur_robot_driver/share/ur_robot_driver/resources/externalcontrol-1.0.5.urcap
[15.841s] Listing '/home/bryant/ws/install/ur_robot_driver/local/lib/python3.10/dist-packages/ur_robot_driver'...
[15.841s] Compiling '/home/bryant/ws/install/ur_robot_driver/local/lib/python3.10/dist-packages/ur_robot_driver/__init__.py'...
[15.848s] Invoked command in '/home/bryant/ws/build/ur_robot_driver' returned '0': CMAKE_PREFIX_PATH=/home/bryant/ws/install/ur_controllers:/home/bryant/ws/install/ur_description:/home/bryant/ws/install/ur_dashboard_msgs:/home/bryant/ws/install/warehouse_ros_mongo:/home/bryant/ws/install/warehouse_ros:/home/bryant/ws/install/ur_simulation_gz:/home/bryant/ws/install/ur:/home/bryant/ws/install/ur_calibration:/home/bryant/ws/install/ur_robot_driver:/home/bryant/ws/install/ur_bringup:/home/bryant/ws/install/ur_moveit_config:/home/bryant/ws/install/ur10_moveit_config:/opt/ros/humble LD_LIBRARY_PATH=/home/bryant/ws/install/ur_controllers/lib:/home/bryant/ws/install/ur_dashboard_msgs/lib:/home/bryant/ws/install/warehouse_ros_mongo/lib:/home/bryant/ws/install/warehouse_ros/lib:/home/bryant/ws/install/ur_robot_driver/lib:/usr/lib/x86_64-linux-gnu/gazebo-11/plugins:/opt/ros/humble/opt/rviz_ogre_vendor/lib:/opt/ros/humble/lib/x86_64-linux-gnu:/opt/ros/humble/lib /usr/bin/cmake --install /home/bryant/ws/build/ur_robot_driver
