[0.016s] Invoking command in '/home/bryant/ws/build/ur_controllers': CMAKE_PREFIX_PATH=/home/bryant/ws/install/ur_dashboard_msgs:/home/bryant/ws/install/warehouse_ros_mongo:/home/bryant/ws/install/warehouse_ros:/home/bryant/ws/install/ur_simulation_gz:/home/bryant/ws/install/ur:/home/bryant/ws/install/ur_calibration:/home/bryant/ws/install/ur_robot_driver:/home/bryant/ws/install/ur_bringup:/home/bryant/ws/install/ur_controllers:/home/bryant/ws/install/ur_moveit_config:/home/bryant/ws/install/ur10_moveit_config:/home/bryant/ws/install/ur_description:/opt/ros/humble LD_LIBRARY_PATH=/home/bryant/ws/install/ur_dashboard_msgs/lib:/home/bryant/ws/install/warehouse_ros_mongo/lib:/home/bryant/ws/install/warehouse_ros/lib:/home/bryant/ws/install/ur_robot_driver/lib:/home/bryant/ws/install/ur_controllers/lib:/usr/lib/x86_64-linux-gnu/gazebo-11/plugins:/opt/ros/humble/opt/rviz_ogre_vendor/lib:/opt/ros/humble/lib/x86_64-linux-gnu:/opt/ros/humble/lib /usr/bin/cmake /home/bryant/ws/src/Universal_Robots_ROS2_Driver/ur_controllers -DCMAKE_BUILD_TYPE=Release -DAMENT_CMAKE_SYMLINK_INSTALL=1 -DCMAKE_INSTALL_PREFIX=/home/bryant/ws/install/ur_controllers
[0.088s] -- The C compiler identification is GNU 11.4.0
[0.149s] -- The CXX compiler identification is GNU 11.4.0
[0.157s] -- Detecting C compiler ABI info
[0.242s] -- Detecting C compiler ABI info - done
[0.247s] -- Check for working C compiler: /usr/bin/cc - skipped
[0.248s] -- Detecting C compile features
[0.250s] -- Detecting C compile features - done
[0.254s] -- Detecting CXX compiler ABI info
[0.350s] -- Detecting CXX compiler ABI info - done
[0.356s] -- Check for working CXX compiler: /usr/bin/c++ - skipped
[0.356s] -- Detecting CXX compile features
[0.357s] -- Detecting CXX compile features - done
[0.360s] -- Found ament_cmake: 1.3.11 (/opt/ros/humble/share/ament_cmake/cmake)
[0.502s] -- Found Python3: /usr/bin/python3 (found version "3.10.12") found components: Interpreter 
[0.558s] -- Override CMake install command with custom implementation using symlinks instead of copying resources
[0.592s] -- Found angles: 1.15.0 (/opt/ros/humble/share/angles/cmake)
[0.595s] -- Found controller_interface: 2.48.0 (/opt/ros/humble/share/controller_interface/cmake)
[0.642s] -- Found rosidl_generator_c: 3.1.6 (/opt/ros/humble/share/rosidl_generator_c/cmake)
[0.647s] -- Found rosidl_adapter: 3.1.6 (/opt/ros/humble/share/rosidl_adapter/cmake)
[0.656s] -- Found rosidl_generator_cpp: 3.1.6 (/opt/ros/humble/share/rosidl_generator_cpp/cmake)
[0.668s] -- Using all available rosidl_typesupport_c: rosidl_typesupport_fastrtps_c;rosidl_typesupport_introspection_c
[0.684s] -- Using all available rosidl_typesupport_cpp: rosidl_typesupport_fastrtps_cpp;rosidl_typesupport_introspection_cpp
[0.878s] -- Found rmw_implementation_cmake: 6.1.2 (/opt/ros/humble/share/rmw_implementation_cmake/cmake)
[0.881s] -- Found rmw_fastrtps_cpp: 6.2.7 (/opt/ros/humble/share/rmw_fastrtps_cpp/cmake)
[0.907s] -- Found TinyXML2 via Config file: TinyXML2_DIR-NOTFOUND
[0.985s] -- Found OpenSSL: /usr/lib/x86_64-linux-gnu/libcrypto.so (found version "3.0.2")  
[0.988s] -- Found TinyXML2 via Config file: TinyXML2_DIR-NOTFOUND
[1.003s] -- Found FastRTPS: /opt/ros/humble/include  
[1.006s] -- Found TinyXML2 via Config file: TinyXML2_DIR-NOTFOUND
[1.016s] -- Found TinyXML2 via Config file: TinyXML2_DIR-NOTFOUND
[1.027s] -- Using RMW implementation 'rmw_fastrtps_cpp' as default
[1.036s] -- Looking for pthread.h
[1.125s] -- Looking for pthread.h - found
[1.125s] -- Performing Test CMAKE_HAVE_LIBC_PTHREAD
[1.218s] -- Performing Test CMAKE_HAVE_LIBC_PTHREAD - Success
[1.219s] -- Found Threads: TRUE  
[1.268s] -- Found joint_trajectory_controller: 2.41.0 (/opt/ros/humble/share/joint_trajectory_controller/cmake)
[1.337s] -- Found std_srvs: 4.2.4 (/opt/ros/humble/share/std_srvs/cmake)
[1.347s] -- Found tf2_geometry_msgs: 0.25.12 (/opt/ros/humble/share/tf2_geometry_msgs/cmake)
[1.356s] -- Found eigen3_cmake_module: 0.1.1 (/opt/ros/humble/share/eigen3_cmake_module/cmake)
[1.358s] -- Found Eigen3: TRUE (found version "3.4.0") 
[1.358s] -- Ensuring Eigen3 include directory is part of orocos-kdl CMake target
[1.415s] -- Found ur_dashboard_msgs: 2.5.2 (/home/bryant/ws/install/ur_dashboard_msgs/share/ur_dashboard_msgs/cmake)
[1.431s] -- Found ur_msgs: 2.1.0 (/opt/ros/humble/share/ur_msgs/cmake)
[1.467s] -- Found ament_cmake_gmock: 1.3.11 (/opt/ros/humble/share/ament_cmake_gmock/cmake)
[1.469s] -- Found controller_manager: 2.48.0 (/opt/ros/humble/share/controller_manager/cmake)
[1.493s] -- Found ros2_control_test_assets: 2.48.0 (/opt/ros/humble/share/ros2_control_test_assets/cmake)
[1.496s] -- Found gmock sources under '/opt/ros/humble/src/gmock_vendor': C++ tests using 'Google Mock' will be built
[1.502s] -- Found ament_cmake_gtest: 1.3.11 (/opt/ros/humble/share/ament_cmake_gtest/cmake)
[1.503s] -- Found gtest sources under '/opt/ros/humble/src/gtest_vendor': C++ tests using 'Google Test' will be built
[1.589s] -- Configuring done
[1.695s] -- Generating done
[1.709s] -- Build files have been written to: /home/bryant/ws/build/ur_controllers
[1.725s] Invoked command in '/home/bryant/ws/build/ur_controllers' returned '0': CMAKE_PREFIX_PATH=/home/bryant/ws/install/ur_dashboard_msgs:/home/bryant/ws/install/warehouse_ros_mongo:/home/bryant/ws/install/warehouse_ros:/home/bryant/ws/install/ur_simulation_gz:/home/bryant/ws/install/ur:/home/bryant/ws/install/ur_calibration:/home/bryant/ws/install/ur_robot_driver:/home/bryant/ws/install/ur_bringup:/home/bryant/ws/install/ur_controllers:/home/bryant/ws/install/ur_moveit_config:/home/bryant/ws/install/ur10_moveit_config:/home/bryant/ws/install/ur_description:/opt/ros/humble LD_LIBRARY_PATH=/home/bryant/ws/install/ur_dashboard_msgs/lib:/home/bryant/ws/install/warehouse_ros_mongo/lib:/home/bryant/ws/install/warehouse_ros/lib:/home/bryant/ws/install/ur_robot_driver/lib:/home/bryant/ws/install/ur_controllers/lib:/usr/lib/x86_64-linux-gnu/gazebo-11/plugins:/opt/ros/humble/opt/rviz_ogre_vendor/lib:/opt/ros/humble/lib/x86_64-linux-gnu:/opt/ros/humble/lib /usr/bin/cmake /home/bryant/ws/src/Universal_Robots_ROS2_Driver/ur_controllers -DCMAKE_BUILD_TYPE=Release -DAMENT_CMAKE_SYMLINK_INSTALL=1 -DCMAKE_INSTALL_PREFIX=/home/bryant/ws/install/ur_controllers
[1.726s] Invoking command in '/home/bryant/ws/build/ur_controllers': CMAKE_PREFIX_PATH=/home/bryant/ws/install/ur_dashboard_msgs:/home/bryant/ws/install/warehouse_ros_mongo:/home/bryant/ws/install/warehouse_ros:/home/bryant/ws/install/ur_simulation_gz:/home/bryant/ws/install/ur:/home/bryant/ws/install/ur_calibration:/home/bryant/ws/install/ur_robot_driver:/home/bryant/ws/install/ur_bringup:/home/bryant/ws/install/ur_controllers:/home/bryant/ws/install/ur_moveit_config:/home/bryant/ws/install/ur10_moveit_config:/home/bryant/ws/install/ur_description:/opt/ros/humble LD_LIBRARY_PATH=/home/bryant/ws/install/ur_dashboard_msgs/lib:/home/bryant/ws/install/warehouse_ros_mongo/lib:/home/bryant/ws/install/warehouse_ros/lib:/home/bryant/ws/install/ur_robot_driver/lib:/home/bryant/ws/install/ur_controllers/lib:/usr/lib/x86_64-linux-gnu/gazebo-11/plugins:/opt/ros/humble/opt/rviz_ogre_vendor/lib:/opt/ros/humble/lib/x86_64-linux-gnu:/opt/ros/humble/lib /usr/bin/cmake --build /home/bryant/ws/build/ur_controllers -- -j6 -l6
[1.793s] [  3%] [34m[1mRunning `/opt/ros/humble/bin/generate_parameter_library_cpp /home/bryant/ws/build/ur_controllers/include/ur_controllers/gpio_controller_parameters.hpp /home/bryant/ws/src/Universal_Robots_ROS2_Driver/ur_controllers/src/gpio_controller_parameters.yaml `[0m
[1.793s] [  9%] [34m[1mRunning `/opt/ros/humble/bin/generate_parameter_library_cpp /home/bryant/ws/build/ur_controllers/include/ur_controllers/speed_scaling_state_broadcaster_parameters.hpp /home/bryant/ws/src/Universal_Robots_ROS2_Driver/ur_controllers/src/speed_scaling_state_broadcaster_parameters.yaml `[0m
[1.793s] [  9%] [34m[1mRunning `/opt/ros/humble/bin/generate_parameter_library_cpp /home/bryant/ws/build/ur_controllers/include/ur_controllers/freedrive_mode_controller_parameters.hpp /home/bryant/ws/src/Universal_Robots_ROS2_Driver/ur_controllers/src/freedrive_mode_controller_parameters.yaml `[0m
[1.797s] [ 16%] [34m[1mRunning `/opt/ros/humble/bin/generate_parameter_library_cpp /home/bryant/ws/build/ur_controllers/include/ur_controllers/scaled_joint_trajectory_controller_parameters.hpp /home/bryant/ws/src/Universal_Robots_ROS2_Driver/ur_controllers/src/scaled_joint_trajectory_controller_parameters.yaml `[0m
[1.797s] [ 16%] [34m[1mRunning `/opt/ros/humble/bin/generate_parameter_library_cpp /home/bryant/ws/build/ur_controllers/include/ur_controllers/passthrough_trajectory_controller_parameters.hpp /home/bryant/ws/src/Universal_Robots_ROS2_Driver/ur_controllers/src/passthrough_trajectory_controller_parameters.yaml `[0m
[1.799s] [ 19%] [34m[1mRunning `/opt/ros/humble/bin/generate_parameter_library_cpp /home/bryant/ws/build/ur_controllers/include/ur_controllers/force_mode_controller_parameters.hpp /home/bryant/ws/src/Universal_Robots_ROS2_Driver/ur_controllers/src/force_mode_controller_parameters.yaml `[0m
[1.927s] [ 22%] [34m[1mCreating deprecated header file /home/bryant/ws/build/ur_controllers/include/scaled_joint_trajectory_controller_parameters.hpp[0m
[1.935s] [ 29%] [34m[1mCreating deprecated header file /home/bryant/ws/build/ur_controllers/include/gpio_controller_parameters.hpp[0m
[1.935s] [ 29%] [34m[1mCreating deprecated header file /home/bryant/ws/build/ur_controllers/include/speed_scaling_state_broadcaster_parameters.hpp[0m
[1.950s] [ 32%] [34m[1mCreating deprecated header file /home/bryant/ws/build/ur_controllers/include/freedrive_mode_controller_parameters.hpp[0m
[1.976s] [ 35%] [34m[1mCreating deprecated header file /home/bryant/ws/build/ur_controllers/include/passthrough_trajectory_controller_parameters.hpp[0m
[1.981s] [ 35%] Built target scaled_joint_trajectory_controller_parameters
[1.982s] [ 38%] [34m[1mCreating deprecated header file /home/bryant/ws/build/ur_controllers/include/force_mode_controller_parameters.hpp[0m
[1.992s] [ 38%] Built target gpio_controller_parameters
[1.993s] [ 38%] Built target speed_scaling_state_broadcaster_parameters
[2.000s] [ 38%] Built target freedrive_mode_controller_parameters
[2.013s] [ 41%] [34m[1mRunning `/opt/ros/humble/bin/generate_parameter_library_cpp /home/bryant/ws/build/ur_controllers/include/ur_controllers/ur_configuration_controller_parameters.hpp /home/bryant/ws/src/Universal_Robots_ROS2_Driver/ur_controllers/src/ur_configuration_controller_parameters.yaml `[0m
[2.021s] [ 45%] [32mBuilding CXX object gmock/CMakeFiles/gmock_main.dir/src/gmock_main.cc.o[0m
[2.021s] [ 48%] [32mBuilding CXX object gmock/CMakeFiles/gmock.dir/opt/ros/humble/src/gtest_vendor/src/gtest-all.cc.o[0m
[2.021s] [ 51%] [32mBuilding CXX object gmock/CMakeFiles/gmock.dir/src/gmock-all.cc.o[0m
[2.039s] [ 51%] Built target passthrough_trajectory_controller_parameters
[2.039s] [ 51%] Built target force_mode_controller_parameters
[2.153s] [ 54%] [34m[1mCreating deprecated header file /home/bryant/ws/build/ur_controllers/include/ur_configuration_controller_parameters.hpp[0m
[2.211s] [ 54%] Built target ur_configuration_controller_parameters
[2.244s] [ 58%] [32mBuilding CXX object CMakeFiles/ur_controllers.dir/src/speed_scaling_state_broadcaster.cpp.o[0m
[2.244s] [ 61%] [32mBuilding CXX object CMakeFiles/ur_controllers.dir/src/force_mode_controller.cpp.o[0m
[2.244s] [ 64%] [32mBuilding CXX object CMakeFiles/ur_controllers.dir/src/scaled_joint_trajectory_controller.cpp.o[0m
[3.390s] [ 67%] [32m[1mLinking CXX static library libgmock_main.a[0m
[3.437s] [ 67%] Built target gmock_main
[3.446s] [ 70%] [32mBuilding CXX object CMakeFiles/ur_controllers.dir/src/freedrive_mode_controller.cpp.o[0m
[4.310s] [ 74%] [32mBuilding CXX object CMakeFiles/ur_controllers.dir/src/gpio_controller.cpp.o[0m
[6.968s] [ 77%] [32mBuilding CXX object CMakeFiles/ur_controllers.dir/src/passthrough_trajectory_controller.cpp.o[0m
[7.376s] [ 80%] [32mBuilding CXX object CMakeFiles/ur_controllers.dir/src/ur_configuration_controller.cpp.o[0m
[8.036s] [ 83%] [32m[1mLinking CXX static library libgmock.a[0m
[8.082s] [ 83%] Built target gmock
[16.526s] [ 87%] [32m[1mLinking CXX shared library libur_controllers.so[0m
[16.865s] [ 87%] Built target ur_controllers
[16.896s] [ 90%] [32mBuilding CXX object CMakeFiles/test_load_freedrive_mode_controller.dir/test/test_load_freedrive_mode_controller.cpp.o[0m
[16.897s] [ 93%] [32mBuilding CXX object CMakeFiles/test_load_force_mode_controller.dir/test/test_load_force_mode_controller.cpp.o[0m
[22.150s] [ 96%] [32m[1mLinking CXX executable test_load_freedrive_mode_controller[0m
[22.164s] [100%] [32m[1mLinking CXX executable test_load_force_mode_controller[0m
[22.397s] [100%] Built target test_load_freedrive_mode_controller
[22.411s] [100%] Built target test_load_force_mode_controller
[22.426s] Invoked command in '/home/bryant/ws/build/ur_controllers' returned '0': CMAKE_PREFIX_PATH=/home/bryant/ws/install/ur_dashboard_msgs:/home/bryant/ws/install/warehouse_ros_mongo:/home/bryant/ws/install/warehouse_ros:/home/bryant/ws/install/ur_simulation_gz:/home/bryant/ws/install/ur:/home/bryant/ws/install/ur_calibration:/home/bryant/ws/install/ur_robot_driver:/home/bryant/ws/install/ur_bringup:/home/bryant/ws/install/ur_controllers:/home/bryant/ws/install/ur_moveit_config:/home/bryant/ws/install/ur10_moveit_config:/home/bryant/ws/install/ur_description:/opt/ros/humble LD_LIBRARY_PATH=/home/bryant/ws/install/ur_dashboard_msgs/lib:/home/bryant/ws/install/warehouse_ros_mongo/lib:/home/bryant/ws/install/warehouse_ros/lib:/home/bryant/ws/install/ur_robot_driver/lib:/home/bryant/ws/install/ur_controllers/lib:/usr/lib/x86_64-linux-gnu/gazebo-11/plugins:/opt/ros/humble/opt/rviz_ogre_vendor/lib:/opt/ros/humble/lib/x86_64-linux-gnu:/opt/ros/humble/lib /usr/bin/cmake --build /home/bryant/ws/build/ur_controllers -- -j6 -l6
[22.429s] Invoking command in '/home/bryant/ws/build/ur_controllers': CMAKE_PREFIX_PATH=/home/bryant/ws/install/ur_dashboard_msgs:/home/bryant/ws/install/warehouse_ros_mongo:/home/bryant/ws/install/warehouse_ros:/home/bryant/ws/install/ur_simulation_gz:/home/bryant/ws/install/ur:/home/bryant/ws/install/ur_calibration:/home/bryant/ws/install/ur_robot_driver:/home/bryant/ws/install/ur_bringup:/home/bryant/ws/install/ur_controllers:/home/bryant/ws/install/ur_moveit_config:/home/bryant/ws/install/ur10_moveit_config:/home/bryant/ws/install/ur_description:/opt/ros/humble LD_LIBRARY_PATH=/home/bryant/ws/install/ur_dashboard_msgs/lib:/home/bryant/ws/install/warehouse_ros_mongo/lib:/home/bryant/ws/install/warehouse_ros/lib:/home/bryant/ws/install/ur_robot_driver/lib:/home/bryant/ws/install/ur_controllers/lib:/usr/lib/x86_64-linux-gnu/gazebo-11/plugins:/opt/ros/humble/opt/rviz_ogre_vendor/lib:/opt/ros/humble/lib/x86_64-linux-gnu:/opt/ros/humble/lib /usr/bin/cmake --install /home/bryant/ws/build/ur_controllers
[22.439s] -- Install configuration: "Release"
[22.439s] -- Execute custom install script
[22.440s] -- Symlinking: /home/bryant/ws/install/ur_controllers/include/ur_controllers/force_mode_controller_parameters.hpp
[22.450s] -- Symlinking: /home/bryant/ws/install/ur_controllers/include/ur_controllers/freedrive_mode_controller_parameters.hpp
[22.461s] -- Symlinking: /home/bryant/ws/install/ur_controllers/include/ur_controllers/gpio_controller_parameters.hpp
[22.471s] -- Symlinking: /home/bryant/ws/install/ur_controllers/include/ur_controllers/passthrough_trajectory_controller_parameters.hpp
[22.481s] -- Symlinking: /home/bryant/ws/install/ur_controllers/include/ur_controllers/scaled_joint_trajectory_controller_parameters.hpp
[22.491s] -- Symlinking: /home/bryant/ws/install/ur_controllers/include/ur_controllers/speed_scaling_state_broadcaster_parameters.hpp
[22.502s] -- Symlinking: /home/bryant/ws/install/ur_controllers/include/ur_controllers/ur_configuration_controller_parameters.hpp
[22.512s] -- Up-to-date symlink: /home/bryant/ws/install/ur_controllers/include/ur_controllers/force_mode_controller_parameters.hpp
[22.512s] -- Up-to-date symlink: /home/bryant/ws/install/ur_controllers/include/ur_controllers/freedrive_mode_controller_parameters.hpp
[22.512s] -- Up-to-date symlink: /home/bryant/ws/install/ur_controllers/include/ur_controllers/gpio_controller_parameters.hpp
[22.512s] -- Up-to-date symlink: /home/bryant/ws/install/ur_controllers/include/ur_controllers/passthrough_trajectory_controller_parameters.hpp
[22.513s] -- Up-to-date symlink: /home/bryant/ws/install/ur_controllers/include/ur_controllers/scaled_joint_trajectory_controller_parameters.hpp
[22.513s] -- Up-to-date symlink: /home/bryant/ws/install/ur_controllers/include/ur_controllers/speed_scaling_state_broadcaster_parameters.hpp
[22.513s] -- Up-to-date symlink: /home/bryant/ws/install/ur_controllers/include/ur_controllers/ur_configuration_controller_parameters.hpp
[22.514s] -- Up-to-date symlink: /home/bryant/ws/install/ur_controllers/include/ur_controllers/force_mode_controller_parameters.hpp
[22.514s] -- Up-to-date symlink: /home/bryant/ws/install/ur_controllers/include/ur_controllers/freedrive_mode_controller_parameters.hpp
[22.514s] -- Up-to-date symlink: /home/bryant/ws/install/ur_controllers/include/ur_controllers/gpio_controller_parameters.hpp
[22.514s] -- Up-to-date symlink: /home/bryant/ws/install/ur_controllers/include/ur_controllers/passthrough_trajectory_controller_parameters.hpp
[22.514s] -- Up-to-date symlink: /home/bryant/ws/install/ur_controllers/include/ur_controllers/scaled_joint_trajectory_controller_parameters.hpp
[22.515s] -- Up-to-date symlink: /home/bryant/ws/install/ur_controllers/include/ur_controllers/speed_scaling_state_broadcaster_parameters.hpp
[22.515s] -- Up-to-date symlink: /home/bryant/ws/install/ur_controllers/include/ur_controllers/ur_configuration_controller_parameters.hpp
[22.515s] -- Up-to-date symlink: /home/bryant/ws/install/ur_controllers/include/ur_controllers/force_mode_controller_parameters.hpp
[22.516s] -- Up-to-date symlink: /home/bryant/ws/install/ur_controllers/include/ur_controllers/freedrive_mode_controller_parameters.hpp
[22.516s] -- Up-to-date symlink: /home/bryant/ws/install/ur_controllers/include/ur_controllers/gpio_controller_parameters.hpp
[22.516s] -- Up-to-date symlink: /home/bryant/ws/install/ur_controllers/include/ur_controllers/passthrough_trajectory_controller_parameters.hpp
[22.516s] -- Up-to-date symlink: /home/bryant/ws/install/ur_controllers/include/ur_controllers/scaled_joint_trajectory_controller_parameters.hpp
[22.516s] -- Up-to-date symlink: /home/bryant/ws/install/ur_controllers/include/ur_controllers/speed_scaling_state_broadcaster_parameters.hpp
[22.516s] -- Up-to-date symlink: /home/bryant/ws/install/ur_controllers/include/ur_controllers/ur_configuration_controller_parameters.hpp
[22.517s] -- Up-to-date symlink: /home/bryant/ws/install/ur_controllers/include/ur_controllers/force_mode_controller_parameters.hpp
[22.517s] -- Up-to-date symlink: /home/bryant/ws/install/ur_controllers/include/ur_controllers/freedrive_mode_controller_parameters.hpp
[22.517s] -- Up-to-date symlink: /home/bryant/ws/install/ur_controllers/include/ur_controllers/gpio_controller_parameters.hpp
[22.517s] -- Up-to-date symlink: /home/bryant/ws/install/ur_controllers/include/ur_controllers/passthrough_trajectory_controller_parameters.hpp
[22.517s] -- Up-to-date symlink: /home/bryant/ws/install/ur_controllers/include/ur_controllers/scaled_joint_trajectory_controller_parameters.hpp
[22.517s] -- Up-to-date symlink: /home/bryant/ws/install/ur_controllers/include/ur_controllers/speed_scaling_state_broadcaster_parameters.hpp
[22.517s] -- Up-to-date symlink: /home/bryant/ws/install/ur_controllers/include/ur_controllers/ur_configuration_controller_parameters.hpp
[22.518s] -- Up-to-date symlink: /home/bryant/ws/install/ur_controllers/include/ur_controllers/force_mode_controller_parameters.hpp
[22.518s] -- Up-to-date symlink: /home/bryant/ws/install/ur_controllers/include/ur_controllers/freedrive_mode_controller_parameters.hpp
[22.518s] -- Up-to-date symlink: /home/bryant/ws/install/ur_controllers/include/ur_controllers/gpio_controller_parameters.hpp
[22.518s] -- Up-to-date symlink: /home/bryant/ws/install/ur_controllers/include/ur_controllers/passthrough_trajectory_controller_parameters.hpp
[22.518s] -- Up-to-date symlink: /home/bryant/ws/install/ur_controllers/include/ur_controllers/scaled_joint_trajectory_controller_parameters.hpp
[22.519s] -- Up-to-date symlink: /home/bryant/ws/install/ur_controllers/include/ur_controllers/speed_scaling_state_broadcaster_parameters.hpp
[22.519s] -- Up-to-date symlink: /home/bryant/ws/install/ur_controllers/include/ur_controllers/ur_configuration_controller_parameters.hpp
[22.519s] -- Up-to-date symlink: /home/bryant/ws/install/ur_controllers/include/ur_controllers/force_mode_controller_parameters.hpp
[22.519s] -- Up-to-date symlink: /home/bryant/ws/install/ur_controllers/include/ur_controllers/freedrive_mode_controller_parameters.hpp
[22.520s] -- Up-to-date symlink: /home/bryant/ws/install/ur_controllers/include/ur_controllers/gpio_controller_parameters.hpp
[22.520s] -- Up-to-date symlink: /home/bryant/ws/install/ur_controllers/include/ur_controllers/passthrough_trajectory_controller_parameters.hpp
[22.520s] -- Up-to-date symlink: /home/bryant/ws/install/ur_controllers/include/ur_controllers/scaled_joint_trajectory_controller_parameters.hpp
[22.520s] -- Up-to-date symlink: /home/bryant/ws/install/ur_controllers/include/ur_controllers/speed_scaling_state_broadcaster_parameters.hpp
[22.520s] -- Up-to-date symlink: /home/bryant/ws/install/ur_controllers/include/ur_controllers/ur_configuration_controller_parameters.hpp
[22.520s] -- Symlinking: /home/bryant/ws/install/ur_controllers/share/ur_controllers//controller_plugins.xml
[22.530s] -- Symlinking: /home/bryant/ws/install/ur_controllers/lib/libur_controllers.so
[22.541s] -- Symlinking: /home/bryant/ws/install/ur_controllers/include/ur_controllers/force_mode_controller.hpp
[22.551s] -- Symlinking: /home/bryant/ws/install/ur_controllers/include/ur_controllers/freedrive_mode_controller.hpp
[22.562s] -- Symlinking: /home/bryant/ws/install/ur_controllers/include/ur_controllers/gpio_controller.hpp
[22.573s] -- Symlinking: /home/bryant/ws/install/ur_controllers/include/ur_controllers/passthrough_trajectory_controller.hpp
[22.583s] -- Symlinking: /home/bryant/ws/install/ur_controllers/include/ur_controllers/scaled_joint_trajectory_controller.hpp
[22.593s] -- Symlinking: /home/bryant/ws/install/ur_controllers/include/ur_controllers/speed_scaling_state_broadcaster.hpp
[22.605s] -- Symlinking: /home/bryant/ws/install/ur_controllers/include/ur_controllers/ur_configuration_controller.hpp
[22.615s] -- Up-to-date symlink: /home/bryant/ws/install/ur_controllers/share/ur_controllers/controller_plugins.xml
[22.615s] -- Symlinking: /home/bryant/ws/install/ur_controllers/share/ur_controllers/environment/library_path.sh
[22.626s] -- Symlinking: /home/bryant/ws/install/ur_controllers/share/ur_controllers/environment/library_path.dsv
[22.637s] -- Symlinking: /home/bryant/ws/install/ur_controllers/share/ament_index/resource_index/package_run_dependencies/ur_controllers
[22.647s] -- Symlinking: /home/bryant/ws/install/ur_controllers/share/ament_index/resource_index/parent_prefix_path/ur_controllers
[22.658s] -- Symlinking: /home/bryant/ws/install/ur_controllers/share/ur_controllers/environment/ament_prefix_path.sh
[22.669s] -- Symlinking: /home/bryant/ws/install/ur_controllers/share/ur_controllers/environment/ament_prefix_path.dsv
[22.679s] -- Symlinking: /home/bryant/ws/install/ur_controllers/share/ur_controllers/environment/path.sh
[22.690s] -- Symlinking: /home/bryant/ws/install/ur_controllers/share/ur_controllers/environment/path.dsv
[22.700s] -- Symlinking: /home/bryant/ws/install/ur_controllers/share/ur_controllers/local_setup.bash
[22.710s] -- Symlinking: /home/bryant/ws/install/ur_controllers/share/ur_controllers/local_setup.sh
[22.719s] -- Symlinking: /home/bryant/ws/install/ur_controllers/share/ur_controllers/local_setup.zsh
[22.731s] -- Symlinking: /home/bryant/ws/install/ur_controllers/share/ur_controllers/local_setup.dsv
[22.740s] -- Symlinking: /home/bryant/ws/install/ur_controllers/share/ur_controllers/package.dsv
[22.750s] -- Symlinking: /home/bryant/ws/install/ur_controllers/share/ament_index/resource_index/packages/ur_controllers
[22.761s] -- Symlinking: /home/bryant/ws/install/ur_controllers/share/ament_index/resource_index/controller_interface__pluginlib__plugin/ur_controllers
[22.772s] -- Symlinking: /home/bryant/ws/install/ur_controllers/share/ur_controllers/cmake/ament_cmake_export_dependencies-extras.cmake
[22.784s] -- Symlinking: /home/bryant/ws/install/ur_controllers/share/ur_controllers/cmake/ament_cmake_export_include_directories-extras.cmake
[22.795s] -- Symlinking: /home/bryant/ws/install/ur_controllers/share/ur_controllers/cmake/ament_cmake_export_libraries-extras.cmake
[22.806s] -- Symlinking: /home/bryant/ws/install/ur_controllers/share/ur_controllers/cmake/ur_controllersConfig.cmake
[22.815s] -- Symlinking: /home/bryant/ws/install/ur_controllers/share/ur_controllers/cmake/ur_controllersConfig-version.cmake
[22.826s] -- Symlinking: /home/bryant/ws/install/ur_controllers/share/ur_controllers/package.xml
[22.844s] Invoked command in '/home/bryant/ws/build/ur_controllers' returned '0': CMAKE_PREFIX_PATH=/home/bryant/ws/install/ur_dashboard_msgs:/home/bryant/ws/install/warehouse_ros_mongo:/home/bryant/ws/install/warehouse_ros:/home/bryant/ws/install/ur_simulation_gz:/home/bryant/ws/install/ur:/home/bryant/ws/install/ur_calibration:/home/bryant/ws/install/ur_robot_driver:/home/bryant/ws/install/ur_bringup:/home/bryant/ws/install/ur_controllers:/home/bryant/ws/install/ur_moveit_config:/home/bryant/ws/install/ur10_moveit_config:/home/bryant/ws/install/ur_description:/opt/ros/humble LD_LIBRARY_PATH=/home/bryant/ws/install/ur_dashboard_msgs/lib:/home/bryant/ws/install/warehouse_ros_mongo/lib:/home/bryant/ws/install/warehouse_ros/lib:/home/bryant/ws/install/ur_robot_driver/lib:/home/bryant/ws/install/ur_controllers/lib:/usr/lib/x86_64-linux-gnu/gazebo-11/plugins:/opt/ros/humble/opt/rviz_ogre_vendor/lib:/opt/ros/humble/lib/x86_64-linux-gnu:/opt/ros/humble/lib /usr/bin/cmake --install /home/bryant/ws/build/ur_controllers
