[0.019s] Invoking command in '/home/bryant/ws/build/ur_bringup': CMAKE_PREFIX_PATH=/home/bryant/ws/install/ur_controllers:/home/bryant/ws/install/ur_description:/home/bryant/ws/install/ur_dashboard_msgs:/home/bryant/ws/install/weld_path_planner:/home/bryant/ws/install/ur_simulation_gazebo:/home/bryant/ws/install/ur:/home/bryant/ws/install/ur_calibration:/home/bryant/ws/install/ur_robot_driver:/home/bryant/ws/install/ur_moveit_config:/home/bryant/ws/install/ur_bringup:/opt/ros/humble LD_LIBRARY_PATH=/home/bryant/ws/install/ur_controllers/lib:/home/bryant/ws/install/ur_dashboard_msgs/lib:/home/bryant/ws/install/ur_robot_driver/lib:/usr/lib/x86_64-linux-gnu/gazebo-11/plugins:/opt/ros/humble/opt/rviz_ogre_vendor/lib:/opt/ros/humble/lib/x86_64-linux-gnu:/opt/ros/humble/lib /usr/bin/cmake /home/bryant/ws/src/Universal_Robots_ROS2_Driver/ur_bringup -DCMAKE_INSTALL_PREFIX=/home/bryant/ws/install/ur_bringup
[0.095s] -- The C compiler identification is GNU 11.4.0
[0.156s] -- The CXX compiler identification is GNU 11.4.0
[0.165s] -- Detecting C compiler ABI info
[0.250s] -- Detecting C compiler ABI info - done
[0.256s] -- Check for working C compiler: /usr/bin/cc - skipped
[0.256s] -- Detecting C compile features
[0.256s] -- Detecting C compile features - done
[0.259s] -- Detecting CXX compiler ABI info
[0.355s] -- Detecting CXX compiler ABI info - done
[0.364s] -- Check for working CXX compiler: /usr/bin/c++ - skipped
[0.365s] -- Detecting CXX compile features
[0.365s] -- Detecting CXX compile features - done
[0.369s] -- Found ament_cmake: 1.3.11 (/opt/ros/humble/share/ament_cmake/cmake)
[0.514s] -- Found Python3: /usr/bin/python3 (found version "3.10.12") found components: Interpreter 
[0.658s] -- Configuring done
[0.661s] -- Generating done
[0.663s] -- Build files have been written to: /home/bryant/ws/build/ur_bringup
[0.676s] Invoked command in '/home/bryant/ws/build/ur_bringup' returned '0': CMAKE_PREFIX_PATH=/home/bryant/ws/install/ur_controllers:/home/bryant/ws/install/ur_description:/home/bryant/ws/install/ur_dashboard_msgs:/home/bryant/ws/install/weld_path_planner:/home/bryant/ws/install/ur_simulation_gazebo:/home/bryant/ws/install/ur:/home/bryant/ws/install/ur_calibration:/home/bryant/ws/install/ur_robot_driver:/home/bryant/ws/install/ur_moveit_config:/home/bryant/ws/install/ur_bringup:/opt/ros/humble LD_LIBRARY_PATH=/home/bryant/ws/install/ur_controllers/lib:/home/bryant/ws/install/ur_dashboard_msgs/lib:/home/bryant/ws/install/ur_robot_driver/lib:/usr/lib/x86_64-linux-gnu/gazebo-11/plugins:/opt/ros/humble/opt/rviz_ogre_vendor/lib:/opt/ros/humble/lib/x86_64-linux-gnu:/opt/ros/humble/lib /usr/bin/cmake /home/bryant/ws/src/Universal_Robots_ROS2_Driver/ur_bringup -DCMAKE_INSTALL_PREFIX=/home/bryant/ws/install/ur_bringup
[0.677s] Invoking command in '/home/bryant/ws/build/ur_bringup': CMAKE_PREFIX_PATH=/home/bryant/ws/install/ur_controllers:/home/bryant/ws/install/ur_description:/home/bryant/ws/install/ur_dashboard_msgs:/home/bryant/ws/install/weld_path_planner:/home/bryant/ws/install/ur_simulation_gazebo:/home/bryant/ws/install/ur:/home/bryant/ws/install/ur_calibration:/home/bryant/ws/install/ur_robot_driver:/home/bryant/ws/install/ur_moveit_config:/home/bryant/ws/install/ur_bringup:/opt/ros/humble LD_LIBRARY_PATH=/home/bryant/ws/install/ur_controllers/lib:/home/bryant/ws/install/ur_dashboard_msgs/lib:/home/bryant/ws/install/ur_robot_driver/lib:/usr/lib/x86_64-linux-gnu/gazebo-11/plugins:/opt/ros/humble/opt/rviz_ogre_vendor/lib:/opt/ros/humble/lib/x86_64-linux-gnu:/opt/ros/humble/lib /usr/bin/cmake --build /home/bryant/ws/build/ur_bringup -- -j6 -l6
[0.716s] Invoked command in '/home/bryant/ws/build/ur_bringup' returned '0': CMAKE_PREFIX_PATH=/home/bryant/ws/install/ur_controllers:/home/bryant/ws/install/ur_description:/home/bryant/ws/install/ur_dashboard_msgs:/home/bryant/ws/install/weld_path_planner:/home/bryant/ws/install/ur_simulation_gazebo:/home/bryant/ws/install/ur:/home/bryant/ws/install/ur_calibration:/home/bryant/ws/install/ur_robot_driver:/home/bryant/ws/install/ur_moveit_config:/home/bryant/ws/install/ur_bringup:/opt/ros/humble LD_LIBRARY_PATH=/home/bryant/ws/install/ur_controllers/lib:/home/bryant/ws/install/ur_dashboard_msgs/lib:/home/bryant/ws/install/ur_robot_driver/lib:/usr/lib/x86_64-linux-gnu/gazebo-11/plugins:/opt/ros/humble/opt/rviz_ogre_vendor/lib:/opt/ros/humble/lib/x86_64-linux-gnu:/opt/ros/humble/lib /usr/bin/cmake --build /home/bryant/ws/build/ur_bringup -- -j6 -l6
[0.718s] Invoking command in '/home/bryant/ws/build/ur_bringup': CMAKE_PREFIX_PATH=/home/bryant/ws/install/ur_controllers:/home/bryant/ws/install/ur_description:/home/bryant/ws/install/ur_dashboard_msgs:/home/bryant/ws/install/weld_path_planner:/home/bryant/ws/install/ur_simulation_gazebo:/home/bryant/ws/install/ur:/home/bryant/ws/install/ur_calibration:/home/bryant/ws/install/ur_robot_driver:/home/bryant/ws/install/ur_moveit_config:/home/bryant/ws/install/ur_bringup:/opt/ros/humble LD_LIBRARY_PATH=/home/bryant/ws/install/ur_controllers/lib:/home/bryant/ws/install/ur_dashboard_msgs/lib:/home/bryant/ws/install/ur_robot_driver/lib:/usr/lib/x86_64-linux-gnu/gazebo-11/plugins:/opt/ros/humble/opt/rviz_ogre_vendor/lib:/opt/ros/humble/lib/x86_64-linux-gnu:/opt/ros/humble/lib /usr/bin/cmake --install /home/bryant/ws/build/ur_bringup
[0.726s] -- Install configuration: ""
[0.726s] -- Installing: /home/bryant/ws/install/ur_bringup/share/ur_bringup/config
[0.726s] -- Installing: /home/bryant/ws/install/ur_bringup/share/ur_bringup/config/ur3_update_rate.yaml
[0.727s] -- Installing: /home/bryant/ws/install/ur_bringup/share/ur_bringup/config/ur3e_update_rate.yaml
[0.727s] -- Installing: /home/bryant/ws/install/ur_bringup/share/ur_bringup/config/ur16e_update_rate.yaml
[0.728s] -- Installing: /home/bryant/ws/install/ur_bringup/share/ur_bringup/config/ur10_update_rate.yaml
[0.728s] -- Installing: /home/bryant/ws/install/ur_bringup/share/ur_bringup/config/ur5e_update_rate.yaml
[0.729s] -- Installing: /home/bryant/ws/install/ur_bringup/share/ur_bringup/config/test_goal_publishers_config.yaml
[0.730s] -- Installing: /home/bryant/ws/install/ur_bringup/share/ur_bringup/config/ur10e_update_rate.yaml
[0.730s] -- Installing: /home/bryant/ws/install/ur_bringup/share/ur_bringup/config/ur5_update_rate.yaml
[0.731s] -- Installing: /home/bryant/ws/install/ur_bringup/share/ur_bringup/config/test_velocity_goal_publishers_config.yaml
[0.731s] -- Installing: /home/bryant/ws/install/ur_bringup/share/ur_bringup/config/ur_controllers.yaml
[0.732s] -- Installing: /home/bryant/ws/install/ur_bringup/share/ur_bringup/launch
[0.732s] -- Installing: /home/bryant/ws/install/ur_bringup/share/ur_bringup/launch/ur16e.launch.py
[0.732s] -- Installing: /home/bryant/ws/install/ur_bringup/share/ur_bringup/launch/ur_control.launch.py
[0.733s] -- Installing: /home/bryant/ws/install/ur_bringup/share/ur_bringup/launch/ur5.launch.py
[0.733s] -- Installing: /home/bryant/ws/install/ur_bringup/share/ur_bringup/launch/test_scaled_joint_trajectory_controller.launch.py
[0.733s] -- Installing: /home/bryant/ws/install/ur_bringup/share/ur_bringup/launch/ur10.launch.py
[0.733s] -- Installing: /home/bryant/ws/install/ur_bringup/share/ur_bringup/launch/ur10e.launch.py
[0.733s] -- Installing: /home/bryant/ws/install/ur_bringup/share/ur_bringup/launch/ur3.launch.py
[0.733s] -- Installing: /home/bryant/ws/install/ur_bringup/share/ur_bringup/launch/ur_dashboard_client.launch.py
[0.734s] -- Installing: /home/bryant/ws/install/ur_bringup/share/ur_bringup/launch/ur5e.launch.py
[0.734s] -- Installing: /home/bryant/ws/install/ur_bringup/share/ur_bringup/launch/test_forward_velocity_controller.launch.py
[0.734s] -- Installing: /home/bryant/ws/install/ur_bringup/share/ur_bringup/launch/test_joint_trajectory_controller.launch.py
[0.734s] -- Installing: /home/bryant/ws/install/ur_bringup/share/ur_bringup/launch/ur3e.launch.py
[0.734s] -- Installing: /home/bryant/ws/install/ur_bringup/lib/ur_bringup/start_ursim.sh
[0.735s] -- Installing: /home/bryant/ws/install/ur_bringup/share/ament_index/resource_index/package_run_dependencies/ur_bringup
[0.735s] -- Installing: /home/bryant/ws/install/ur_bringup/share/ament_index/resource_index/parent_prefix_path/ur_bringup
[0.736s] -- Installing: /home/bryant/ws/install/ur_bringup/share/ur_bringup/environment/ament_prefix_path.sh
[0.736s] -- Installing: /home/bryant/ws/install/ur_bringup/share/ur_bringup/environment/ament_prefix_path.dsv
[0.737s] -- Installing: /home/bryant/ws/install/ur_bringup/share/ur_bringup/environment/path.sh
[0.737s] -- Installing: /home/bryant/ws/install/ur_bringup/share/ur_bringup/environment/path.dsv
[0.738s] -- Installing: /home/bryant/ws/install/ur_bringup/share/ur_bringup/local_setup.bash
[0.738s] -- Installing: /home/bryant/ws/install/ur_bringup/share/ur_bringup/local_setup.sh
[0.739s] -- Installing: /home/bryant/ws/install/ur_bringup/share/ur_bringup/local_setup.zsh
[0.740s] -- Installing: /home/bryant/ws/install/ur_bringup/share/ur_bringup/local_setup.dsv
[0.740s] -- Installing: /home/bryant/ws/install/ur_bringup/share/ur_bringup/package.dsv
[0.743s] -- Installing: /home/bryant/ws/install/ur_bringup/share/ament_index/resource_index/packages/ur_bringup
[0.743s] -- Installing: /home/bryant/ws/install/ur_bringup/share/ur_bringup/cmake/ur_bringupConfig.cmake
[0.743s] -- Installing: /home/bryant/ws/install/ur_bringup/share/ur_bringup/cmake/ur_bringupConfig-version.cmake
[0.744s] -- Installing: /home/bryant/ws/install/ur_bringup/share/ur_bringup/package.xml
[0.747s] Invoked command in '/home/bryant/ws/build/ur_bringup' returned '0': CMAKE_PREFIX_PATH=/home/bryant/ws/install/ur_controllers:/home/bryant/ws/install/ur_description:/home/bryant/ws/install/ur_dashboard_msgs:/home/bryant/ws/install/weld_path_planner:/home/bryant/ws/install/ur_simulation_gazebo:/home/bryant/ws/install/ur:/home/bryant/ws/install/ur_calibration:/home/bryant/ws/install/ur_robot_driver:/home/bryant/ws/install/ur_moveit_config:/home/bryant/ws/install/ur_bringup:/opt/ros/humble LD_LIBRARY_PATH=/home/bryant/ws/install/ur_controllers/lib:/home/bryant/ws/install/ur_dashboard_msgs/lib:/home/bryant/ws/install/ur_robot_driver/lib:/usr/lib/x86_64-linux-gnu/gazebo-11/plugins:/opt/ros/humble/opt/rviz_ogre_vendor/lib:/opt/ros/humble/lib/x86_64-linux-gnu:/opt/ros/humble/lib /usr/bin/cmake --install /home/bryant/ws/build/ur_bringup
