[0.032s] Invoking command in '/home/bryant/ws/build/ur': CMAKE_PREFIX_PATH=/home/bryant/ws/install/ur_calibration:/home/bryant/ws/install/ur_robot_driver:/home/bryant/ws/install/ur_moveit_config:/home/bryant/ws/install/ur_controllers:/home/bryant/ws/install/ur_description:/home/bryant/ws/install/ur_dashboard_msgs:/home/bryant/ws/install/warehouse_ros_mongo:/home/bryant/ws/install/warehouse_ros:/home/bryant/ws/install/ur_simulation_gz:/home/bryant/ws/install/ur:/home/bryant/ws/install/ur_bringup:/home/bryant/ws/install/ur10_moveit_config:/opt/ros/humble LD_LIBRARY_PATH=/home/bryant/ws/install/ur_robot_driver/lib:/home/bryant/ws/install/ur_controllers/lib:/home/bryant/ws/install/ur_dashboard_msgs/lib:/home/bryant/ws/install/warehouse_ros_mongo/lib:/home/bryant/ws/install/warehouse_ros/lib:/usr/lib/x86_64-linux-gnu/gazebo-11/plugins:/opt/ros/humble/opt/rviz_ogre_vendor/lib:/opt/ros/humble/lib/x86_64-linux-gnu:/opt/ros/humble/lib /usr/bin/cmake /home/bryant/ws/src/Universal_Robots_ROS2_Driver/ur -DCMAKE_BUILD_TYPE=Release -DAMENT_CMAKE_SYMLINK_INSTALL=1 -DCMAKE_INSTALL_PREFIX=/home/bryant/ws/install/ur
[0.101s] -- The C compiler identification is GNU 11.4.0
[0.161s] -- The CXX compiler identification is GNU 11.4.0
[0.168s] -- Detecting C compiler ABI info
[0.261s] -- Detecting C compiler ABI info - done
[0.268s] -- Check for working C compiler: /usr/bin/cc - skipped
[0.268s] -- Detecting C compile features
[0.268s] -- Detecting C compile features - done
[0.272s] -- Detecting CXX compiler ABI info
[0.382s] -- Detecting CXX compiler ABI info - done
[0.388s] -- Check for working CXX compiler: /usr/bin/c++ - skipped
[0.388s] -- Detecting CXX compile features
[0.389s] -- Detecting CXX compile features - done
[0.393s] -- Found ament_cmake: 1.3.11 (/opt/ros/humble/share/ament_cmake/cmake)
[0.531s] -- Found Python3: /usr/bin/python3 (found version "3.10.12") found components: Interpreter 
[0.586s] -- Override CMake install command with custom implementation using symlinks instead of copying resources
[0.627s] -- Found ament_lint_auto: 0.12.11 (/opt/ros/humble/share/ament_lint_auto/cmake)
[0.704s] -- Added test 'lint_cmake' to check CMake code style
[0.705s] -- Added test 'xmllint' to check XML markup files
[0.707s] -- Configuring done
[0.710s] -- Generating done
[0.711s] -- Build files have been written to: /home/bryant/ws/build/ur
[0.718s] Invoked command in '/home/bryant/ws/build/ur' returned '0': CMAKE_PREFIX_PATH=/home/bryant/ws/install/ur_calibration:/home/bryant/ws/install/ur_robot_driver:/home/bryant/ws/install/ur_moveit_config:/home/bryant/ws/install/ur_controllers:/home/bryant/ws/install/ur_description:/home/bryant/ws/install/ur_dashboard_msgs:/home/bryant/ws/install/warehouse_ros_mongo:/home/bryant/ws/install/warehouse_ros:/home/bryant/ws/install/ur_simulation_gz:/home/bryant/ws/install/ur:/home/bryant/ws/install/ur_bringup:/home/bryant/ws/install/ur10_moveit_config:/opt/ros/humble LD_LIBRARY_PATH=/home/bryant/ws/install/ur_robot_driver/lib:/home/bryant/ws/install/ur_controllers/lib:/home/bryant/ws/install/ur_dashboard_msgs/lib:/home/bryant/ws/install/warehouse_ros_mongo/lib:/home/bryant/ws/install/warehouse_ros/lib:/usr/lib/x86_64-linux-gnu/gazebo-11/plugins:/opt/ros/humble/opt/rviz_ogre_vendor/lib:/opt/ros/humble/lib/x86_64-linux-gnu:/opt/ros/humble/lib /usr/bin/cmake /home/bryant/ws/src/Universal_Robots_ROS2_Driver/ur -DCMAKE_BUILD_TYPE=Release -DAMENT_CMAKE_SYMLINK_INSTALL=1 -DCMAKE_INSTALL_PREFIX=/home/bryant/ws/install/ur
[0.720s] Invoking command in '/home/bryant/ws/build/ur': CMAKE_PREFIX_PATH=/home/bryant/ws/install/ur_calibration:/home/bryant/ws/install/ur_robot_driver:/home/bryant/ws/install/ur_moveit_config:/home/bryant/ws/install/ur_controllers:/home/bryant/ws/install/ur_description:/home/bryant/ws/install/ur_dashboard_msgs:/home/bryant/ws/install/warehouse_ros_mongo:/home/bryant/ws/install/warehouse_ros:/home/bryant/ws/install/ur_simulation_gz:/home/bryant/ws/install/ur:/home/bryant/ws/install/ur_bringup:/home/bryant/ws/install/ur10_moveit_config:/opt/ros/humble LD_LIBRARY_PATH=/home/bryant/ws/install/ur_robot_driver/lib:/home/bryant/ws/install/ur_controllers/lib:/home/bryant/ws/install/ur_dashboard_msgs/lib:/home/bryant/ws/install/warehouse_ros_mongo/lib:/home/bryant/ws/install/warehouse_ros/lib:/usr/lib/x86_64-linux-gnu/gazebo-11/plugins:/opt/ros/humble/opt/rviz_ogre_vendor/lib:/opt/ros/humble/lib/x86_64-linux-gnu:/opt/ros/humble/lib /usr/bin/cmake --build /home/bryant/ws/build/ur -- -j6 -l6
[0.769s] Invoked command in '/home/bryant/ws/build/ur' returned '0': CMAKE_PREFIX_PATH=/home/bryant/ws/install/ur_calibration:/home/bryant/ws/install/ur_robot_driver:/home/bryant/ws/install/ur_moveit_config:/home/bryant/ws/install/ur_controllers:/home/bryant/ws/install/ur_description:/home/bryant/ws/install/ur_dashboard_msgs:/home/bryant/ws/install/warehouse_ros_mongo:/home/bryant/ws/install/warehouse_ros:/home/bryant/ws/install/ur_simulation_gz:/home/bryant/ws/install/ur:/home/bryant/ws/install/ur_bringup:/home/bryant/ws/install/ur10_moveit_config:/opt/ros/humble LD_LIBRARY_PATH=/home/bryant/ws/install/ur_robot_driver/lib:/home/bryant/ws/install/ur_controllers/lib:/home/bryant/ws/install/ur_dashboard_msgs/lib:/home/bryant/ws/install/warehouse_ros_mongo/lib:/home/bryant/ws/install/warehouse_ros/lib:/usr/lib/x86_64-linux-gnu/gazebo-11/plugins:/opt/ros/humble/opt/rviz_ogre_vendor/lib:/opt/ros/humble/lib/x86_64-linux-gnu:/opt/ros/humble/lib /usr/bin/cmake --build /home/bryant/ws/build/ur -- -j6 -l6
[0.772s] Invoking command in '/home/bryant/ws/build/ur': CMAKE_PREFIX_PATH=/home/bryant/ws/install/ur_calibration:/home/bryant/ws/install/ur_robot_driver:/home/bryant/ws/install/ur_moveit_config:/home/bryant/ws/install/ur_controllers:/home/bryant/ws/install/ur_description:/home/bryant/ws/install/ur_dashboard_msgs:/home/bryant/ws/install/warehouse_ros_mongo:/home/bryant/ws/install/warehouse_ros:/home/bryant/ws/install/ur_simulation_gz:/home/bryant/ws/install/ur:/home/bryant/ws/install/ur_bringup:/home/bryant/ws/install/ur10_moveit_config:/opt/ros/humble LD_LIBRARY_PATH=/home/bryant/ws/install/ur_robot_driver/lib:/home/bryant/ws/install/ur_controllers/lib:/home/bryant/ws/install/ur_dashboard_msgs/lib:/home/bryant/ws/install/warehouse_ros_mongo/lib:/home/bryant/ws/install/warehouse_ros/lib:/usr/lib/x86_64-linux-gnu/gazebo-11/plugins:/opt/ros/humble/opt/rviz_ogre_vendor/lib:/opt/ros/humble/lib/x86_64-linux-gnu:/opt/ros/humble/lib /usr/bin/cmake --install /home/bryant/ws/build/ur
[0.782s] -- Install configuration: "Release"
[0.782s] -- Execute custom install script
[0.783s] -- Symlinking: /home/bryant/ws/install/ur/share/ament_index/resource_index/package_run_dependencies/ur
[0.794s] -- Symlinking: /home/bryant/ws/install/ur/share/ament_index/resource_index/parent_prefix_path/ur
[0.805s] -- Symlinking: /home/bryant/ws/install/ur/share/ur/environment/ament_prefix_path.sh
[0.816s] -- Symlinking: /home/bryant/ws/install/ur/share/ur/environment/ament_prefix_path.dsv
[0.826s] -- Symlinking: /home/bryant/ws/install/ur/share/ur/environment/path.sh
[0.835s] -- Symlinking: /home/bryant/ws/install/ur/share/ur/environment/path.dsv
[0.845s] -- Symlinking: /home/bryant/ws/install/ur/share/ur/local_setup.bash
[0.855s] -- Symlinking: /home/bryant/ws/install/ur/share/ur/local_setup.sh
[0.865s] -- Symlinking: /home/bryant/ws/install/ur/share/ur/local_setup.zsh
[0.876s] -- Symlinking: /home/bryant/ws/install/ur/share/ur/local_setup.dsv
[0.888s] -- Symlinking: /home/bryant/ws/install/ur/share/ur/package.dsv
[0.900s] -- Symlinking: /home/bryant/ws/install/ur/share/ament_index/resource_index/packages/ur
[0.910s] -- Symlinking: /home/bryant/ws/install/ur/share/ur/cmake/urConfig.cmake
[0.921s] -- Symlinking: /home/bryant/ws/install/ur/share/ur/cmake/urConfig-version.cmake
[0.931s] -- Symlinking: /home/bryant/ws/install/ur/share/ur/package.xml
[0.944s] Invoked command in '/home/bryant/ws/build/ur' returned '0': CMAKE_PREFIX_PATH=/home/bryant/ws/install/ur_calibration:/home/bryant/ws/install/ur_robot_driver:/home/bryant/ws/install/ur_moveit_config:/home/bryant/ws/install/ur_controllers:/home/bryant/ws/install/ur_description:/home/bryant/ws/install/ur_dashboard_msgs:/home/bryant/ws/install/warehouse_ros_mongo:/home/bryant/ws/install/warehouse_ros:/home/bryant/ws/install/ur_simulation_gz:/home/bryant/ws/install/ur:/home/bryant/ws/install/ur_bringup:/home/bryant/ws/install/ur10_moveit_config:/opt/ros/humble LD_LIBRARY_PATH=/home/bryant/ws/install/ur_robot_driver/lib:/home/bryant/ws/install/ur_controllers/lib:/home/bryant/ws/install/ur_dashboard_msgs/lib:/home/bryant/ws/install/warehouse_ros_mongo/lib:/home/bryant/ws/install/warehouse_ros/lib:/usr/lib/x86_64-linux-gnu/gazebo-11/plugins:/opt/ros/humble/opt/rviz_ogre_vendor/lib:/opt/ros/humble/lib/x86_64-linux-gnu:/opt/ros/humble/lib /usr/bin/cmake --install /home/bryant/ws/build/ur
