[0.037s] Invoking command in '/home/bryant/ws/build/weld_path_planner': CMAKE_PREFIX_PATH=${CMAKE_PREFIX_PATH}:/opt/ros/humble /usr/bin/cmake /home/bryant/ws/src/weld_path_planner -DCMAKE_BUILD_TYPE=Release -DCMAKE_INSTALL_PREFIX=/home/bryant/ws/install/weld_path_planner
[0.052s] -- Found ament_cmake: 1.3.11 (/opt/ros/humble/share/ament_cmake/cmake)
[0.273s] -- Found rclcpp: 16.0.11 (/opt/ros/humble/share/rclcpp/cmake)
[0.300s] -- Found rosidl_generator_c: 3.1.6 (/opt/ros/humble/share/rosidl_generator_c/cmake)
[0.302s] -- Found rosidl_adapter: 3.1.6 (/opt/ros/humble/share/rosidl_adapter/cmake)
[0.307s] -- Found rosidl_generator_cpp: 3.1.6 (/opt/ros/humble/share/rosidl_generator_cpp/cmake)
[0.317s] -- Using all available rosidl_typesupport_c: rosidl_typesupport_fastrtps_c;rosidl_typesupport_introspection_c
[0.325s] -- Using all available rosidl_typesupport_cpp: rosidl_typesupport_fastrtps_cpp;rosidl_typesupport_introspection_cpp
[0.358s] -- Found rmw_implementation_cmake: 6.1.2 (/opt/ros/humble/share/rmw_implementation_cmake/cmake)
[0.375s] -- Found rmw_fastrtps_cpp: 6.2.7 (/opt/ros/humble/share/rmw_fastrtps_cpp/cmake)
[0.465s] -- Using RMW implementation 'rmw_fastrtps_cpp' as default
[0.505s] -- Found moveit_ros_planning_interface: 2.5.8 (/opt/ros/humble/share/moveit_ros_planning_interface/cmake)
[0.513s] -- Found Boost: /usr/lib/x86_64-linux-gnu/cmake/Boost-1.74.0/BoostConfig.cmake (found version "1.74.0") found components: date_time filesystem program_options system thread 
[0.644s] -- Found Boost: /usr/lib/x86_64-linux-gnu/cmake/Boost-1.74.0/BoostConfig.cmake (found version "1.74.0") found components: chrono date_time filesystem iostreams program_options regex serialization system thread 
[0.667s] -- Found parameter_traits: 0.4.0 (/opt/ros/humble/share/parameter_traits/cmake)
[0.676s] -- Found rclcpp_lifecycle: 16.0.11 (/opt/ros/humble/share/rclcpp_lifecycle/cmake)
[0.694s] -- Found Boost: /usr/lib/x86_64-linux-gnu/cmake/Boost-1.74.0/BoostConfig.cmake (found version "1.74.0") found components: filesystem 
[0.733s] -- library: /usr/lib/x86_64-linux-gnu/libcurl.so
[0.758s] -- Ensuring Eigen3 include directory is part of orocos-kdl CMake target
[0.863s] -- Found Boost: /usr/lib/x86_64-linux-gnu/cmake/Boost-1.74.0/BoostConfig.cmake (found version "1.74.0") found components: system filesystem date_time program_options thread chrono 
[0.890s] -- Found Boost: /usr/lib/x86_64-linux-gnu/cmake/Boost-1.74.0/BoostConfig.cmake (found version "1.74.0") found components: thread system filesystem regex date_time program_options 
[0.906s] -- Found Boost: /usr/lib/x86_64-linux-gnu/cmake/Boost-1.74.0/BoostConfig.cmake (found version "1.74.0") found components: system filesystem date_time program_options thread 
[1.002s] -- Configuring done
[1.041s] -- Generating done
[1.050s] -- Build files have been written to: /home/bryant/ws/build/weld_path_planner
[1.065s] Invoked command in '/home/bryant/ws/build/weld_path_planner' returned '0': CMAKE_PREFIX_PATH=${CMAKE_PREFIX_PATH}:/opt/ros/humble /usr/bin/cmake /home/bryant/ws/src/weld_path_planner -DCMAKE_BUILD_TYPE=Release -DCMAKE_INSTALL_PREFIX=/home/bryant/ws/install/weld_path_planner
[1.065s] Invoking command in '/home/bryant/ws/build/weld_path_planner': CMAKE_PREFIX_PATH=${CMAKE_PREFIX_PATH}:/opt/ros/humble /usr/bin/cmake --build /home/bryant/ws/build/weld_path_planner -- -j6 -l6
[1.124s] [35m[1mConsolidate compiler generated dependencies of target waypoint_executor[0m
[1.160s] [ 50%] [32mBuilding CXX object CMakeFiles/waypoint_executor.dir/src/waypoint_executor.cpp.o[0m
[10.498s] [100%] [32m[1mLinking CXX executable waypoint_executor[0m
[10.779s] [100%] Built target waypoint_executor
[10.819s] Invoked command in '/home/bryant/ws/build/weld_path_planner' returned '0': CMAKE_PREFIX_PATH=${CMAKE_PREFIX_PATH}:/opt/ros/humble /usr/bin/cmake --build /home/bryant/ws/build/weld_path_planner -- -j6 -l6
[10.819s] Invoking command in '/home/bryant/ws/build/weld_path_planner': CMAKE_PREFIX_PATH=${CMAKE_PREFIX_PATH}:/opt/ros/humble /usr/bin/cmake --install /home/bryant/ws/build/weld_path_planner
[10.858s] -- Install configuration: "Release"
[10.859s] -- Installing: /home/bryant/ws/install/weld_path_planner/lib/weld_path_planner/waypoint_executor
[10.859s] -- Set runtime path of "/home/bryant/ws/install/weld_path_planner/lib/weld_path_planner/waypoint_executor" to ""
[10.860s] -- Up-to-date: /home/bryant/ws/install/weld_path_planner/lib/weld_path_planner/config
[10.861s] -- Up-to-date: /home/bryant/ws/install/weld_path_planner/lib/weld_path_planner/config/waypoints.csv
[10.861s] -- Up-to-date: /home/bryant/ws/install/weld_path_planner/lib/weld_path_planner/launch
[10.862s] -- Up-to-date: /home/bryant/ws/install/weld_path_planner/lib/weld_path_planner/launch/execute_weld.launch.py
[10.863s] -- Up-to-date: /home/bryant/ws/install/weld_path_planner/share/weld_path_planner/launch
[10.864s] -- Up-to-date: /home/bryant/ws/install/weld_path_planner/share/weld_path_planner/launch/execute_weld.launch.py
[10.865s] -- Up-to-date: /home/bryant/ws/install/weld_path_planner/share/ament_index/resource_index/package_run_dependencies/weld_path_planner
[10.866s] -- Up-to-date: /home/bryant/ws/install/weld_path_planner/share/ament_index/resource_index/parent_prefix_path/weld_path_planner
[10.866s] -- Up-to-date: /home/bryant/ws/install/weld_path_planner/share/weld_path_planner/environment/ament_prefix_path.sh
[10.866s] -- Installing: /home/bryant/ws/install/weld_path_planner/share/weld_path_planner/environment/ament_prefix_path.dsv
[10.867s] -- Up-to-date: /home/bryant/ws/install/weld_path_planner/share/weld_path_planner/environment/path.sh
[10.874s] -- Installing: /home/bryant/ws/install/weld_path_planner/share/weld_path_planner/environment/path.dsv
[10.874s] -- Up-to-date: /home/bryant/ws/install/weld_path_planner/share/weld_path_planner/local_setup.bash
[10.875s] -- Up-to-date: /home/bryant/ws/install/weld_path_planner/share/weld_path_planner/local_setup.sh
[10.875s] -- Up-to-date: /home/bryant/ws/install/weld_path_planner/share/weld_path_planner/local_setup.zsh
[10.875s] -- Installing: /home/bryant/ws/install/weld_path_planner/share/weld_path_planner/local_setup.dsv
[10.876s] -- Installing: /home/bryant/ws/install/weld_path_planner/share/weld_path_planner/package.dsv
[10.876s] -- Up-to-date: /home/bryant/ws/install/weld_path_planner/share/ament_index/resource_index/packages/weld_path_planner
[10.878s] -- Up-to-date: /home/bryant/ws/install/weld_path_planner/share/weld_path_planner/cmake/weld_path_plannerConfig.cmake
[10.879s] -- Up-to-date: /home/bryant/ws/install/weld_path_planner/share/weld_path_planner/cmake/weld_path_plannerConfig-version.cmake
[10.880s] -- Up-to-date: /home/bryant/ws/install/weld_path_planner/share/weld_path_planner/package.xml
[10.880s] Invoked command in '/home/bryant/ws/build/weld_path_planner' returned '0': CMAKE_PREFIX_PATH=${CMAKE_PREFIX_PATH}:/opt/ros/humble /usr/bin/cmake --install /home/bryant/ws/build/weld_path_planner
