[0.034s] Invoking command in '/home/bryant/ws/build/ur_moveit_config': CMAKE_PREFIX_PATH=/home/bryant/ws/install/ur_description:/home/bryant/ws/install/weld_path_planner:/home/bryant/ws/install/ur_simulation_gazebo:/home/bryant/ws/install/ur:/home/bryant/ws/install/ur_calibration:/home/bryant/ws/install/ur_robot_driver:/home/bryant/ws/install/ur_moveit_config:/home/bryant/ws/install/ur_bringup:/home/bryant/ws/install/ur_controllers:/home/bryant/ws/install/ur_dashboard_msgs:/opt/ros/humble /usr/bin/cmake --build /home/bryant/ws/build/ur_moveit_config -- -j6 -l6
[0.131s] Built target ament_cmake_python_copy_ur_moveit_config
[0.380s] running egg_info
[0.380s] writing ur_moveit_config.egg-info/PKG-INFO
[0.380s] writing dependency_links to ur_moveit_config.egg-info/dependency_links.txt
[0.380s] writing top-level names to ur_moveit_config.egg-info/top_level.txt
[0.381s] reading manifest file 'ur_moveit_config.egg-info/SOURCES.txt'
[0.381s] writing manifest file 'ur_moveit_config.egg-info/SOURCES.txt'
[0.397s] Built target ament_cmake_python_build_ur_moveit_config_egg
[0.408s] Invoked command in '/home/bryant/ws/build/ur_moveit_config' returned '0': CMAKE_PREFIX_PATH=/home/bryant/ws/install/ur_description:/home/bryant/ws/install/weld_path_planner:/home/bryant/ws/install/ur_simulation_gazebo:/home/bryant/ws/install/ur:/home/bryant/ws/install/ur_calibration:/home/bryant/ws/install/ur_robot_driver:/home/bryant/ws/install/ur_moveit_config:/home/bryant/ws/install/ur_bringup:/home/bryant/ws/install/ur_controllers:/home/bryant/ws/install/ur_dashboard_msgs:/opt/ros/humble /usr/bin/cmake --build /home/bryant/ws/build/ur_moveit_config -- -j6 -l6
[0.411s] Invoking command in '/home/bryant/ws/build/ur_moveit_config': CMAKE_PREFIX_PATH=/home/bryant/ws/install/ur_description:/home/bryant/ws/install/weld_path_planner:/home/bryant/ws/install/ur_simulation_gazebo:/home/bryant/ws/install/ur:/home/bryant/ws/install/ur_calibration:/home/bryant/ws/install/ur_robot_driver:/home/bryant/ws/install/ur_moveit_config:/home/bryant/ws/install/ur_bringup:/home/bryant/ws/install/ur_controllers:/home/bryant/ws/install/ur_dashboard_msgs:/opt/ros/humble /usr/bin/cmake --install /home/bryant/ws/build/ur_moveit_config
[0.423s] -- Install configuration: ""
[0.423s] -- Up-to-date: /home/bryant/ws/install/ur_moveit_config/share/ur_moveit_config/config
[0.423s] -- Up-to-date: /home/bryant/ws/install/ur_moveit_config/share/ur_moveit_config/config/controllers.yaml
[0.423s] -- Up-to-date: /home/bryant/ws/install/ur_moveit_config/share/ur_moveit_config/config/ur_servo.yaml
[0.424s] -- Up-to-date: /home/bryant/ws/install/ur_moveit_config/share/ur_moveit_config/config/kinematics.yaml
[0.424s] -- Up-to-date: /home/bryant/ws/install/ur_moveit_config/share/ur_moveit_config/config/ompl_planning.yaml
[0.424s] -- Up-to-date: /home/bryant/ws/install/ur_moveit_config/share/ur_moveit_config/config/joint_limits.yaml
[0.424s] -- Up-to-date: /home/bryant/ws/install/ur_moveit_config/share/ur_moveit_config/launch
[0.424s] -- Up-to-date: /home/bryant/ws/install/ur_moveit_config/share/ur_moveit_config/launch/ur_moveit.launch.py
[0.424s] -- Up-to-date: /home/bryant/ws/install/ur_moveit_config/share/ur_moveit_config/rviz
[0.425s] -- Up-to-date: /home/bryant/ws/install/ur_moveit_config/share/ur_moveit_config/rviz/view_robot.rviz
[0.425s] -- Up-to-date: /home/bryant/ws/install/ur_moveit_config/share/ur_moveit_config/srdf
[0.425s] -- Up-to-date: /home/bryant/ws/install/ur_moveit_config/share/ur_moveit_config/srdf/ur.srdf.xacro
[0.425s] -- Up-to-date: /home/bryant/ws/install/ur_moveit_config/share/ur_moveit_config/srdf/ur_macro.srdf.xacro
[0.425s] -- Up-to-date: /home/bryant/ws/install/ur_moveit_config/share/ur_moveit_config/environment/pythonpath.sh
[0.426s] -- Up-to-date: /home/bryant/ws/install/ur_moveit_config/share/ur_moveit_config/environment/pythonpath.dsv
[0.426s] -- Up-to-date: /home/bryant/ws/install/ur_moveit_config/local/lib/python3.10/dist-packages/ur_moveit_config-2.5.2-py3.10.egg-info
[0.426s] -- Installing: /home/bryant/ws/install/ur_moveit_config/local/lib/python3.10/dist-packages/ur_moveit_config-2.5.2-py3.10.egg-info/PKG-INFO
[0.426s] -- Installing: /home/bryant/ws/install/ur_moveit_config/local/lib/python3.10/dist-packages/ur_moveit_config-2.5.2-py3.10.egg-info/dependency_links.txt
[0.426s] -- Installing: /home/bryant/ws/install/ur_moveit_config/local/lib/python3.10/dist-packages/ur_moveit_config-2.5.2-py3.10.egg-info/SOURCES.txt
[0.426s] -- Installing: /home/bryant/ws/install/ur_moveit_config/local/lib/python3.10/dist-packages/ur_moveit_config-2.5.2-py3.10.egg-info/top_level.txt
[0.426s] -- Up-to-date: /home/bryant/ws/install/ur_moveit_config/local/lib/python3.10/dist-packages/ur_moveit_config
[0.426s] -- Up-to-date: /home/bryant/ws/install/ur_moveit_config/local/lib/python3.10/dist-packages/ur_moveit_config/__init__.py
[0.426s] -- Up-to-date: /home/bryant/ws/install/ur_moveit_config/local/lib/python3.10/dist-packages/ur_moveit_config/launch_common.py
[0.452s] Listing '/home/bryant/ws/install/ur_moveit_config/local/lib/python3.10/dist-packages/ur_moveit_config'...
[0.452s] -- Up-to-date: /home/bryant/ws/install/ur_moveit_config/local/lib/python3.10/dist-packages/launch_common.py
[0.497s] -- Up-to-date: /home/bryant/ws/install/ur_moveit_config/share/ament_index/resource_index/package_run_dependencies/ur_moveit_config
[0.498s] -- Up-to-date: /home/bryant/ws/install/ur_moveit_config/share/ament_index/resource_index/parent_prefix_path/ur_moveit_config
[0.498s] -- Up-to-date: /home/bryant/ws/install/ur_moveit_config/share/ur_moveit_config/environment/ament_prefix_path.sh
[0.498s] -- Up-to-date: /home/bryant/ws/install/ur_moveit_config/share/ur_moveit_config/environment/ament_prefix_path.dsv
[0.498s] -- Up-to-date: /home/bryant/ws/install/ur_moveit_config/share/ur_moveit_config/environment/path.sh
[0.498s] -- Up-to-date: /home/bryant/ws/install/ur_moveit_config/share/ur_moveit_config/environment/path.dsv
[0.498s] -- Up-to-date: /home/bryant/ws/install/ur_moveit_config/share/ur_moveit_config/local_setup.bash
[0.498s] -- Up-to-date: /home/bryant/ws/install/ur_moveit_config/share/ur_moveit_config/local_setup.sh
[0.498s] -- Up-to-date: /home/bryant/ws/install/ur_moveit_config/share/ur_moveit_config/local_setup.zsh
[0.499s] -- Up-to-date: /home/bryant/ws/install/ur_moveit_config/share/ur_moveit_config/local_setup.dsv
[0.502s] -- Up-to-date: /home/bryant/ws/install/ur_moveit_config/share/ur_moveit_config/package.dsv
[0.502s] -- Up-to-date: /home/bryant/ws/install/ur_moveit_config/share/ament_index/resource_index/packages/ur_moveit_config
[0.502s] -- Up-to-date: /home/bryant/ws/install/ur_moveit_config/share/ur_moveit_config/cmake/ur_moveit_configConfig.cmake
[0.502s] -- Up-to-date: /home/bryant/ws/install/ur_moveit_config/share/ur_moveit_config/cmake/ur_moveit_configConfig-version.cmake
[0.502s] -- Up-to-date: /home/bryant/ws/install/ur_moveit_config/share/ur_moveit_config/package.xml
[0.504s] Invoked command in '/home/bryant/ws/build/ur_moveit_config' returned '0': CMAKE_PREFIX_PATH=/home/bryant/ws/install/ur_description:/home/bryant/ws/install/weld_path_planner:/home/bryant/ws/install/ur_simulation_gazebo:/home/bryant/ws/install/ur:/home/bryant/ws/install/ur_calibration:/home/bryant/ws/install/ur_robot_driver:/home/bryant/ws/install/ur_moveit_config:/home/bryant/ws/install/ur_bringup:/home/bryant/ws/install/ur_controllers:/home/bryant/ws/install/ur_dashboard_msgs:/opt/ros/humble /usr/bin/cmake --install /home/bryant/ws/build/ur_moveit_config
