[0.030s] Invoking command in '/home/bryant/ws/build/ur': CMAKE_PREFIX_PATH=/home/bryant/ws/install/ur_calibration:/home/bryant/ws/install/ur_robot_driver:/home/bryant/ws/install/ur_moveit_config:/home/bryant/ws/install/ur_controllers:/home/bryant/ws/install/ur_description:/home/bryant/ws/install/ur_dashboard_msgs:/home/bryant/ws/install/weld_path_planner:/home/bryant/ws/install/ur_simulation_gazebo:/home/bryant/ws/install/ur:/home/bryant/ws/install/ur_bringup:/opt/ros/humble /usr/bin/cmake /home/bryant/ws/src/Universal_Robots_ROS2_Driver/ur -DCMAKE_BUILD_TYPE=Release -DCMAKE_INSTALL_PREFIX=/home/bryant/ws/install/ur
[0.042s] -- Found ament_cmake: 1.3.11 (/opt/ros/humble/share/ament_cmake/cmake)
[0.163s] -- Found ament_lint_auto: 0.12.11 (/opt/ros/humble/share/ament_lint_auto/cmake)
[0.225s] -- Added test 'lint_cmake' to check CMake code style
[0.226s] -- Added test 'xmllint' to check XML markup files
[0.227s] -- Configuring done
[0.232s] -- Generating done
[0.234s] -- Build files have been written to: /home/bryant/ws/build/ur
[0.237s] Invoked command in '/home/bryant/ws/build/ur' returned '0': CMAKE_PREFIX_PATH=/home/bryant/ws/install/ur_calibration:/home/bryant/ws/install/ur_robot_driver:/home/bryant/ws/install/ur_moveit_config:/home/bryant/ws/install/ur_controllers:/home/bryant/ws/install/ur_description:/home/bryant/ws/install/ur_dashboard_msgs:/home/bryant/ws/install/weld_path_planner:/home/bryant/ws/install/ur_simulation_gazebo:/home/bryant/ws/install/ur:/home/bryant/ws/install/ur_bringup:/opt/ros/humble /usr/bin/cmake /home/bryant/ws/src/Universal_Robots_ROS2_Driver/ur -DCMAKE_BUILD_TYPE=Release -DCMAKE_INSTALL_PREFIX=/home/bryant/ws/install/ur
[0.240s] Invoking command in '/home/bryant/ws/build/ur': CMAKE_PREFIX_PATH=/home/bryant/ws/install/ur_calibration:/home/bryant/ws/install/ur_robot_driver:/home/bryant/ws/install/ur_moveit_config:/home/bryant/ws/install/ur_controllers:/home/bryant/ws/install/ur_description:/home/bryant/ws/install/ur_dashboard_msgs:/home/bryant/ws/install/weld_path_planner:/home/bryant/ws/install/ur_simulation_gazebo:/home/bryant/ws/install/ur:/home/bryant/ws/install/ur_bringup:/opt/ros/humble /usr/bin/cmake --build /home/bryant/ws/build/ur -- -j6 -l6
[0.286s] Invoked command in '/home/bryant/ws/build/ur' returned '0': CMAKE_PREFIX_PATH=/home/bryant/ws/install/ur_calibration:/home/bryant/ws/install/ur_robot_driver:/home/bryant/ws/install/ur_moveit_config:/home/bryant/ws/install/ur_controllers:/home/bryant/ws/install/ur_description:/home/bryant/ws/install/ur_dashboard_msgs:/home/bryant/ws/install/weld_path_planner:/home/bryant/ws/install/ur_simulation_gazebo:/home/bryant/ws/install/ur:/home/bryant/ws/install/ur_bringup:/opt/ros/humble /usr/bin/cmake --build /home/bryant/ws/build/ur -- -j6 -l6
[0.287s] Invoking command in '/home/bryant/ws/build/ur': CMAKE_PREFIX_PATH=/home/bryant/ws/install/ur_calibration:/home/bryant/ws/install/ur_robot_driver:/home/bryant/ws/install/ur_moveit_config:/home/bryant/ws/install/ur_controllers:/home/bryant/ws/install/ur_description:/home/bryant/ws/install/ur_dashboard_msgs:/home/bryant/ws/install/weld_path_planner:/home/bryant/ws/install/ur_simulation_gazebo:/home/bryant/ws/install/ur:/home/bryant/ws/install/ur_bringup:/opt/ros/humble /usr/bin/cmake --install /home/bryant/ws/build/ur
[0.295s] -- Install configuration: "Release"
[0.295s] -- Up-to-date: /home/bryant/ws/install/ur/share/ament_index/resource_index/package_run_dependencies/ur
[0.295s] -- Up-to-date: /home/bryant/ws/install/ur/share/ament_index/resource_index/parent_prefix_path/ur
[0.295s] -- Up-to-date: /home/bryant/ws/install/ur/share/ur/environment/ament_prefix_path.sh
[0.295s] -- Installing: /home/bryant/ws/install/ur/share/ur/environment/ament_prefix_path.dsv
[0.296s] -- Up-to-date: /home/bryant/ws/install/ur/share/ur/environment/path.sh
[0.296s] -- Installing: /home/bryant/ws/install/ur/share/ur/environment/path.dsv
[0.300s] -- Up-to-date: /home/bryant/ws/install/ur/share/ur/local_setup.bash
[0.301s] -- Up-to-date: /home/bryant/ws/install/ur/share/ur/local_setup.sh
[0.302s] -- Up-to-date: /home/bryant/ws/install/ur/share/ur/local_setup.zsh
[0.302s] -- Installing: /home/bryant/ws/install/ur/share/ur/local_setup.dsv
[0.303s] -- Installing: /home/bryant/ws/install/ur/share/ur/package.dsv
[0.303s] -- Up-to-date: /home/bryant/ws/install/ur/share/ament_index/resource_index/packages/ur
[0.303s] -- Up-to-date: /home/bryant/ws/install/ur/share/ur/cmake/urConfig.cmake
[0.305s] -- Up-to-date: /home/bryant/ws/install/ur/share/ur/cmake/urConfig-version.cmake
[0.305s] -- Up-to-date: /home/bryant/ws/install/ur/share/ur/package.xml
[0.305s] Invoked command in '/home/bryant/ws/build/ur' returned '0': CMAKE_PREFIX_PATH=/home/bryant/ws/install/ur_calibration:/home/bryant/ws/install/ur_robot_driver:/home/bryant/ws/install/ur_moveit_config:/home/bryant/ws/install/ur_controllers:/home/bryant/ws/install/ur_description:/home/bryant/ws/install/ur_dashboard_msgs:/home/bryant/ws/install/weld_path_planner:/home/bryant/ws/install/ur_simulation_gazebo:/home/bryant/ws/install/ur:/home/bryant/ws/install/ur_bringup:/opt/ros/humble /usr/bin/cmake --install /home/bryant/ws/build/ur
