[0.014s] Invoking command in '/home/bryant/ws/build/ur_controllers': CMAKE_PREFIX_PATH=/home/bryant/ws/install/ur_dashboard_msgs:/home/bryant/ws/install/weld_path_planner:/home/bryant/ws/install/ur_simulation_gazebo:/home/bryant/ws/install/ur:/home/bryant/ws/install/ur_calibration:/home/bryant/ws/install/ur_robot_driver:/home/bryant/ws/install/ur_moveit_config:/home/bryant/ws/install/ur_bringup:/home/bryant/ws/install/ur_description:/home/bryant/ws/install/ur_controllers:/opt/ros/humble LD_LIBRARY_PATH=/home/bryant/ws/install/ur_dashboard_msgs/lib:/home/bryant/ws/install/ur_robot_driver/lib:/home/bryant/ws/install/ur_controllers/lib:/usr/lib/x86_64-linux-gnu/gazebo-11/plugins:/opt/ros/humble/opt/rviz_ogre_vendor/lib:/opt/ros/humble/lib/x86_64-linux-gnu:/opt/ros/humble/lib /usr/bin/cmake --build /home/bryant/ws/build/ur_controllers -- -j6 -l6
[0.106s] [  6%] Built target freedrive_mode_controller_parameters
[0.111s] [ 12%] Built target speed_scaling_state_broadcaster_parameters
[0.111s] [ 19%] Built target passthrough_trajectory_controller_parameters
[0.111s] [ 25%] Built target force_mode_controller_parameters
[0.114s] [ 32%] Built target gpio_controller_parameters
[0.115s] [ 38%] Built target scaled_joint_trajectory_controller_parameters
[0.125s] [35m[1mConsolidate compiler generated dependencies of target gmock_main[0m
[0.126s] [35m[1mConsolidate compiler generated dependencies of target gmock[0m
[0.137s] [ 45%] Built target ur_configuration_controller_parameters
[0.143s] [ 51%] Built target gmock_main
[0.146s] [ 61%] Built target gmock
[0.155s] [35m[1mConsolidate compiler generated dependencies of target ur_controllers[0m
[0.207s] [ 87%] Built target ur_controllers
[0.223s] [35m[1mConsolidate compiler generated dependencies of target test_load_freedrive_mode_controller[0m
[0.223s] [35m[1mConsolidate compiler generated dependencies of target test_load_force_mode_controller[0m
[0.252s] [ 93%] Built target test_load_force_mode_controller
[0.252s] [100%] Built target test_load_freedrive_mode_controller
[0.267s] Invoked command in '/home/bryant/ws/build/ur_controllers' returned '0': CMAKE_PREFIX_PATH=/home/bryant/ws/install/ur_dashboard_msgs:/home/bryant/ws/install/weld_path_planner:/home/bryant/ws/install/ur_simulation_gazebo:/home/bryant/ws/install/ur:/home/bryant/ws/install/ur_calibration:/home/bryant/ws/install/ur_robot_driver:/home/bryant/ws/install/ur_moveit_config:/home/bryant/ws/install/ur_bringup:/home/bryant/ws/install/ur_description:/home/bryant/ws/install/ur_controllers:/opt/ros/humble LD_LIBRARY_PATH=/home/bryant/ws/install/ur_dashboard_msgs/lib:/home/bryant/ws/install/ur_robot_driver/lib:/home/bryant/ws/install/ur_controllers/lib:/usr/lib/x86_64-linux-gnu/gazebo-11/plugins:/opt/ros/humble/opt/rviz_ogre_vendor/lib:/opt/ros/humble/lib/x86_64-linux-gnu:/opt/ros/humble/lib /usr/bin/cmake --build /home/bryant/ws/build/ur_controllers -- -j6 -l6
[0.270s] Invoking command in '/home/bryant/ws/build/ur_controllers': CMAKE_PREFIX_PATH=/home/bryant/ws/install/ur_dashboard_msgs:/home/bryant/ws/install/weld_path_planner:/home/bryant/ws/install/ur_simulation_gazebo:/home/bryant/ws/install/ur:/home/bryant/ws/install/ur_calibration:/home/bryant/ws/install/ur_robot_driver:/home/bryant/ws/install/ur_moveit_config:/home/bryant/ws/install/ur_bringup:/home/bryant/ws/install/ur_description:/home/bryant/ws/install/ur_controllers:/opt/ros/humble LD_LIBRARY_PATH=/home/bryant/ws/install/ur_dashboard_msgs/lib:/home/bryant/ws/install/ur_robot_driver/lib:/home/bryant/ws/install/ur_controllers/lib:/usr/lib/x86_64-linux-gnu/gazebo-11/plugins:/opt/ros/humble/opt/rviz_ogre_vendor/lib:/opt/ros/humble/lib/x86_64-linux-gnu:/opt/ros/humble/lib /usr/bin/cmake --install /home/bryant/ws/build/ur_controllers
[0.279s] -- Install configuration: ""
[0.280s] -- Up-to-date: /home/bryant/ws/install/ur_controllers/include/ur_controllers
[0.280s] -- Up-to-date: /home/bryant/ws/install/ur_controllers/include/ur_controllers/freedrive_mode_controller_parameters.hpp
[0.280s] -- Up-to-date: /home/bryant/ws/install/ur_controllers/include/ur_controllers/force_mode_controller_parameters.hpp
[0.280s] -- Up-to-date: /home/bryant/ws/install/ur_controllers/include/ur_controllers/speed_scaling_state_broadcaster_parameters.hpp
[0.280s] -- Up-to-date: /home/bryant/ws/install/ur_controllers/include/ur_controllers/ur_configuration_controller_parameters.hpp
[0.281s] -- Up-to-date: /home/bryant/ws/install/ur_controllers/include/ur_controllers/passthrough_trajectory_controller_parameters.hpp
[0.281s] -- Up-to-date: /home/bryant/ws/install/ur_controllers/include/ur_controllers/gpio_controller_parameters.hpp
[0.281s] -- Up-to-date: /home/bryant/ws/install/ur_controllers/include/ur_controllers/scaled_joint_trajectory_controller_parameters.hpp
[0.281s] -- Up-to-date: /home/bryant/ws/install/ur_controllers/include/ur_controllers
[0.281s] -- Up-to-date: /home/bryant/ws/install/ur_controllers/include/ur_controllers/freedrive_mode_controller_parameters.hpp
[0.281s] -- Up-to-date: /home/bryant/ws/install/ur_controllers/include/ur_controllers/force_mode_controller_parameters.hpp
[0.281s] -- Up-to-date: /home/bryant/ws/install/ur_controllers/include/ur_controllers/speed_scaling_state_broadcaster_parameters.hpp
[0.281s] -- Up-to-date: /home/bryant/ws/install/ur_controllers/include/ur_controllers/ur_configuration_controller_parameters.hpp
[0.281s] -- Up-to-date: /home/bryant/ws/install/ur_controllers/include/ur_controllers/passthrough_trajectory_controller_parameters.hpp
[0.281s] -- Up-to-date: /home/bryant/ws/install/ur_controllers/include/ur_controllers/gpio_controller_parameters.hpp
[0.281s] -- Up-to-date: /home/bryant/ws/install/ur_controllers/include/ur_controllers/scaled_joint_trajectory_controller_parameters.hpp
[0.282s] -- Up-to-date: /home/bryant/ws/install/ur_controllers/include/ur_controllers
[0.282s] -- Up-to-date: /home/bryant/ws/install/ur_controllers/include/ur_controllers/freedrive_mode_controller_parameters.hpp
[0.282s] -- Up-to-date: /home/bryant/ws/install/ur_controllers/include/ur_controllers/force_mode_controller_parameters.hpp
[0.282s] -- Up-to-date: /home/bryant/ws/install/ur_controllers/include/ur_controllers/speed_scaling_state_broadcaster_parameters.hpp
[0.282s] -- Up-to-date: /home/bryant/ws/install/ur_controllers/include/ur_controllers/ur_configuration_controller_parameters.hpp
[0.282s] -- Up-to-date: /home/bryant/ws/install/ur_controllers/include/ur_controllers/passthrough_trajectory_controller_parameters.hpp
[0.282s] -- Up-to-date: /home/bryant/ws/install/ur_controllers/include/ur_controllers/gpio_controller_parameters.hpp
[0.282s] -- Up-to-date: /home/bryant/ws/install/ur_controllers/include/ur_controllers/scaled_joint_trajectory_controller_parameters.hpp
[0.282s] -- Up-to-date: /home/bryant/ws/install/ur_controllers/include/ur_controllers
[0.282s] -- Up-to-date: /home/bryant/ws/install/ur_controllers/include/ur_controllers/freedrive_mode_controller_parameters.hpp
[0.282s] -- Up-to-date: /home/bryant/ws/install/ur_controllers/include/ur_controllers/force_mode_controller_parameters.hpp
[0.282s] -- Up-to-date: /home/bryant/ws/install/ur_controllers/include/ur_controllers/speed_scaling_state_broadcaster_parameters.hpp
[0.282s] -- Up-to-date: /home/bryant/ws/install/ur_controllers/include/ur_controllers/ur_configuration_controller_parameters.hpp
[0.282s] -- Up-to-date: /home/bryant/ws/install/ur_controllers/include/ur_controllers/passthrough_trajectory_controller_parameters.hpp
[0.282s] -- Up-to-date: /home/bryant/ws/install/ur_controllers/include/ur_controllers/gpio_controller_parameters.hpp
[0.282s] -- Up-to-date: /home/bryant/ws/install/ur_controllers/include/ur_controllers/scaled_joint_trajectory_controller_parameters.hpp
[0.283s] -- Up-to-date: /home/bryant/ws/install/ur_controllers/include/ur_controllers
[0.283s] -- Up-to-date: /home/bryant/ws/install/ur_controllers/include/ur_controllers/freedrive_mode_controller_parameters.hpp
[0.283s] -- Up-to-date: /home/bryant/ws/install/ur_controllers/include/ur_controllers/force_mode_controller_parameters.hpp
[0.283s] -- Up-to-date: /home/bryant/ws/install/ur_controllers/include/ur_controllers/speed_scaling_state_broadcaster_parameters.hpp
[0.283s] -- Up-to-date: /home/bryant/ws/install/ur_controllers/include/ur_controllers/ur_configuration_controller_parameters.hpp
[0.283s] -- Up-to-date: /home/bryant/ws/install/ur_controllers/include/ur_controllers/passthrough_trajectory_controller_parameters.hpp
[0.284s] -- Up-to-date: /home/bryant/ws/install/ur_controllers/include/ur_controllers/gpio_controller_parameters.hpp
[0.284s] -- Up-to-date: /home/bryant/ws/install/ur_controllers/include/ur_controllers/scaled_joint_trajectory_controller_parameters.hpp
[0.284s] -- Up-to-date: /home/bryant/ws/install/ur_controllers/include/ur_controllers
[0.284s] -- Up-to-date: /home/bryant/ws/install/ur_controllers/include/ur_controllers/freedrive_mode_controller_parameters.hpp
[0.284s] -- Up-to-date: /home/bryant/ws/install/ur_controllers/include/ur_controllers/force_mode_controller_parameters.hpp
[0.285s] -- Up-to-date: /home/bryant/ws/install/ur_controllers/include/ur_controllers/speed_scaling_state_broadcaster_parameters.hpp
[0.285s] -- Up-to-date: /home/bryant/ws/install/ur_controllers/include/ur_controllers/ur_configuration_controller_parameters.hpp
[0.285s] -- Up-to-date: /home/bryant/ws/install/ur_controllers/include/ur_controllers/passthrough_trajectory_controller_parameters.hpp
[0.285s] -- Up-to-date: /home/bryant/ws/install/ur_controllers/include/ur_controllers/gpio_controller_parameters.hpp
[0.285s] -- Up-to-date: /home/bryant/ws/install/ur_controllers/include/ur_controllers/scaled_joint_trajectory_controller_parameters.hpp
[0.285s] -- Up-to-date: /home/bryant/ws/install/ur_controllers/include/ur_controllers
[0.286s] -- Up-to-date: /home/bryant/ws/install/ur_controllers/include/ur_controllers/freedrive_mode_controller_parameters.hpp
[0.286s] -- Up-to-date: /home/bryant/ws/install/ur_controllers/include/ur_controllers/force_mode_controller_parameters.hpp
[0.286s] -- Up-to-date: /home/bryant/ws/install/ur_controllers/include/ur_controllers/speed_scaling_state_broadcaster_parameters.hpp
[0.286s] -- Up-to-date: /home/bryant/ws/install/ur_controllers/include/ur_controllers/ur_configuration_controller_parameters.hpp
[0.286s] -- Up-to-date: /home/bryant/ws/install/ur_controllers/include/ur_controllers/passthrough_trajectory_controller_parameters.hpp
[0.286s] -- Up-to-date: /home/bryant/ws/install/ur_controllers/include/ur_controllers/gpio_controller_parameters.hpp
[0.286s] -- Up-to-date: /home/bryant/ws/install/ur_controllers/include/ur_controllers/scaled_joint_trajectory_controller_parameters.hpp
[0.286s] -- Up-to-date: /home/bryant/ws/install/ur_controllers/share/ur_controllers/controller_plugins.xml
[0.286s] -- Up-to-date: /home/bryant/ws/install/ur_controllers/lib/libur_controllers.so
[0.287s] -- Up-to-date: /home/bryant/ws/install/ur_controllers/include
[0.287s] -- Up-to-date: /home/bryant/ws/install/ur_controllers/include/ur_controllers
[0.287s] -- Up-to-date: /home/bryant/ws/install/ur_controllers/include/ur_controllers/freedrive_mode_controller.hpp
[0.287s] -- Up-to-date: /home/bryant/ws/install/ur_controllers/include/ur_controllers/force_mode_controller.hpp
[0.287s] -- Up-to-date: /home/bryant/ws/install/ur_controllers/include/ur_controllers/gpio_controller.hpp
[0.287s] -- Up-to-date: /home/bryant/ws/install/ur_controllers/include/ur_controllers/passthrough_trajectory_controller.hpp
[0.287s] -- Up-to-date: /home/bryant/ws/install/ur_controllers/include/ur_controllers/speed_scaling_state_broadcaster.hpp
[0.287s] -- Up-to-date: /home/bryant/ws/install/ur_controllers/include/ur_controllers/ur_configuration_controller.hpp
[0.287s] -- Up-to-date: /home/bryant/ws/install/ur_controllers/include/ur_controllers/scaled_joint_trajectory_controller.hpp
[0.287s] -- Up-to-date: /home/bryant/ws/install/ur_controllers/share/ur_controllers/controller_plugins.xml
[0.287s] -- Up-to-date: /home/bryant/ws/install/ur_controllers/share/ur_controllers/environment/library_path.sh
[0.287s] -- Up-to-date: /home/bryant/ws/install/ur_controllers/share/ur_controllers/environment/library_path.dsv
[0.287s] -- Up-to-date: /home/bryant/ws/install/ur_controllers/share/ament_index/resource_index/package_run_dependencies/ur_controllers
[0.287s] -- Up-to-date: /home/bryant/ws/install/ur_controllers/share/ament_index/resource_index/parent_prefix_path/ur_controllers
[0.287s] -- Up-to-date: /home/bryant/ws/install/ur_controllers/share/ur_controllers/environment/ament_prefix_path.sh
[0.287s] -- Up-to-date: /home/bryant/ws/install/ur_controllers/share/ur_controllers/environment/ament_prefix_path.dsv
[0.287s] -- Up-to-date: /home/bryant/ws/install/ur_controllers/share/ur_controllers/environment/path.sh
[0.287s] -- Up-to-date: /home/bryant/ws/install/ur_controllers/share/ur_controllers/environment/path.dsv
[0.287s] -- Up-to-date: /home/bryant/ws/install/ur_controllers/share/ur_controllers/local_setup.bash
[0.288s] -- Up-to-date: /home/bryant/ws/install/ur_controllers/share/ur_controllers/local_setup.sh
[0.288s] -- Up-to-date: /home/bryant/ws/install/ur_controllers/share/ur_controllers/local_setup.zsh
[0.288s] -- Up-to-date: /home/bryant/ws/install/ur_controllers/share/ur_controllers/local_setup.dsv
[0.288s] -- Installing: /home/bryant/ws/install/ur_controllers/share/ur_controllers/package.dsv
[0.288s] -- Up-to-date: /home/bryant/ws/install/ur_controllers/share/ament_index/resource_index/packages/ur_controllers
[0.288s] -- Up-to-date: /home/bryant/ws/install/ur_controllers/share/ament_index/resource_index/controller_interface__pluginlib__plugin/ur_controllers
[0.288s] -- Up-to-date: /home/bryant/ws/install/ur_controllers/share/ur_controllers/cmake/ament_cmake_export_dependencies-extras.cmake
[0.289s] -- Up-to-date: /home/bryant/ws/install/ur_controllers/share/ur_controllers/cmake/ament_cmake_export_include_directories-extras.cmake
[0.289s] -- Up-to-date: /home/bryant/ws/install/ur_controllers/share/ur_controllers/cmake/ament_cmake_export_libraries-extras.cmake
[0.290s] -- Up-to-date: /home/bryant/ws/install/ur_controllers/share/ur_controllers/cmake/ur_controllersConfig.cmake
[0.290s] -- Up-to-date: /home/bryant/ws/install/ur_controllers/share/ur_controllers/cmake/ur_controllersConfig-version.cmake
[0.290s] -- Up-to-date: /home/bryant/ws/install/ur_controllers/share/ur_controllers/package.xml
[0.292s] Invoked command in '/home/bryant/ws/build/ur_controllers' returned '0': CMAKE_PREFIX_PATH=/home/bryant/ws/install/ur_dashboard_msgs:/home/bryant/ws/install/weld_path_planner:/home/bryant/ws/install/ur_simulation_gazebo:/home/bryant/ws/install/ur:/home/bryant/ws/install/ur_calibration:/home/bryant/ws/install/ur_robot_driver:/home/bryant/ws/install/ur_moveit_config:/home/bryant/ws/install/ur_bringup:/home/bryant/ws/install/ur_description:/home/bryant/ws/install/ur_controllers:/opt/ros/humble LD_LIBRARY_PATH=/home/bryant/ws/install/ur_dashboard_msgs/lib:/home/bryant/ws/install/ur_robot_driver/lib:/home/bryant/ws/install/ur_controllers/lib:/usr/lib/x86_64-linux-gnu/gazebo-11/plugins:/opt/ros/humble/opt/rviz_ogre_vendor/lib:/opt/ros/humble/lib/x86_64-linux-gnu:/opt/ros/humble/lib /usr/bin/cmake --install /home/bryant/ws/build/ur_controllers
